2017-03-09 14:01:45.734 877  [main] INFO  c.f.b.s.ApplicationEventListener- 初始化环境变量......
2017-03-09 14:01:45.856 999  [main] INFO  com.feedss.FeedssApplication- Starting FeedssApplication on localhost with PID 74613 (/Users/zhouyujuan/Documents/dev/code/workspace-neon/feedss/target/classes started by zhouyujuan in /Users/zhouyujuan/Documents/dev/code/workspace-neon/feedss)
2017-03-09 14:01:45.856 999  [main] DEBUG com.feedss.FeedssApplication- Running with Spring Boot v1.4.2.RELEASE, Spring v4.3.4.RELEASE
2017-03-09 14:01:45.857 1000 [main] INFO  com.feedss.FeedssApplication- The following profiles are active: sc
2017-03-09 14:01:46.132 1275 [main] INFO  c.f.b.s.ApplicationEventListener- 初始化完成......
2017-03-09 14:02:20.129 35272 [main] INFO  c.f.base.util.conf.ConfigureUtil- ConfigureUtil...
2017-03-09 14:02:20.795 35938 [main] INFO  c.f.c.q.GenerateTLSSignatureUtil- init GenerateTLSSignatureUtil...
2017-03-09 14:02:20.882 36025 [main] INFO  c.f.c.qcloud.QCloudMessageUtil- init QCloudMessageUtil...
2017-03-09 14:02:20.912 36055 [main] INFO  c.f.c.qcloud.QCloudMessageUtil- ========requestUrl = https://console.tim.qq.com/v4/openim/im_set_attr_name?sdkappid=1400025235&identifier=admin&usersig=eJxFkF1PwjAUhv-LbjXStWtWTLyYQPwAZgzMMG*a0nZ4MjbK2hEc8b87mxFvnycn7-ueS7BerO6EMaC4cJw0KrgPUHDrsT4baDQXhdNNj0NKKUboak*6sXCoe4FRSENMEPqXoHTtoAB-KFQF9SAs7HqynGWTl2fsNnL7qCM7X7RVJPLXTVtU6zhpYzvSZa1G5Dju3o9PE5vALNlNTylOlLiZf0z1crXfM-aZnrNxKbddh20uU-P1lhMTZ9nDNUyV3G-7ax-17TDFhA7SQaU9ZzELGSVs4ELKQ1s77r6N9s-4*QXfGVgt&contenttype=json&random=884237960
2017-03-09 14:02:20.969 36112 [main] INFO  com.feedss.base.util.HttpUtil- request url:https://console.tim.qq.com/v4/openim/im_set_attr_name?sdkappid=1400025235&identifier=admin&usersig=eJxFkF1PwjAUhv-LbjXStWtWTLyYQPwAZgzMMG*a0nZ4MjbK2hEc8b87mxFvnycn7-ueS7BerO6EMaC4cJw0KrgPUHDrsT4baDQXhdNNj0NKKUboak*6sXCoe4FRSENMEPqXoHTtoAB-KFQF9SAs7HqynGWTl2fsNnL7qCM7X7RVJPLXTVtU6zhpYzvSZa1G5Dju3o9PE5vALNlNTylOlLiZf0z1crXfM-aZnrNxKbddh20uU-P1lhMTZ9nDNUyV3G-7ax-17TDFhA7SQaU9ZzELGSVs4ELKQ1s77r6N9s-4*QXfGVgt&contenttype=json&random=884237960, params:{"AttrNames":{"0":"group","1":"id"}}
2017-03-09 14:02:22.488 37631 [main] INFO  com.feedss.base.util.HttpUtil- response:{"ActionStatus":"OK","ErrorInfo":"","ErrorCode":0}
2017-03-09 14:02:22.550 37693 [main] INFO  c.f.c.qcloud.QCloudMessageUtil- Header:{Content-Type=[application/json;charset=UTF-8], Accept=[application/json;charset=UTF-8], Accept-Charset=[utf-8]}
2017-03-09 14:02:22.654 37797 [main] INFO  c.f.c.qcloud.QCloudMessageUtil- ========requestUrl = https://console.tim.qq.com/v4/im_open_login_svc/account_import?sdkappid=1400025235&identifier=admin&usersig=eJxFkF1PwjAUhv-LbjXStWtWTLyYQPwAZgzMMG*a0nZ4MjbK2hEc8b87mxFvnycn7-ueS7BerO6EMaC4cJw0KrgPUHDrsT4baDQXhdNNj0NKKUboak*6sXCoe4FRSENMEPqXoHTtoAB-KFQF9SAs7HqynGWTl2fsNnL7qCM7X7RVJPLXTVtU6zhpYzvSZa1G5Dju3o9PE5vALNlNTylOlLiZf0z1crXfM-aZnrNxKbddh20uU-P1lhMTZ9nDNUyV3G-7ax-17TDFhA7SQaU9ZzELGSVs4ELKQ1s77r6N9s-4*QXfGVgt&contenttype=json&random=780164040
2017-03-09 14:02:24.521 39664 [main] INFO  c.f.c.qcloud.QCloudMessageUtil- import user to qcloud, req = {"Identifier":"nosessionAccount","Nick":"","FaceUrl":""}, resp = {"ActionStatus":"OK","ErrorInfo":"","ErrorCode":0}
2017-03-09 14:02:24.526 39669 [main] INFO  c.f.c.qcloud.QCloudMessageUtil- Header:{Content-Type=[application/json;charset=UTF-8], Accept=[application/json;charset=UTF-8], Accept-Charset=[utf-8]}
2017-03-09 14:02:24.531 39674 [main] INFO  c.f.c.qcloud.QCloudMessageUtil- ========requestUrl = https://console.tim.qq.com/v4/im_open_login_svc/account_import?sdkappid=1400025235&identifier=admin&usersig=eJxFkF1PwjAUhv-LbjXStWtWTLyYQPwAZgzMMG*a0nZ4MjbK2hEc8b87mxFvnycn7-ueS7BerO6EMaC4cJw0KrgPUHDrsT4baDQXhdNNj0NKKUboak*6sXCoe4FRSENMEPqXoHTtoAB-KFQF9SAs7HqynGWTl2fsNnL7qCM7X7RVJPLXTVtU6zhpYzvSZa1G5Dju3o9PE5vALNlNTylOlLiZf0z1crXfM-aZnrNxKbddh20uU-P1lhMTZ9nDNUyV3G-7ax-17TDFhA7SQaU9ZzELGSVs4ELKQ1s77r6N9s-4*QXfGVgt&contenttype=json&random=252077397
2017-03-09 14:02:26.467 41610 [main] INFO  c.f.c.qcloud.QCloudMessageUtil- import user to qcloud, req = {"Identifier":"systemMessageAccount","Nick":"系统消息","FaceUrl":"http://image.sc.feedss.com/icon/system.png"}, resp = {"ActionStatus":"OK","ErrorInfo":"","ErrorCode":0}
2017-03-09 14:02:30.308 45451 [main] INFO  c.f.b.s.ApplicationEventListener- 应用刷新......
2017-03-09 14:02:30.388 45531 [main] INFO  c.f.b.s.ApplicationEventListener- 应用已启动完成......
2017-03-09 14:02:30.401 45544 [main] INFO  c.f.u.service.impl.UserServiceImpl- ini admin...
2017-03-09 14:02:30.418 45561 [main] INFO  c.f.u.service.impl.UserServiceImpl- admin has exist...
2017-03-09 14:02:30.418 45561 [main] INFO  com.feedss.FeedssApplication- Started FeedssApplication in 45.102 seconds (JVM running for 45.83)
2017-03-09 14:02:59.999 75142 [pool-3-thread-1] DEBUG com.feedss.content.task.RoomTask- 监控Room在线状态....
2017-03-09 14:03:00.049 75192 [pool-3-thread-1] INFO  c.f.c.monitor.impl.RoomListeners- 主播房间stream：[4b2ddd24-2c9b-48b7-a739-4740f45e9763]不存在
2017-03-09 14:03:00.058 75201 [pool-3-thread-1] INFO  c.f.c.monitor.impl.RoomListeners- 主播房间stream：[c5e4460c-e9d2-43c6-b6e3-dded0a68c01f]不存在
2017-03-09 14:03:00.067 75210 [pool-3-thread-1] INFO  c.f.c.monitor.impl.RoomListeners- 主播房间stream：[b488efcc-41c1-44c0-8922-1aadb4be167d]不存在
2017-03-09 14:03:00.067 75210 [pool-3-thread-1] DEBUG com.feedss.content.task.StreamTask- 监控stream状态....
2017-03-09 14:03:00.086 75229 [pool-3-thread-1] INFO  com.feedss.user.task.ProductTask- ******************Receive Gift Start*********************
2017-03-09 14:03:00.131 75274 [pool-3-thread-1] INFO  com.feedss.user.task.ProductTask- ******************Receive Gift End*********************
2017-03-09 14:03:00.131 75274 [pool-3-thread-1] INFO  c.f.base.util.conf.ConfigureUtil- >>>>>>>>>>>>> load config ... Thu Mar 09 14:03:00 CST 2017
2017-03-09 14:03:04.999 80142 [pool-3-thread-1] INFO  com.feedss.user.task.HostListTask- ******************host list refresh start*********************
2017-03-09 14:03:05.094 80237 [pool-3-thread-1] INFO  com.feedss.user.task.HostListTask- ******************host list refresh end*********************
2017-03-09 14:03:59.998 135141 [pool-3-thread-1] DEBUG c.feedss.content.task.AudienceTask- 监控room观众在线状态....
2017-03-09 14:04:00.136 135279 [pool-3-thread-1] INFO  com.feedss.user.task.ProductTask- ******************Receive Gift Start*********************
2017-03-09 14:04:00.169 135312 [pool-3-thread-1] INFO  com.feedss.user.task.ProductTask- ******************Receive Gift End*********************
2017-03-09 14:04:00.169 135312 [pool-3-thread-1] DEBUG com.feedss.content.task.StreamTask- 监控stream状态....
2017-03-09 14:04:00.177 135320 [pool-3-thread-1] INFO  c.f.base.util.conf.ConfigureUtil- >>>>>>>>>>>>> load config ... Thu Mar 09 14:04:00 CST 2017
2017-03-09 14:04:05.002 140145 [pool-3-thread-1] INFO  com.feedss.user.task.HostListTask- ******************host list refresh start*********************
2017-03-09 14:04:05.026 140169 [pool-3-thread-1] INFO  com.feedss.user.task.HostListTask- ******************host list refresh end*********************
2017-03-09 14:04:59.999 195142 [pool-3-thread-1] DEBUG c.f.content.task.CategoryStreamTask- 更新分类下统计直播间和回放数量....
2017-03-09 14:05:00.396 195539 [pool-3-thread-1] INFO  c.f.base.util.conf.ConfigureUtil- >>>>>>>>>>>>> load config ... Thu Mar 09 14:05:00 CST 2017
2017-03-09 14:05:00.462 195605 [pool-3-thread-1] INFO  com.feedss.user.task.ProductTask- ******************Receive Gift Start*********************
2017-03-09 14:05:00.492 195635 [pool-3-thread-1] INFO  com.feedss.user.task.ProductTask- ******************Receive Gift End*********************
2017-03-09 14:05:00.492 195635 [pool-3-thread-1] DEBUG com.feedss.content.task.StreamTask- 监控stream状态....
2017-03-09 14:05:04.998 200141 [pool-3-thread-1] INFO  com.feedss.user.task.HostListTask- ******************host list refresh start*********************
2017-03-09 14:05:05.023 200166 [pool-3-thread-1] INFO  com.feedss.user.task.HostListTask- ******************host list refresh end*********************
2017-03-09 14:05:59.998 255141 [pool-3-thread-1] DEBUG com.feedss.content.task.RoomTask- 监控Room在线状态....
2017-03-09 14:06:00.015 255158 [pool-3-thread-1] INFO  c.f.c.monitor.impl.RoomListeners- 主播房间stream：[cd8381bb-2296-4be1-95e1-9df2a0bd0438]不存在
2017-03-09 14:06:00.016 255159 [pool-3-thread-1] DEBUG c.feedss.content.task.AudienceTask- 监控room观众在线状态....
2017-03-09 14:06:00.075 255218 [pool-3-thread-1] DEBUG com.feedss.content.task.StreamTask- 监控stream状态....
2017-03-09 14:06:00.084 255227 [pool-3-thread-1] INFO  c.f.base.util.conf.ConfigureUtil- >>>>>>>>>>>>> load config ... Thu Mar 09 14:06:00 CST 2017
2017-03-09 14:06:00.146 255289 [pool-3-thread-1] INFO  com.feedss.user.task.ProductTask- ******************Receive Gift Start*********************
2017-03-09 14:06:00.176 255319 [pool-3-thread-1] INFO  com.feedss.user.task.ProductTask- ******************Receive Gift End*********************
2017-03-09 14:06:05.003 260146 [pool-3-thread-1] INFO  com.feedss.user.task.HostListTask- ******************host list refresh start*********************
2017-03-09 14:06:05.029 260172 [pool-3-thread-1] INFO  com.feedss.user.task.HostListTask- ******************host list refresh end*********************
2017-03-09 14:07:00.003 315146 [pool-3-thread-1] INFO  com.feedss.user.task.ProductTask- ******************Receive Gift Start*********************
2017-03-09 14:07:00.046 315189 [pool-3-thread-1] INFO  com.feedss.user.task.ProductTask- ******************Receive Gift End*********************
2017-03-09 14:07:00.046 315189 [pool-3-thread-1] INFO  c.f.base.util.conf.ConfigureUtil- >>>>>>>>>>>>> load config ... Thu Mar 09 14:07:00 CST 2017
2017-03-09 14:07:00.129 315272 [pool-3-thread-1] DEBUG com.feedss.content.task.StreamTask- 监控stream状态....
2017-03-09 14:07:05.003 320146 [pool-3-thread-1] INFO  com.feedss.user.task.HostListTask- ******************host list refresh start*********************
2017-03-09 14:07:05.031 320174 [pool-3-thread-1] INFO  com.feedss.user.task.HostListTask- ******************host list refresh end*********************
2017-03-09 14:07:05.064 320207 [http-nio-8188-exec-7] INFO  com.feedss.base.util.RedisUtil- cachekey = TOKENf9e2d6c8ca804a59aaa844a3ad54b5b1
2017-03-09 14:07:05.065 320208 [http-nio-8188-exec-7] INFO  c.f.u.service.impl.UserServiceImpl- generate token, ec0ae05cdefe77c4c997d4dc0d89ac72
2017-03-09 14:07:05.087 320230 [http-nio-8188-exec-8] INFO  com.feedss.base.util.RedisUtil- cachekey = TOKENf9e2d6c8ca804a59aaa844a3ad54b5b1
2017-03-09 14:07:08.923 324066 [http-nio-8188-exec-7] INFO  com.feedss.base.util.RedisUtil- cachekey = TOKENf9e2d6c8ca804a59aaa844a3ad54b5b1
2017-03-09 14:07:25.953 341096 [http-nio-8188-exec-8] INFO  com.feedss.base.util.RedisUtil- cachekey = TOKENf9e2d6c8ca804a59aaa844a3ad54b5b1
2017-03-09 14:07:53.184 368327 [Thread-7] INFO  c.f.b.s.ApplicationEventListener- 应用关闭......
2017-03-09 14:08:03.897 662  [main] INFO  c.f.b.s.ApplicationEventListener- 初始化环境变量......
2017-03-09 14:08:04.006 771  [main] INFO  com.feedss.FeedssApplication- Starting FeedssApplication on localhost with PID 74714 (/Users/zhouyujuan/Documents/dev/code/workspace-neon/feedss/target/classes started by zhouyujuan in /Users/zhouyujuan/Documents/dev/code/workspace-neon/feedss)
2017-03-09 14:08:04.006 771  [main] DEBUG com.feedss.FeedssApplication- Running with Spring Boot v1.4.2.RELEASE, Spring v4.3.4.RELEASE
2017-03-09 14:08:04.006 771  [main] INFO  com.feedss.FeedssApplication- The following profiles are active: sc
2017-03-09 14:08:04.263 1028 [main] INFO  c.f.b.s.ApplicationEventListener- 初始化完成......
2017-03-09 14:08:36.066 32831 [main] INFO  c.f.base.util.conf.ConfigureUtil- ConfigureUtil...
2017-03-09 14:08:36.667 33432 [main] INFO  c.f.c.q.GenerateTLSSignatureUtil- init GenerateTLSSignatureUtil...
2017-03-09 14:08:36.672 33437 [main] INFO  c.f.c.qcloud.QCloudMessageUtil- init QCloudMessageUtil...
2017-03-09 14:08:36.732 33497 [main] INFO  c.f.c.qcloud.QCloudMessageUtil- ========requestUrl = https://console.tim.qq.com/v4/openim/im_set_attr_name?sdkappid=1400025235&identifier=admin&usersig=eJxFkF1PwjAUhv-LbjXStWtWTLyYQPwAZgzMMG*a0nZ4MjbK2hEc8b87mxFvnycn7-ueS7BerO6EMaC4cJw0KrgPUHDrsT4baDQXhdNNj0NKKUboak*6sXCoe4FRSENMEPqXoHTtoAB-KFQF9SAs7HqynGWTl2fsNnL7qCM7X7RVJPLXTVtU6zhpYzvSZa1G5Dju3o9PE5vALNlNTylOlLiZf0z1crXfM-aZnrNxKbddh20uU-P1lhMTZ9nDNUyV3G-7ax-17TDFhA7SQaU9ZzELGSVs4ELKQ1s77r6N9s-4*QXfGVgt&contenttype=json&random=566374560
2017-03-09 14:08:36.779 33544 [main] INFO  com.feedss.base.util.HttpUtil- request url:https://console.tim.qq.com/v4/openim/im_set_attr_name?sdkappid=1400025235&identifier=admin&usersig=eJxFkF1PwjAUhv-LbjXStWtWTLyYQPwAZgzMMG*a0nZ4MjbK2hEc8b87mxFvnycn7-ueS7BerO6EMaC4cJw0KrgPUHDrsT4baDQXhdNNj0NKKUboak*6sXCoe4FRSENMEPqXoHTtoAB-KFQF9SAs7HqynGWTl2fsNnL7qCM7X7RVJPLXTVtU6zhpYzvSZa1G5Dju3o9PE5vALNlNTylOlLiZf0z1crXfM-aZnrNxKbddh20uU-P1lhMTZ9nDNUyV3G-7ax-17TDFhA7SQaU9ZzELGSVs4ELKQ1s77r6N9s-4*QXfGVgt&contenttype=json&random=566374560, params:{"AttrNames":{"0":"group","1":"id"}}
2017-03-09 14:08:37.715 34480 [main] INFO  com.feedss.base.util.HttpUtil- response:{"ActionStatus":"OK","ErrorInfo":"","ErrorCode":0}
2017-03-09 14:08:37.746 34511 [main] INFO  c.f.c.qcloud.QCloudMessageUtil- Header:{Content-Type=[application/json;charset=UTF-8], Accept=[application/json;charset=UTF-8], Accept-Charset=[utf-8]}
2017-03-09 14:08:37.853 34618 [main] INFO  c.f.c.qcloud.QCloudMessageUtil- ========requestUrl = https://console.tim.qq.com/v4/im_open_login_svc/account_import?sdkappid=1400025235&identifier=admin&usersig=eJxFkF1PwjAUhv-LbjXStWtWTLyYQPwAZgzMMG*a0nZ4MjbK2hEc8b87mxFvnycn7-ueS7BerO6EMaC4cJw0KrgPUHDrsT4baDQXhdNNj0NKKUboak*6sXCoe4FRSENMEPqXoHTtoAB-KFQF9SAs7HqynGWTl2fsNnL7qCM7X7RVJPLXTVtU6zhpYzvSZa1G5Dju3o9PE5vALNlNTylOlLiZf0z1crXfM-aZnrNxKbddh20uU-P1lhMTZ9nDNUyV3G-7ax-17TDFhA7SQaU9ZzELGSVs4ELKQ1s77r6N9s-4*QXfGVgt&contenttype=json&random=456417163
2017-03-09 14:08:38.425 35190 [main] INFO  c.f.c.qcloud.QCloudMessageUtil- import user to qcloud, req = {"Identifier":"nosessionAccount","Nick":"","FaceUrl":""}, resp = {"ActionStatus":"OK","ErrorInfo":"","ErrorCode":0}
2017-03-09 14:08:38.430 35195 [main] INFO  c.f.c.qcloud.QCloudMessageUtil- Header:{Content-Type=[application/json;charset=UTF-8], Accept=[application/json;charset=UTF-8], Accept-Charset=[utf-8]}
2017-03-09 14:08:38.436 35201 [main] INFO  c.f.c.qcloud.QCloudMessageUtil- ========requestUrl = https://console.tim.qq.com/v4/im_open_login_svc/account_import?sdkappid=1400025235&identifier=admin&usersig=eJxFkF1PwjAUhv-LbjXStWtWTLyYQPwAZgzMMG*a0nZ4MjbK2hEc8b87mxFvnycn7-ueS7BerO6EMaC4cJw0KrgPUHDrsT4baDQXhdNNj0NKKUboak*6sXCoe4FRSENMEPqXoHTtoAB-KFQF9SAs7HqynGWTl2fsNnL7qCM7X7RVJPLXTVtU6zhpYzvSZa1G5Dju3o9PE5vALNlNTylOlLiZf0z1crXfM-aZnrNxKbddh20uU-P1lhMTZ9nDNUyV3G-7ax-17TDFhA7SQaU9ZzELGSVs4ELKQ1s77r6N9s-4*QXfGVgt&contenttype=json&random=605488635
2017-03-09 14:08:39.004 35769 [main] INFO  c.f.c.qcloud.QCloudMessageUtil- import user to qcloud, req = {"Identifier":"systemMessageAccount","Nick":"系统消息","FaceUrl":"http://image.sc.feedss.com/icon/system.png"}, resp = {"ActionStatus":"OK","ErrorInfo":"","ErrorCode":0}
2017-03-09 14:08:43.219 39984 [main] INFO  c.f.b.s.ApplicationEventListener- 应用刷新......
2017-03-09 14:08:43.297 40062 [main] INFO  c.f.b.s.ApplicationEventListener- 应用已启动完成......
2017-03-09 14:08:43.310 40075 [main] INFO  c.f.u.service.impl.UserServiceImpl- ini admin...
2017-03-09 14:08:43.328 40093 [main] INFO  c.f.u.service.impl.UserServiceImpl- admin has exist...
2017-03-09 14:08:43.330 40095 [main] INFO  com.feedss.FeedssApplication- Started FeedssApplication in 39.757 seconds (JVM running for 40.295)
2017-03-09 14:09:00.003 56768 [pool-2-thread-1] DEBUG com.feedss.content.task.RoomTask- 监控Room在线状态....
2017-03-09 14:09:00.056 56821 [pool-2-thread-1] INFO  c.f.c.monitor.impl.RoomListeners- 主播房间stream：[4b2ddd24-2c9b-48b7-a739-4740f45e9763]不存在
2017-03-09 14:09:00.065 56830 [pool-2-thread-1] INFO  c.f.c.monitor.impl.RoomListeners- 主播房间stream：[c5e4460c-e9d2-43c6-b6e3-dded0a68c01f]不存在
2017-03-09 14:09:00.074 56839 [pool-2-thread-1] INFO  c.f.c.monitor.impl.RoomListeners- 主播房间stream：[b488efcc-41c1-44c0-8922-1aadb4be167d]不存在
2017-03-09 14:09:00.074 56839 [pool-2-thread-1] DEBUG com.feedss.content.task.StreamTask- 监控stream状态....
2017-03-09 14:09:00.094 56859 [pool-2-thread-1] INFO  c.f.base.util.conf.ConfigureUtil- >>>>>>>>>>>>> load config ... Thu Mar 09 14:09:00 CST 2017
2017-03-09 14:09:00.186 56951 [pool-2-thread-1] INFO  com.feedss.user.task.ProductTask- ******************Receive Gift Start*********************
2017-03-09 14:09:00.225 56990 [pool-2-thread-1] INFO  com.feedss.user.task.ProductTask- ******************Receive Gift End*********************
2017-03-09 14:09:03.260 60025 [http-nio-8188-exec-8] INFO  com.feedss.base.util.RedisUtil- cachekey = TOKENf9e2d6c8ca804a59aaa844a3ad54b5b1
2017-03-09 14:09:03.283 60048 [http-nio-8188-exec-9] INFO  com.feedss.base.util.RedisUtil- cachekey = TOKENf9e2d6c8ca804a59aaa844a3ad54b5b1
2017-03-09 14:09:05.003 61768 [pool-2-thread-1] INFO  com.feedss.user.task.HostListTask- ******************host list refresh start*********************
2017-03-09 14:09:05.026 61791 [pool-2-thread-1] INFO  com.feedss.user.task.HostListTask- ******************host list refresh end*********************
2017-03-09 14:09:05.889 62654 [http-nio-8188-exec-10] INFO  com.feedss.base.util.RedisUtil- cachekey = TOKENf9e2d6c8ca804a59aaa844a3ad54b5b1
2017-03-09 14:10:00.001 116766 [pool-2-thread-1] DEBUG com.feedss.content.task.StreamTask- 监控stream状态....
2017-03-09 14:10:00.020 116785 [pool-2-thread-1] DEBUG c.feedss.content.task.AudienceTask- 监控room观众在线状态....
2017-03-09 14:10:00.144 116909 [pool-2-thread-1] DEBUG c.f.content.task.CategoryStreamTask- 更新分类下统计直播间和回放数量....
2017-03-09 14:10:00.514 117279 [pool-2-thread-1] INFO  com.feedss.user.task.ProductTask- ******************Receive Gift Start*********************
2017-03-09 14:10:00.542 117307 [pool-2-thread-1] INFO  com.feedss.user.task.ProductTask- ******************Receive Gift End*********************
2017-03-09 14:10:00.550 117315 [pool-2-thread-1] INFO  c.f.base.util.conf.ConfigureUtil- >>>>>>>>>>>>> load config ... Thu Mar 09 14:10:00 CST 2017
2017-03-09 14:10:05.003 121768 [pool-2-thread-1] INFO  com.feedss.user.task.HostListTask- ******************host list refresh start*********************
2017-03-09 14:10:05.028 121793 [pool-2-thread-1] INFO  com.feedss.user.task.HostListTask- ******************host list refresh end*********************
2017-03-09 14:10:59.999 176764 [pool-2-thread-1] DEBUG com.feedss.content.task.StreamTask- 监控stream状态....
2017-03-09 14:11:00.024 176789 [pool-2-thread-1] INFO  com.feedss.user.task.ProductTask- ******************Receive Gift Start*********************
2017-03-09 14:11:00.053 176818 [pool-2-thread-1] INFO  com.feedss.user.task.ProductTask- ******************Receive Gift End*********************
2017-03-09 14:11:00.053 176818 [pool-2-thread-1] INFO  c.f.base.util.conf.ConfigureUtil- >>>>>>>>>>>>> load config ... Thu Mar 09 14:11:00 CST 2017
2017-03-09 14:11:05.000 181765 [pool-2-thread-1] INFO  com.feedss.user.task.HostListTask- ******************host list refresh start*********************
2017-03-09 14:11:05.025 181790 [pool-2-thread-1] INFO  com.feedss.user.task.HostListTask- ******************host list refresh end*********************
2017-03-09 14:11:59.999 236764 [pool-2-thread-1] DEBUG com.feedss.content.task.RoomTask- 监控Room在线状态....
2017-03-09 14:12:00.015 236780 [pool-2-thread-1] INFO  c.f.c.monitor.impl.RoomListeners- 主播房间stream：[cd8381bb-2296-4be1-95e1-9df2a0bd0438]不存在
2017-03-09 14:12:00.016 236781 [pool-2-thread-1] DEBUG c.feedss.content.task.AudienceTask- 监控room观众在线状态....
2017-03-09 14:12:00.076 236841 [pool-2-thread-1] INFO  com.feedss.user.task.ProductTask- ******************Receive Gift Start*********************
2017-03-09 14:12:00.105 236870 [pool-2-thread-1] INFO  com.feedss.user.task.ProductTask- ******************Receive Gift End*********************
2017-03-09 14:12:00.105 236870 [pool-2-thread-1] INFO  c.f.base.util.conf.ConfigureUtil- >>>>>>>>>>>>> load config ... Thu Mar 09 14:12:00 CST 2017
2017-03-09 14:12:00.171 236936 [pool-2-thread-1] DEBUG com.feedss.content.task.StreamTask- 监控stream状态....
2017-03-09 14:12:05.000 241765 [pool-2-thread-1] INFO  com.feedss.user.task.HostListTask- ******************host list refresh start*********************
2017-03-09 14:12:05.025 241790 [pool-2-thread-1] INFO  com.feedss.user.task.HostListTask- ******************host list refresh end*********************
2017-03-09 14:13:00.003 296768 [pool-2-thread-1] INFO  com.feedss.user.task.ProductTask- ******************Receive Gift Start*********************
2017-03-09 14:13:00.043 296808 [pool-2-thread-1] INFO  com.feedss.user.task.ProductTask- ******************Receive Gift End*********************
2017-03-09 14:13:00.044 296809 [pool-2-thread-1] INFO  c.f.base.util.conf.ConfigureUtil- >>>>>>>>>>>>> load config ... Thu Mar 09 14:13:00 CST 2017
2017-03-09 14:13:00.103 296868 [pool-2-thread-1] DEBUG com.feedss.content.task.StreamTask- 监控stream状态....
2017-03-09 14:13:05.002 301767 [pool-2-thread-1] INFO  com.feedss.user.task.HostListTask- ******************host list refresh start*********************
2017-03-09 14:13:05.027 301792 [pool-2-thread-1] INFO  com.feedss.user.task.HostListTask- ******************host list refresh end*********************
2017-03-09 14:13:59.999 356764 [pool-2-thread-1] DEBUG c.feedss.content.task.AudienceTask- 监控room观众在线状态....
2017-03-09 14:14:00.061 356826 [pool-2-thread-1] DEBUG com.feedss.content.task.StreamTask- 监控stream状态....
2017-03-09 14:14:00.070 356835 [pool-2-thread-1] INFO  com.feedss.user.task.ProductTask- ******************Receive Gift Start*********************
2017-03-09 14:14:00.098 356863 [pool-2-thread-1] INFO  com.feedss.user.task.ProductTask- ******************Receive Gift End*********************
2017-03-09 14:14:00.099 356864 [pool-2-thread-1] INFO  c.f.base.util.conf.ConfigureUtil- >>>>>>>>>>>>> load config ... Thu Mar 09 14:14:00 CST 2017
2017-03-09 14:14:05.004 361769 [pool-2-thread-1] INFO  com.feedss.user.task.HostListTask- ******************host list refresh start*********************
2017-03-09 14:14:05.028 361793 [pool-2-thread-1] INFO  com.feedss.user.task.HostListTask- ******************host list refresh end*********************
2017-03-09 14:18:50.576 577  [main] INFO  c.f.b.s.ApplicationEventListener- 初始化环境变量......
2017-03-09 14:18:50.657 658  [main] INFO  com.feedss.FeedssApplication- Starting FeedssApplication on localhost with PID 74879 (/Users/zhouyujuan/Documents/dev/code/workspace-neon/feedss/target/classes started by zhouyujuan in /Users/zhouyujuan/Documents/dev/code/workspace-neon/feedss)
2017-03-09 14:18:50.657 658  [main] DEBUG com.feedss.FeedssApplication- Running with Spring Boot v1.4.2.RELEASE, Spring v4.3.4.RELEASE
2017-03-09 14:18:50.657 658  [main] INFO  com.feedss.FeedssApplication- The following profiles are active: sc
2017-03-09 14:18:50.877 878  [main] INFO  c.f.b.s.ApplicationEventListener- 初始化完成......
2017-03-09 14:19:23.059 33060 [main] INFO  c.f.base.util.conf.ConfigureUtil- ConfigureUtil...
2017-03-09 14:19:23.690 33691 [main] INFO  c.f.c.q.GenerateTLSSignatureUtil- init GenerateTLSSignatureUtil...
2017-03-09 14:19:23.694 33695 [main] INFO  c.f.c.qcloud.QCloudMessageUtil- init QCloudMessageUtil...
2017-03-09 14:19:23.752 33753 [main] INFO  c.f.c.qcloud.QCloudMessageUtil- ========requestUrl = https://console.tim.qq.com/v4/openim/im_set_attr_name?sdkappid=1400025235&identifier=admin&usersig=eJxFkF1PwjAUhv-LbjXStWtWTLyYQPwAZgzMMG*a0nZ4MjbK2hEc8b87mxFvnycn7-ueS7BerO6EMaC4cJw0KrgPUHDrsT4baDQXhdNNj0NKKUboak*6sXCoe4FRSENMEPqXoHTtoAB-KFQF9SAs7HqynGWTl2fsNnL7qCM7X7RVJPLXTVtU6zhpYzvSZa1G5Dju3o9PE5vALNlNTylOlLiZf0z1crXfM-aZnrNxKbddh20uU-P1lhMTZ9nDNUyV3G-7ax-17TDFhA7SQaU9ZzELGSVs4ELKQ1s77r6N9s-4*QXfGVgt&contenttype=json&random=563736405
2017-03-09 14:19:23.798 33799 [main] INFO  com.feedss.base.util.HttpUtil- request url:https://console.tim.qq.com/v4/openim/im_set_attr_name?sdkappid=1400025235&identifier=admin&usersig=eJxFkF1PwjAUhv-LbjXStWtWTLyYQPwAZgzMMG*a0nZ4MjbK2hEc8b87mxFvnycn7-ueS7BerO6EMaC4cJw0KrgPUHDrsT4baDQXhdNNj0NKKUboak*6sXCoe4FRSENMEPqXoHTtoAB-KFQF9SAs7HqynGWTl2fsNnL7qCM7X7RVJPLXTVtU6zhpYzvSZa1G5Dju3o9PE5vALNlNTylOlLiZf0z1crXfM-aZnrNxKbddh20uU-P1lhMTZ9nDNUyV3G-7ax-17TDFhA7SQaU9ZzELGSVs4ELKQ1s77r6N9s-4*QXfGVgt&contenttype=json&random=563736405, params:{"AttrNames":{"0":"group","1":"id"}}
2017-03-09 14:19:24.606 34607 [main] INFO  com.feedss.base.util.HttpUtil- response:{"ActionStatus":"OK","ErrorInfo":"","ErrorCode":0}
2017-03-09 14:19:24.633 34634 [main] INFO  c.f.c.qcloud.QCloudMessageUtil- Header:{Content-Type=[application/json;charset=UTF-8], Accept=[application/json;charset=UTF-8], Accept-Charset=[utf-8]}
2017-03-09 14:19:25.029 35030 [main] INFO  c.f.c.qcloud.QCloudMessageUtil- ========requestUrl = https://console.tim.qq.com/v4/im_open_login_svc/account_import?sdkappid=1400025235&identifier=admin&usersig=eJxFkF1PwjAUhv-LbjXStWtWTLyYQPwAZgzMMG*a0nZ4MjbK2hEc8b87mxFvnycn7-ueS7BerO6EMaC4cJw0KrgPUHDrsT4baDQXhdNNj0NKKUboak*6sXCoe4FRSENMEPqXoHTtoAB-KFQF9SAs7HqynGWTl2fsNnL7qCM7X7RVJPLXTVtU6zhpYzvSZa1G5Dju3o9PE5vALNlNTylOlLiZf0z1crXfM-aZnrNxKbddh20uU-P1lhMTZ9nDNUyV3G-7ax-17TDFhA7SQaU9ZzELGSVs4ELKQ1s77r6N9s-4*QXfGVgt&contenttype=json&random=249417083
2017-03-09 14:19:25.484 35485 [main] INFO  c.f.c.qcloud.QCloudMessageUtil- import user to qcloud, req = {"Identifier":"nosessionAccount","Nick":"","FaceUrl":""}, resp = {"ActionStatus":"OK","ErrorInfo":"","ErrorCode":0}
2017-03-09 14:19:25.487 35488 [main] INFO  c.f.c.qcloud.QCloudMessageUtil- Header:{Content-Type=[application/json;charset=UTF-8], Accept=[application/json;charset=UTF-8], Accept-Charset=[utf-8]}
2017-03-09 14:19:25.491 35492 [main] INFO  c.f.c.qcloud.QCloudMessageUtil- ========requestUrl = https://console.tim.qq.com/v4/im_open_login_svc/account_import?sdkappid=1400025235&identifier=admin&usersig=eJxFkF1PwjAUhv-LbjXStWtWTLyYQPwAZgzMMG*a0nZ4MjbK2hEc8b87mxFvnycn7-ueS7BerO6EMaC4cJw0KrgPUHDrsT4baDQXhdNNj0NKKUboak*6sXCoe4FRSENMEPqXoHTtoAB-KFQF9SAs7HqynGWTl2fsNnL7qCM7X7RVJPLXTVtU6zhpYzvSZa1G5Dju3o9PE5vALNlNTylOlLiZf0z1crXfM-aZnrNxKbddh20uU-P1lhMTZ9nDNUyV3G-7ax-17TDFhA7SQaU9ZzELGSVs4ELKQ1s77r6N9s-4*QXfGVgt&contenttype=json&random=947749699
2017-03-09 14:19:25.997 35998 [main] INFO  c.f.c.qcloud.QCloudMessageUtil- import user to qcloud, req = {"Identifier":"systemMessageAccount","Nick":"系统消息","FaceUrl":"http://image.sc.feedss.com/icon/system.png"}, resp = {"ActionStatus":"OK","ErrorInfo":"","ErrorCode":0}
2017-03-09 14:19:29.867 39868 [main] INFO  c.f.b.s.ApplicationEventListener- 应用刷新......
2017-03-09 14:19:29.960 39961 [main] INFO  c.f.b.s.ApplicationEventListener- 应用已启动完成......
2017-03-09 14:19:29.978 39979 [main] INFO  c.f.u.service.impl.UserServiceImpl- ini admin...
2017-03-09 14:19:29.998 39999 [main] INFO  c.f.u.service.impl.UserServiceImpl- admin has exist...
2017-03-09 14:19:30.000 40001 [main] INFO  com.feedss.FeedssApplication- Started FeedssApplication in 39.705 seconds (JVM running for 40.158)
2017-03-09 14:20:00.004 70005 [pool-2-thread-1] DEBUG com.feedss.content.task.StreamTask- 监控stream状态....
2017-03-09 14:20:00.043 70044 [pool-2-thread-1] INFO  c.f.base.util.conf.ConfigureUtil- >>>>>>>>>>>>> load config ... Thu Mar 09 14:20:00 CST 2017
2017-03-09 14:20:00.133 70134 [pool-2-thread-1] INFO  com.feedss.user.task.ProductTask- ******************Receive Gift Start*********************
2017-03-09 14:20:00.176 70177 [pool-2-thread-1] INFO  com.feedss.user.task.ProductTask- ******************Receive Gift End*********************
2017-03-09 14:20:00.176 70177 [pool-2-thread-1] DEBUG c.feedss.content.task.AudienceTask- 监控room观众在线状态....
2017-03-09 14:20:00.480 70481 [pool-2-thread-1] DEBUG c.f.content.task.CategoryStreamTask- 更新分类下统计直播间和回放数量....
2017-03-09 14:20:01.268 71269 [http-nio-8188-exec-3] INFO  com.feedss.base.util.RedisUtil- cachekey = TOKENf9e2d6c8ca804a59aaa844a3ad54b5b1
2017-03-09 14:20:01.291 71292 [http-nio-8188-exec-4] INFO  com.feedss.base.util.RedisUtil- cachekey = TOKENf9e2d6c8ca804a59aaa844a3ad54b5b1
2017-03-09 14:20:05.003 75004 [pool-2-thread-1] INFO  com.feedss.user.task.HostListTask- ******************host list refresh start*********************
2017-03-09 14:20:05.035 75036 [pool-2-thread-1] INFO  com.feedss.user.task.HostListTask- ******************host list refresh end*********************
2017-03-09 14:20:11.599 81600 [http-nio-8188-exec-8] INFO  com.feedss.base.util.RedisUtil- cachekey = TOKENf9e2d6c8ca804a59aaa844a3ad54b5b1
2017-03-09 14:20:17.802 87803 [Thread-7] INFO  c.f.b.s.ApplicationEventListener- 应用关闭......
2017-03-09 16:26:58.126 704  [main] INFO  c.f.b.s.ApplicationEventListener- 初始化环境变量......
2017-03-09 16:26:58.226 804  [main] INFO  com.feedss.FeedssApplication- Starting FeedssApplication on localhost with PID 76909 (/Users/zhouyujuan/Documents/dev/code/workspace-neon/feedss/target/classes started by zhouyujuan in /Users/zhouyujuan/Documents/dev/code/workspace-neon/feedss)
2017-03-09 16:26:58.226 804  [main] DEBUG com.feedss.FeedssApplication- Running with Spring Boot v1.4.2.RELEASE, Spring v4.3.4.RELEASE
2017-03-09 16:26:58.226 804  [main] INFO  com.feedss.FeedssApplication- The following profiles are active: sc
2017-03-09 16:26:58.526 1104 [main] INFO  c.f.b.s.ApplicationEventListener- 初始化完成......
2017-03-09 16:27:34.060 36638 [main] INFO  c.f.base.util.conf.ConfigureUtil- ConfigureUtil...
2017-03-09 16:27:34.635 37213 [main] INFO  c.f.c.q.GenerateTLSSignatureUtil- init GenerateTLSSignatureUtil...
2017-03-09 16:27:34.726 37304 [main] INFO  c.f.c.qcloud.QCloudMessageUtil- init QCloudMessageUtil...
2017-03-09 16:27:34.758 37336 [main] INFO  c.f.c.qcloud.QCloudMessageUtil- ========requestUrl = https://console.tim.qq.com/v4/openim/im_set_attr_name?sdkappid=1400025235&identifier=admin&usersig=eJxFkF1PwjAUhv-LbjXStWtWTLyYQPwAZgzMMG*a0nZ4MjbK2hEc8b87mxFvnycn7-ueS7BerO6EMaC4cJw0KrgPUHDrsT4baDQXhdNNj0NKKUboak*6sXCoe4FRSENMEPqXoHTtoAB-KFQF9SAs7HqynGWTl2fsNnL7qCM7X7RVJPLXTVtU6zhpYzvSZa1G5Dju3o9PE5vALNlNTylOlLiZf0z1crXfM-aZnrNxKbddh20uU-P1lhMTZ9nDNUyV3G-7ax-17TDFhA7SQaU9ZzELGSVs4ELKQ1s77r6N9s-4*QXfGVgt&contenttype=json&random=621228723
2017-03-09 16:27:34.855 37433 [main] INFO  com.feedss.base.util.HttpUtil- request url:https://console.tim.qq.com/v4/openim/im_set_attr_name?sdkappid=1400025235&identifier=admin&usersig=eJxFkF1PwjAUhv-LbjXStWtWTLyYQPwAZgzMMG*a0nZ4MjbK2hEc8b87mxFvnycn7-ueS7BerO6EMaC4cJw0KrgPUHDrsT4baDQXhdNNj0NKKUboak*6sXCoe4FRSENMEPqXoHTtoAB-KFQF9SAs7HqynGWTl2fsNnL7qCM7X7RVJPLXTVtU6zhpYzvSZa1G5Dju3o9PE5vALNlNTylOlLiZf0z1crXfM-aZnrNxKbddh20uU-P1lhMTZ9nDNUyV3G-7ax-17TDFhA7SQaU9ZzELGSVs4ELKQ1s77r6N9s-4*QXfGVgt&contenttype=json&random=621228723, params:{"AttrNames":{"0":"group","1":"id"}}
2017-03-09 16:27:36.262 38840 [main] INFO  com.feedss.base.util.HttpUtil- response:{"ActionStatus":"OK","ErrorInfo":"","ErrorCode":0}
2017-03-09 16:27:36.329 38907 [main] INFO  c.f.c.qcloud.QCloudMessageUtil- Header:{Content-Type=[application/json;charset=UTF-8], Accept=[application/json;charset=UTF-8], Accept-Charset=[utf-8]}
2017-03-09 16:27:36.424 39002 [main] INFO  c.f.c.qcloud.QCloudMessageUtil- ========requestUrl = https://console.tim.qq.com/v4/im_open_login_svc/account_import?sdkappid=1400025235&identifier=admin&usersig=eJxFkF1PwjAUhv-LbjXStWtWTLyYQPwAZgzMMG*a0nZ4MjbK2hEc8b87mxFvnycn7-ueS7BerO6EMaC4cJw0KrgPUHDrsT4baDQXhdNNj0NKKUboak*6sXCoe4FRSENMEPqXoHTtoAB-KFQF9SAs7HqynGWTl2fsNnL7qCM7X7RVJPLXTVtU6zhpYzvSZa1G5Dju3o9PE5vALNlNTylOlLiZf0z1crXfM-aZnrNxKbddh20uU-P1lhMTZ9nDNUyV3G-7ax-17TDFhA7SQaU9ZzELGSVs4ELKQ1s77r6N9s-4*QXfGVgt&contenttype=json&random=575948909
2017-03-09 16:27:37.414 39992 [main] INFO  c.f.c.qcloud.QCloudMessageUtil- import user to qcloud, req = {"Identifier":"nosessionAccount","Nick":"","FaceUrl":""}, resp = {"ActionStatus":"OK","ErrorInfo":"","ErrorCode":0}
2017-03-09 16:27:37.418 39996 [main] INFO  c.f.c.qcloud.QCloudMessageUtil- Header:{Content-Type=[application/json;charset=UTF-8], Accept=[application/json;charset=UTF-8], Accept-Charset=[utf-8]}
2017-03-09 16:27:37.427 40005 [main] INFO  c.f.c.qcloud.QCloudMessageUtil- ========requestUrl = https://console.tim.qq.com/v4/im_open_login_svc/account_import?sdkappid=1400025235&identifier=admin&usersig=eJxFkF1PwjAUhv-LbjXStWtWTLyYQPwAZgzMMG*a0nZ4MjbK2hEc8b87mxFvnycn7-ueS7BerO6EMaC4cJw0KrgPUHDrsT4baDQXhdNNj0NKKUboak*6sXCoe4FRSENMEPqXoHTtoAB-KFQF9SAs7HqynGWTl2fsNnL7qCM7X7RVJPLXTVtU6zhpYzvSZa1G5Dju3o9PE5vALNlNTylOlLiZf0z1crXfM-aZnrNxKbddh20uU-P1lhMTZ9nDNUyV3G-7ax-17TDFhA7SQaU9ZzELGSVs4ELKQ1s77r6N9s-4*QXfGVgt&contenttype=json&random=858654437
2017-03-09 16:27:38.088 40666 [main] INFO  c.f.c.qcloud.QCloudMessageUtil- import user to qcloud, req = {"Identifier":"systemMessageAccount","Nick":"系统消息","FaceUrl":"http://image.sc.feedss.com/icon/system.png"}, resp = {"ActionStatus":"OK","ErrorInfo":"","ErrorCode":0}
2017-03-09 16:27:42.297 44875 [main] INFO  c.f.b.s.ApplicationEventListener- 应用刷新......
2017-03-09 16:27:42.379 44957 [main] INFO  c.f.b.s.ApplicationEventListener- 应用已启动完成......
2017-03-09 16:27:42.394 44972 [main] INFO  c.f.u.service.impl.UserServiceImpl- ini admin...
2017-03-09 16:27:42.413 44991 [main] INFO  c.f.u.service.impl.UserServiceImpl- admin has exist...
2017-03-09 16:27:42.415 44993 [main] INFO  com.feedss.FeedssApplication- Started FeedssApplication in 44.62 seconds (JVM running for 45.193)
2017-03-09 16:28:00.003 62581 [pool-2-thread-1] DEBUG c.feedss.content.task.AudienceTask- 监控room观众在线状态....
2017-03-09 16:28:00.363 62941 [pool-2-thread-1] DEBUG com.feedss.content.task.StreamTask- 监控stream状态....
2017-03-09 16:28:00.398 62976 [pool-2-thread-1] INFO  c.f.base.util.conf.ConfigureUtil- >>>>>>>>>>>>> load config ... Thu Mar 09 16:28:00 CST 2017
2017-03-09 16:28:00.483 63061 [pool-2-thread-1] INFO  com.feedss.user.task.ProductTask- ******************Receive Gift Start*********************
2017-03-09 16:28:00.524 63102 [pool-2-thread-1] INFO  com.feedss.user.task.ProductTask- ******************Receive Gift End*********************
2017-03-09 16:28:05.003 67581 [pool-2-thread-1] INFO  com.feedss.user.task.HostListTask- ******************host list refresh start*********************
2017-03-09 16:28:05.043 67621 [pool-2-thread-1] INFO  com.feedss.user.task.HostListTask- ******************host list refresh end*********************
2017-03-09 16:28:09.518 72096 [http-nio-8188-exec-1] ERROR c.f.base.spring.LoginInterceptor- userAuth fail, log = request info: url:/user/account/getBalance userId:930c15cb-9b34-4182-ac70-bcd3f51b6a91 userToken:0b370f3fc396ac67f44249880ee49f6d
2017-03-09 16:28:23.567 86145 [http-nio-8188-exec-2] INFO  c.f.base.spring.ControllerLogAop- request info: url:/user/login, Headers{ userId:null, userToken:null, deviceId:test, deviceAgent:postman, deviceType:null, deviceVersion:null, appChannel:null, appVersion:null}, Params{ }, Body:{"mobile":"18612941083","smsCode":"163257"}
2017-03-09 16:28:23.758 86336 [http-nio-8188-exec-2] INFO  com.feedss.base.util.RedisUtil- cachekey = MessageUserSig4ba1a45e7c43460a877f73a2e774db38
2017-03-09 16:28:23.770 86348 [http-nio-8188-exec-2] INFO  c.f.u.service.impl.UserServiceImpl- generate token, 63431f4c299a2df80d8d02fa0bf45f5a
2017-03-09 16:28:23.771 86349 [http-nio-8188-exec-2] INFO  com.feedss.base.util.RedisUtil- cachekey = MessageUserSig4ba1a45e7c43460a877f73a2e774db38
2017-03-09 16:28:23.771 86349 [http-nio-8188-exec-2] INFO  com.feedss.base.util.RedisUtil- cachekey = Device4ba1a45e7c43460a877f73a2e774db38
2017-03-09 16:28:23.772 86350 [http-nio-8188-exec-2] DEBUG c.f.user.controller.UserController- login cost time: 0, 194
2017-03-09 16:28:23.791 86369 [http-nio-8188-exec-2] INFO  c.f.base.spring.ControllerLogAop- execute info: url:/user/login, Headers{ userId:null, userToken:null, deviceId:test, deviceAgent:postman, deviceType:null, deviceVersion:null, appChannel:null, appVersion:null}, Params{ }, Body:{"mobile":"18612941083","smsCode":"163257"}, execute time len:219ms, response data:{"body":{"msg":"OK","code":0,"data":{"firsttime":0,"user":{"isFollow":0,"profileIsEmpty":false,"created":1488264321000,"permissions":[],"profile":{"ext":{},"birthdate":"2016-09-02","gender":1,"level":1,"nickname":"老周","avatar":"http://image.sc.feedss.com/20170228/793502a0-fc8d-4473-be8c-b56b4871f5f2.jpg","age":0},"roles":[{"code":"0000","name":"user"}],"mobile":"18612941083","userSig":"eJxFkM1OhDAYRd*FreKU-tDqzuCYwIiOGRfAhhQoQ4OUBsqPY3x3kQxxe09O7ne-b*vj5XTHtZZFyk2KusJ6sIB1u8Zi1rITKS*N6JbYIYRAADY6iq6XrVoABA5xIALgH8pCKCNLuYo44w7HRNg0x8jGLuA2o7S0KeJQUIqLDLGr18vzIoT72PPfn45BrfhzGCTDxbBhl38estcLjVFv2uB*GpEi89m-iZLCnfzq8RjOZVTFtRYAVrUCundUGCX7xsjBb3Zv3ngyjBwmL9dbWVGn6-S-cXg5HhKIyBUa2Yg1Zwy6GMFtGc-zdlAmNV9arL-6*QXfKmBv","uuid":"4ba1a45e-7c43-460a-877f-73a2e774db38","token":"63431f4c299a2df80d8d02fa0bf45f5a","status":0}}},"headers":{},"statusCode":"OK","statusCodeValue":200}
2017-03-09 16:28:50.289 112867 [http-nio-8188-exec-3] INFO  com.feedss.base.util.RedisUtil- cachekey = TOKEN4ba1a45e7c43460a877f73a2e774db38
2017-03-09 16:28:50.291 112869 [http-nio-8188-exec-3] INFO  c.f.base.spring.ControllerLogAop- request info: url:/user/account/getBalance, Headers{ userId:4ba1a45e-7c43-460a-877f-73a2e774db38, userToken:63431f4c299a2df80d8d02fa0bf45f5a, deviceId:null, deviceAgent:null, deviceType:null, deviceVersion:null, appChannel:null, appVersion:null}, Params{ }, Body:{}
2017-03-09 16:28:59.998 122576 [pool-2-thread-1] DEBUG com.feedss.content.task.StreamTask- 监控stream状态....
2017-03-09 16:29:00.018 122596 [pool-2-thread-1] INFO  com.feedss.user.task.ProductTask- ******************Receive Gift Start*********************
2017-03-09 16:29:00.053 122631 [pool-2-thread-1] INFO  com.feedss.user.task.ProductTask- ******************Receive Gift End*********************
2017-03-09 16:29:00.063 122641 [pool-2-thread-1] INFO  c.f.base.util.conf.ConfigureUtil- >>>>>>>>>>>>> load config ... Thu Mar 09 16:29:00 CST 2017
2017-03-09 16:29:05.002 127580 [pool-2-thread-1] INFO  com.feedss.user.task.HostListTask- ******************host list refresh start*********************
2017-03-09 16:29:05.031 127609 [pool-2-thread-1] INFO  com.feedss.user.task.HostListTask- ******************host list refresh end*********************
2017-03-09 16:30:00.000 182578 [pool-2-thread-1] DEBUG c.f.content.task.CategoryStreamTask- 更新分类下统计直播间和回放数量....
2017-03-09 16:30:00.436 183014 [pool-2-thread-1] DEBUG com.feedss.content.task.RoomTask- 监控Room在线状态....
2017-03-09 16:30:00.448 183026 [pool-2-thread-1] INFO  c.f.c.monitor.impl.RoomListeners- 主播房间stream：[4b2ddd24-2c9b-48b7-a739-4740f45e9763]不存在
2017-03-09 16:30:00.458 183036 [pool-2-thread-1] INFO  c.f.c.monitor.impl.RoomListeners- 主播房间stream：[c5e4460c-e9d2-43c6-b6e3-dded0a68c01f]不存在
2017-03-09 16:30:00.468 183046 [pool-2-thread-1] INFO  c.f.c.monitor.impl.RoomListeners- 主播房间stream：[b488efcc-41c1-44c0-8922-1aadb4be167d]不存在
2017-03-09 16:30:00.468 183046 [pool-2-thread-1] DEBUG c.feedss.content.task.AudienceTask- 监控room观众在线状态....
2017-03-09 16:30:00.595 183173 [pool-2-thread-1] INFO  com.feedss.user.task.ProductTask- ******************Receive Gift Start*********************
2017-03-09 16:30:00.630 183208 [pool-2-thread-1] INFO  com.feedss.user.task.ProductTask- ******************Receive Gift End*********************
2017-03-09 16:30:00.630 183208 [pool-2-thread-1] DEBUG com.feedss.content.task.StreamTask- 监控stream状态....
2017-03-09 16:30:00.639 183217 [pool-2-thread-1] INFO  c.f.base.util.conf.ConfigureUtil- >>>>>>>>>>>>> load config ... Thu Mar 09 16:30:00 CST 2017
2017-03-09 16:30:05.003 187581 [pool-2-thread-1] INFO  com.feedss.user.task.HostListTask- ******************host list refresh start*********************
2017-03-09 16:30:05.032 187610 [pool-2-thread-1] INFO  com.feedss.user.task.HostListTask- ******************host list refresh end*********************
2017-03-09 16:30:59.999 242577 [pool-2-thread-1] INFO  com.feedss.user.task.ProductTask- ******************Receive Gift Start*********************
2017-03-09 16:31:00.043 242621 [pool-2-thread-1] INFO  com.feedss.user.task.ProductTask- ******************Receive Gift End*********************
2017-03-09 16:31:00.053 242631 [pool-2-thread-1] INFO  c.f.base.util.conf.ConfigureUtil- >>>>>>>>>>>>> load config ... Thu Mar 09 16:31:00 CST 2017
2017-03-09 16:31:00.124 242702 [pool-2-thread-1] DEBUG com.feedss.content.task.StreamTask- 监控stream状态....
2017-03-09 16:31:05.000 247578 [pool-2-thread-1] INFO  com.feedss.user.task.HostListTask- ******************host list refresh start*********************
2017-03-09 16:31:05.029 247607 [pool-2-thread-1] INFO  com.feedss.user.task.HostListTask- ******************host list refresh end*********************
2017-03-09 16:32:00.000 302578 [pool-2-thread-1] DEBUG c.feedss.content.task.AudienceTask- 监控room观众在线状态....
2017-03-09 16:32:00.124 302702 [pool-2-thread-1] INFO  com.feedss.user.task.ProductTask- ******************Receive Gift Start*********************
2017-03-09 16:32:00.158 302736 [pool-2-thread-1] INFO  com.feedss.user.task.ProductTask- ******************Receive Gift End*********************
2017-03-09 16:32:00.170 302748 [pool-2-thread-1] INFO  c.f.base.util.conf.ConfigureUtil- >>>>>>>>>>>>> load config ... Thu Mar 09 16:32:00 CST 2017
2017-03-09 16:32:00.248 302826 [pool-2-thread-1] DEBUG com.feedss.content.task.StreamTask- 监控stream状态....
2017-03-09 16:32:05.001 307579 [pool-2-thread-1] INFO  com.feedss.user.task.HostListTask- ******************host list refresh start*********************
2017-03-09 16:32:05.030 307608 [pool-2-thread-1] INFO  com.feedss.user.task.HostListTask- ******************host list refresh end*********************
2017-03-09 16:32:59.998 362576 [pool-2-thread-1] DEBUG com.feedss.content.task.RoomTask- 监控Room在线状态....
2017-03-09 16:33:00.019 362597 [pool-2-thread-1] INFO  c.f.c.monitor.impl.RoomListeners- 主播房间stream：[cd8381bb-2296-4be1-95e1-9df2a0bd0438]不存在
2017-03-09 16:33:00.019 362597 [pool-2-thread-1] INFO  c.f.base.util.conf.ConfigureUtil- >>>>>>>>>>>>> load config ... Thu Mar 09 16:33:00 CST 2017
2017-03-09 16:33:00.098 362676 [pool-2-thread-1] DEBUG com.feedss.content.task.StreamTask- 监控stream状态....
2017-03-09 16:33:00.116 362694 [pool-2-thread-1] INFO  com.feedss.user.task.ProductTask- ******************Receive Gift Start*********************
2017-03-09 16:33:00.150 362728 [pool-2-thread-1] INFO  com.feedss.user.task.ProductTask- ******************Receive Gift End*********************
2017-03-09 16:33:05.001 367579 [pool-2-thread-1] INFO  com.feedss.user.task.HostListTask- ******************host list refresh start*********************
2017-03-09 16:33:05.030 367608 [pool-2-thread-1] INFO  com.feedss.user.task.HostListTask- ******************host list refresh end*********************
2017-03-09 16:34:00.002 422580 [pool-2-thread-1] DEBUG c.feedss.content.task.AudienceTask- 监控room观众在线状态....
2017-03-09 16:34:00.069 422647 [pool-2-thread-1] INFO  c.f.base.util.conf.ConfigureUtil- >>>>>>>>>>>>> load config ... Thu Mar 09 16:34:00 CST 2017
2017-03-09 16:34:00.140 422718 [pool-2-thread-1] INFO  com.feedss.user.task.ProductTask- ******************Receive Gift Start*********************
2017-03-09 16:34:00.174 422752 [pool-2-thread-1] INFO  com.feedss.user.task.ProductTask- ******************Receive Gift End*********************
2017-03-09 16:34:00.183 422761 [pool-2-thread-1] DEBUG com.feedss.content.task.StreamTask- 监控stream状态....
2017-03-09 16:34:05.002 427580 [pool-2-thread-1] INFO  com.feedss.user.task.HostListTask- ******************host list refresh start*********************
2017-03-09 16:34:05.030 427608 [pool-2-thread-1] INFO  com.feedss.user.task.HostListTask- ******************host list refresh end*********************
2017-03-09 17:45:43.936 655  [main] INFO  c.f.b.s.ApplicationEventListener- 初始化环境变量......
2017-03-09 17:45:44.035 754  [main] INFO  com.feedss.FeedssApplication- Starting FeedssApplication on localhost with PID 78136 (/Users/zhouyujuan/Documents/dev/code/workspace-neon/feedss/target/classes started by zhouyujuan in /Users/zhouyujuan/Documents/dev/code/workspace-neon/feedss)
2017-03-09 17:45:44.035 754  [main] DEBUG com.feedss.FeedssApplication- Running with Spring Boot v1.4.2.RELEASE, Spring v4.3.4.RELEASE
2017-03-09 17:45:44.035 754  [main] INFO  com.feedss.FeedssApplication- The following profiles are active: sc
2017-03-09 17:45:44.329 1048 [main] INFO  c.f.b.s.ApplicationEventListener- 初始化完成......
2017-03-09 17:46:19.266 35985 [main] INFO  c.f.base.util.conf.ConfigureUtil- ConfigureUtil...
2017-03-09 17:46:19.780 36499 [main] INFO  c.f.c.q.GenerateTLSSignatureUtil- init GenerateTLSSignatureUtil...
2017-03-09 17:46:19.867 36586 [main] INFO  c.f.c.qcloud.QCloudMessageUtil- init QCloudMessageUtil...
2017-03-09 17:46:19.898 36617 [main] INFO  c.f.c.qcloud.QCloudMessageUtil- ========requestUrl = https://console.tim.qq.com/v4/openim/im_set_attr_name?sdkappid=1400025235&identifier=admin&usersig=eJxFkF1PwjAUhv-LbjXStWtWTLyYQPwAZgzMMG*a0nZ4MjbK2hEc8b87mxFvnycn7-ueS7BerO6EMaC4cJw0KrgPUHDrsT4baDQXhdNNj0NKKUboak*6sXCoe4FRSENMEPqXoHTtoAB-KFQF9SAs7HqynGWTl2fsNnL7qCM7X7RVJPLXTVtU6zhpYzvSZa1G5Dju3o9PE5vALNlNTylOlLiZf0z1crXfM-aZnrNxKbddh20uU-P1lhMTZ9nDNUyV3G-7ax-17TDFhA7SQaU9ZzELGSVs4ELKQ1s77r6N9s-4*QXfGVgt&contenttype=json&random=196478790
2017-03-09 17:46:19.940 36659 [main] INFO  com.feedss.base.util.HttpUtil- request url:https://console.tim.qq.com/v4/openim/im_set_attr_name?sdkappid=1400025235&identifier=admin&usersig=eJxFkF1PwjAUhv-LbjXStWtWTLyYQPwAZgzMMG*a0nZ4MjbK2hEc8b87mxFvnycn7-ueS7BerO6EMaC4cJw0KrgPUHDrsT4baDQXhdNNj0NKKUboak*6sXCoe4FRSENMEPqXoHTtoAB-KFQF9SAs7HqynGWTl2fsNnL7qCM7X7RVJPLXTVtU6zhpYzvSZa1G5Dju3o9PE5vALNlNTylOlLiZf0z1crXfM-aZnrNxKbddh20uU-P1lhMTZ9nDNUyV3G-7ax-17TDFhA7SQaU9ZzELGSVs4ELKQ1s77r6N9s-4*QXfGVgt&contenttype=json&random=196478790, params:{"AttrNames":{"0":"group","1":"id"}}
2017-03-09 17:46:20.737 37456 [main] INFO  com.feedss.base.util.HttpUtil- response:{"ActionStatus":"OK","ErrorInfo":"","ErrorCode":0}
2017-03-09 17:46:20.801 37520 [main] INFO  c.f.c.qcloud.QCloudMessageUtil- Header:{Content-Type=[application/json;charset=UTF-8], Accept=[application/json;charset=UTF-8], Accept-Charset=[utf-8]}
2017-03-09 17:46:20.888 37607 [main] INFO  c.f.c.qcloud.QCloudMessageUtil- ========requestUrl = https://console.tim.qq.com/v4/im_open_login_svc/account_import?sdkappid=1400025235&identifier=admin&usersig=eJxFkF1PwjAUhv-LbjXStWtWTLyYQPwAZgzMMG*a0nZ4MjbK2hEc8b87mxFvnycn7-ueS7BerO6EMaC4cJw0KrgPUHDrsT4baDQXhdNNj0NKKUboak*6sXCoe4FRSENMEPqXoHTtoAB-KFQF9SAs7HqynGWTl2fsNnL7qCM7X7RVJPLXTVtU6zhpYzvSZa1G5Dju3o9PE5vALNlNTylOlLiZf0z1crXfM-aZnrNxKbddh20uU-P1lhMTZ9nDNUyV3G-7ax-17TDFhA7SQaU9ZzELGSVs4ELKQ1s77r6N9s-4*QXfGVgt&contenttype=json&random=897216557
2017-03-09 17:46:21.341 38060 [main] INFO  c.f.c.qcloud.QCloudMessageUtil- import user to qcloud, req = {"Identifier":"nosessionAccount","Nick":"","FaceUrl":""}, resp = {"ActionStatus":"OK","ErrorInfo":"","ErrorCode":0}
2017-03-09 17:46:21.345 38064 [main] INFO  c.f.c.qcloud.QCloudMessageUtil- Header:{Content-Type=[application/json;charset=UTF-8], Accept=[application/json;charset=UTF-8], Accept-Charset=[utf-8]}
2017-03-09 17:46:21.351 38070 [main] INFO  c.f.c.qcloud.QCloudMessageUtil- ========requestUrl = https://console.tim.qq.com/v4/im_open_login_svc/account_import?sdkappid=1400025235&identifier=admin&usersig=eJxFkF1PwjAUhv-LbjXStWtWTLyYQPwAZgzMMG*a0nZ4MjbK2hEc8b87mxFvnycn7-ueS7BerO6EMaC4cJw0KrgPUHDrsT4baDQXhdNNj0NKKUboak*6sXCoe4FRSENMEPqXoHTtoAB-KFQF9SAs7HqynGWTl2fsNnL7qCM7X7RVJPLXTVtU6zhpYzvSZa1G5Dju3o9PE5vALNlNTylOlLiZf0z1crXfM-aZnrNxKbddh20uU-P1lhMTZ9nDNUyV3G-7ax-17TDFhA7SQaU9ZzELGSVs4ELKQ1s77r6N9s-4*QXfGVgt&contenttype=json&random=697505044
2017-03-09 17:46:21.955 38674 [main] INFO  c.f.c.qcloud.QCloudMessageUtil- import user to qcloud, req = {"Identifier":"systemMessageAccount","Nick":"系统消息","FaceUrl":"http://image.sc.feedss.com/icon/system.png"}, resp = {"ActionStatus":"OK","ErrorInfo":"","ErrorCode":0}
2017-03-09 17:46:25.863 42582 [main] INFO  c.f.b.s.ApplicationEventListener- 应用刷新......
2017-03-09 17:46:25.930 42649 [main] INFO  c.f.b.s.ApplicationEventListener- 应用已启动完成......
2017-03-09 17:46:25.942 42661 [main] INFO  c.f.u.service.impl.UserServiceImpl- ini admin...
2017-03-09 17:46:25.960 42679 [main] INFO  c.f.u.service.impl.UserServiceImpl- admin has exist...
2017-03-09 17:46:25.961 42680 [main] INFO  com.feedss.FeedssApplication- Started FeedssApplication in 42.349 seconds (JVM running for 42.882)
2017-03-09 17:46:28.107 44826 [http-nio-8188-exec-1] INFO  com.feedss.base.util.RedisUtil- cachekey = MessageUserSig4ba1a45e7c43460a877f73a2e774db38
2017-03-09 17:46:28.112 44831 [http-nio-8188-exec-1] INFO  com.feedss.base.util.RedisUtil- cachekey = TOKEN4ba1a45e7c43460a877f73a2e774db38
2017-03-09 17:46:28.151 44870 [http-nio-8188-exec-1] INFO  c.f.base.spring.ControllerLogAop- request info: url:/advert/all, Headers{ userId:4ba1a45e-7c43-460a-877f-73a2e774db38, userToken:63431f4c299a2df80d8d02fa0bf45f5a, deviceId:null, deviceAgent:null, deviceType:null, deviceVersion:null, appChannel:null, appVersion:null}, Params{ }, Body:{}
2017-03-09 17:46:28.186 44905 [http-nio-8188-exec-1] INFO  c.f.base.spring.ControllerLogAop- execute info: url:/advert/all, Headers{ userId:4ba1a45e-7c43-460a-877f-73a2e774db38, userToken:63431f4c299a2df80d8d02fa0bf45f5a, deviceId:null, deviceAgent:null, deviceType:null, deviceVersion:null, appChannel:null, appVersion:null}, Params{ }, Body:{}, execute time len:19ms, response data:{"body":{"code":0,"data":{"list":[],"totalCount":0},"msg":"ok"},"headers":{},"statusCode":"OK","statusCodeValue":200}
2017-03-09 17:46:49.812 66531 [http-nio-8188-exec-2] INFO  com.feedss.base.util.RedisUtil- cachekey = TOKEN4ba1a45e7c43460a877f73a2e774db38
2017-03-09 17:46:49.813 66532 [http-nio-8188-exec-2] INFO  c.f.base.spring.ControllerLogAop- request info: url:/advert/all, Headers{ userId:4ba1a45e-7c43-460a-877f-73a2e774db38, userToken:63431f4c299a2df80d8d02fa0bf45f5a, deviceId:null, deviceAgent:null, deviceType:null, deviceVersion:null, appChannel:null, appVersion:null}, Params{ }, Body:{}
2017-03-09 17:47:00.024 76743 [pool-2-thread-1] INFO  com.feedss.user.task.ProductTask- ******************Receive Gift Start*********************
2017-03-09 17:47:00.066 76785 [pool-2-thread-1] INFO  com.feedss.user.task.ProductTask- ******************Receive Gift End*********************
2017-03-09 17:47:00.067 76786 [pool-2-thread-1] INFO  c.f.base.util.conf.ConfigureUtil- >>>>>>>>>>>>> load config ... Thu Mar 09 17:47:00 CST 2017
2017-03-09 17:47:00.156 76875 [pool-2-thread-1] DEBUG com.feedss.content.task.StreamTask- 监控stream状态....
2017-03-09 17:47:05.001 81720 [pool-2-thread-1] INFO  com.feedss.user.task.HostListTask- ******************host list refresh start*********************
2017-03-09 17:47:05.040 81759 [pool-2-thread-1] INFO  com.feedss.user.task.HostListTask- ******************host list refresh end*********************
2017-03-09 17:50:01.598 673  [main] INFO  c.f.b.s.ApplicationEventListener- 初始化环境变量......
2017-03-09 17:50:01.701 776  [main] INFO  com.feedss.FeedssApplication- Starting FeedssApplication on localhost with PID 78202 (/Users/zhouyujuan/Documents/dev/code/workspace-neon/feedss/target/classes started by zhouyujuan in /Users/zhouyujuan/Documents/dev/code/workspace-neon/feedss)
2017-03-09 17:50:01.701 776  [main] DEBUG com.feedss.FeedssApplication- Running with Spring Boot v1.4.2.RELEASE, Spring v4.3.4.RELEASE
2017-03-09 17:50:01.701 776  [main] INFO  com.feedss.FeedssApplication- The following profiles are active: sc
2017-03-09 17:50:02.003 1078 [main] INFO  c.f.b.s.ApplicationEventListener- 初始化完成......
2017-03-09 17:50:31.901 30976 [main] INFO  c.f.base.util.conf.ConfigureUtil- ConfigureUtil...
2017-03-09 17:50:32.433 31508 [main] INFO  c.f.c.q.GenerateTLSSignatureUtil- init GenerateTLSSignatureUtil...
2017-03-09 17:50:32.438 31513 [main] INFO  c.f.c.qcloud.QCloudMessageUtil- init QCloudMessageUtil...
2017-03-09 17:50:32.498 31573 [main] INFO  c.f.c.qcloud.QCloudMessageUtil- ========requestUrl = https://console.tim.qq.com/v4/openim/im_set_attr_name?sdkappid=1400025235&identifier=admin&usersig=eJxFkF1PwjAUhv-LbjXStWtWTLyYQPwAZgzMMG*a0nZ4MjbK2hEc8b87mxFvnycn7-ueS7BerO6EMaC4cJw0KrgPUHDrsT4baDQXhdNNj0NKKUboak*6sXCoe4FRSENMEPqXoHTtoAB-KFQF9SAs7HqynGWTl2fsNnL7qCM7X7RVJPLXTVtU6zhpYzvSZa1G5Dju3o9PE5vALNlNTylOlLiZf0z1crXfM-aZnrNxKbddh20uU-P1lhMTZ9nDNUyV3G-7ax-17TDFhA7SQaU9ZzELGSVs4ELKQ1s77r6N9s-4*QXfGVgt&contenttype=json&random=261443413
2017-03-09 17:50:32.546 31621 [main] INFO  com.feedss.base.util.HttpUtil- request url:https://console.tim.qq.com/v4/openim/im_set_attr_name?sdkappid=1400025235&identifier=admin&usersig=eJxFkF1PwjAUhv-LbjXStWtWTLyYQPwAZgzMMG*a0nZ4MjbK2hEc8b87mxFvnycn7-ueS7BerO6EMaC4cJw0KrgPUHDrsT4baDQXhdNNj0NKKUboak*6sXCoe4FRSENMEPqXoHTtoAB-KFQF9SAs7HqynGWTl2fsNnL7qCM7X7RVJPLXTVtU6zhpYzvSZa1G5Dju3o9PE5vALNlNTylOlLiZf0z1crXfM-aZnrNxKbddh20uU-P1lhMTZ9nDNUyV3G-7ax-17TDFhA7SQaU9ZzELGSVs4ELKQ1s77r6N9s-4*QXfGVgt&contenttype=json&random=261443413, params:{"AttrNames":{"0":"group","1":"id"}}
2017-03-09 17:50:33.685 32760 [main] INFO  com.feedss.base.util.HttpUtil- response:{"ActionStatus":"OK","ErrorInfo":"","ErrorCode":0}
2017-03-09 17:50:33.710 32785 [main] INFO  c.f.c.qcloud.QCloudMessageUtil- Header:{Content-Type=[application/json;charset=UTF-8], Accept=[application/json;charset=UTF-8], Accept-Charset=[utf-8]}
2017-03-09 17:50:33.806 32881 [main] INFO  c.f.c.qcloud.QCloudMessageUtil- ========requestUrl = https://console.tim.qq.com/v4/im_open_login_svc/account_import?sdkappid=1400025235&identifier=admin&usersig=eJxFkF1PwjAUhv-LbjXStWtWTLyYQPwAZgzMMG*a0nZ4MjbK2hEc8b87mxFvnycn7-ueS7BerO6EMaC4cJw0KrgPUHDrsT4baDQXhdNNj0NKKUboak*6sXCoe4FRSENMEPqXoHTtoAB-KFQF9SAs7HqynGWTl2fsNnL7qCM7X7RVJPLXTVtU6zhpYzvSZa1G5Dju3o9PE5vALNlNTylOlLiZf0z1crXfM-aZnrNxKbddh20uU-P1lhMTZ9nDNUyV3G-7ax-17TDFhA7SQaU9ZzELGSVs4ELKQ1s77r6N9s-4*QXfGVgt&contenttype=json&random=266524136
2017-03-09 17:50:34.209 33284 [main] INFO  c.f.c.qcloud.QCloudMessageUtil- import user to qcloud, req = {"Identifier":"nosessionAccount","Nick":"","FaceUrl":""}, resp = {"ActionStatus":"OK","ErrorInfo":"","ErrorCode":0}
2017-03-09 17:50:34.213 33288 [main] INFO  c.f.c.qcloud.QCloudMessageUtil- Header:{Content-Type=[application/json;charset=UTF-8], Accept=[application/json;charset=UTF-8], Accept-Charset=[utf-8]}
2017-03-09 17:50:34.220 33295 [main] INFO  c.f.c.qcloud.QCloudMessageUtil- ========requestUrl = https://console.tim.qq.com/v4/im_open_login_svc/account_import?sdkappid=1400025235&identifier=admin&usersig=eJxFkF1PwjAUhv-LbjXStWtWTLyYQPwAZgzMMG*a0nZ4MjbK2hEc8b87mxFvnycn7-ueS7BerO6EMaC4cJw0KrgPUHDrsT4baDQXhdNNj0NKKUboak*6sXCoe4FRSENMEPqXoHTtoAB-KFQF9SAs7HqynGWTl2fsNnL7qCM7X7RVJPLXTVtU6zhpYzvSZa1G5Dju3o9PE5vALNlNTylOlLiZf0z1crXfM-aZnrNxKbddh20uU-P1lhMTZ9nDNUyV3G-7ax-17TDFhA7SQaU9ZzELGSVs4ELKQ1s77r6N9s-4*QXfGVgt&contenttype=json&random=436694619
2017-03-09 17:50:34.901 33976 [main] INFO  c.f.c.qcloud.QCloudMessageUtil- import user to qcloud, req = {"Identifier":"systemMessageAccount","Nick":"系统消息","FaceUrl":"http://image.sc.feedss.com/icon/system.png"}, resp = {"ActionStatus":"OK","ErrorInfo":"","ErrorCode":0}
2017-03-09 17:50:38.976 38051 [main] INFO  c.f.b.s.ApplicationEventListener- 应用刷新......
2017-03-09 17:50:39.051 38126 [main] INFO  c.f.b.s.ApplicationEventListener- 应用已启动完成......
2017-03-09 17:50:39.063 38138 [main] INFO  c.f.u.service.impl.UserServiceImpl- ini admin...
2017-03-09 17:50:39.083 38158 [main] INFO  c.f.u.service.impl.UserServiceImpl- admin has exist...
2017-03-09 17:50:39.084 38159 [main] INFO  com.feedss.FeedssApplication- Started FeedssApplication in 37.809 seconds (JVM running for 38.362)
2017-03-09 17:50:47.604 46679 [http-nio-8188-exec-1] INFO  com.feedss.base.util.RedisUtil- cachekey = MessageUserSig4ba1a45e7c43460a877f73a2e774db38
2017-03-09 17:50:47.608 46683 [http-nio-8188-exec-1] INFO  com.feedss.base.util.RedisUtil- cachekey = TOKEN4ba1a45e7c43460a877f73a2e774db38
2017-03-09 17:50:47.649 46724 [http-nio-8188-exec-1] INFO  c.f.base.spring.ControllerLogAop- request info: url:/advert/all, Headers{ userId:4ba1a45e-7c43-460a-877f-73a2e774db38, userToken:63431f4c299a2df80d8d02fa0bf45f5a, deviceId:null, deviceAgent:null, deviceType:null, deviceVersion:null, appChannel:null, appVersion:null}, Params{ }, Body:{}
2017-03-09 17:50:50.557 49632 [http-nio-8188-exec-1] INFO  c.f.base.spring.ControllerLogAop- execute info: url:/advert/all, Headers{ userId:4ba1a45e-7c43-460a-877f-73a2e774db38, userToken:63431f4c299a2df80d8d02fa0bf45f5a, deviceId:null, deviceAgent:null, deviceType:null, deviceVersion:null, appChannel:null, appVersion:null}, Params{ }, Body:{}, execute time len:2889ms, response data:{"body":{"code":0,"data":{"list":[{"picUrl":"http://image.sc.feedss.com/icon/system.png","productId":"0dd63797-c4d6-4169-8193-1417b5973ab0","price":"1380","name":"双创大会门票"}],"totalCount":1},"msg":"ok"},"headers":{},"statusCode":"OK","statusCodeValue":200}
