2017-02-28 14:56:40.634 879  [main] INFO  c.f.b.s.ApplicationEventListener- 初始化环境变量......
2017-02-28 14:56:40.766 1011 [main] INFO  com.feedss.FeedssApplication- Starting FeedssApplication on localhost with PID 16744 (/Users/zhouyujuan/Documents/dev/code/workspace-neon/feedss/target/classes started by zhouyujuan in /Users/zhouyujuan/Documents/dev/code/workspace-neon/feedss)
2017-02-28 14:56:40.766 1011 [main] DEBUG com.feedss.FeedssApplication- Running with Spring Boot v1.4.2.RELEASE, Spring v4.3.4.RELEASE
2017-02-28 14:56:40.767 1012 [main] INFO  com.feedss.FeedssApplication- The following profiles are active: test
2017-02-28 14:56:41.051 1296 [main] INFO  c.f.b.s.ApplicationEventListener- 初始化完成......
2017-02-28 14:56:49.216 9461 [main] INFO  c.f.base.util.conf.ConfigureUtil- ConfigureUtil...
2017-02-28 14:56:49.742 9987 [main] INFO  c.f.c.q.GenerateTLSSignatureUtil- init GenerateTLSSignatureUtil...
2017-02-28 14:56:49.854 10099 [main] INFO  c.f.c.qcloud.QCloudMessageUtil- init QCloudMessageUtil...
2017-02-28 14:56:49.883 10128 [main] INFO  c.f.c.qcloud.QCloudMessageUtil- ========requestUrl = https://console.tim.qq.com/v4/openim/im_set_attr_name?sdkappid=1400025235&identifier=admin&usersig=eJxFkF1PwjAUhv-LbjXStWtWTLyYQPwAZgzMMG*a0nZ4MjbK2hEc8b87mxFvnycn7-ueS7BerO6EMaC4cJw0KrgPUHDrsT4baDQXhdNNj0NKKUboak*6sXCoe4FRSENMEPqXoHTtoAB-KFQF9SAs7HqynGWTl2fsNnL7qCM7X7RVJPLXTVtU6zhpYzvSZa1G5Dju3o9PE5vALNlNTylOlLiZf0z1crXfM-aZnrNxKbddh20uU-P1lhMTZ9nDNUyV3G-7ax-17TDFhA7SQaU9ZzELGSVs4ELKQ1s77r6N9s-4*QXfGVgt&contenttype=json&random=507296664
2017-02-28 14:56:50.224 10469 [main] INFO  com.feedss.base.util.HttpUtil- request url:https://console.tim.qq.com/v4/openim/im_set_attr_name?sdkappid=1400025235&identifier=admin&usersig=eJxFkF1PwjAUhv-LbjXStWtWTLyYQPwAZgzMMG*a0nZ4MjbK2hEc8b87mxFvnycn7-ueS7BerO6EMaC4cJw0KrgPUHDrsT4baDQXhdNNj0NKKUboak*6sXCoe4FRSENMEPqXoHTtoAB-KFQF9SAs7HqynGWTl2fsNnL7qCM7X7RVJPLXTVtU6zhpYzvSZa1G5Dju3o9PE5vALNlNTylOlLiZf0z1crXfM-aZnrNxKbddh20uU-P1lhMTZ9nDNUyV3G-7ax-17TDFhA7SQaU9ZzELGSVs4ELKQ1s77r6N9s-4*QXfGVgt&contenttype=json&random=507296664, params:{"AttrNames":{"0":"group","1":"id"}}
2017-02-28 14:56:50.872 11117 [main] INFO  com.feedss.base.util.HttpUtil- response:{"ActionStatus":"OK","ErrorInfo":"","ErrorCode":0}
2017-02-28 14:56:50.937 11182 [main] INFO  c.f.c.qcloud.QCloudMessageUtil- Header:{Content-Type=[application/json;charset=UTF-8], Accept=[application/json;charset=UTF-8], Accept-Charset=[utf-8]}
2017-02-28 14:56:51.059 11304 [main] INFO  c.f.c.qcloud.QCloudMessageUtil- ========requestUrl = https://console.tim.qq.com/v4/im_open_login_svc/account_import?sdkappid=1400025235&identifier=admin&usersig=eJxFkF1PwjAUhv-LbjXStWtWTLyYQPwAZgzMMG*a0nZ4MjbK2hEc8b87mxFvnycn7-ueS7BerO6EMaC4cJw0KrgPUHDrsT4baDQXhdNNj0NKKUboak*6sXCoe4FRSENMEPqXoHTtoAB-KFQF9SAs7HqynGWTl2fsNnL7qCM7X7RVJPLXTVtU6zhpYzvSZa1G5Dju3o9PE5vALNlNTylOlLiZf0z1crXfM-aZnrNxKbddh20uU-P1lhMTZ9nDNUyV3G-7ax-17TDFhA7SQaU9ZzELGSVs4ELKQ1s77r6N9s-4*QXfGVgt&contenttype=json&random=832043684
2017-02-28 14:56:51.559 11804 [main] INFO  c.f.c.qcloud.QCloudMessageUtil- import user to qcloud, req = {"Identifier":"nosessionAccount","Nick":"","FaceUrl":""}, resp = {"ActionStatus":"OK","ErrorInfo":"","ErrorCode":0}
2017-02-28 14:56:51.564 11809 [main] INFO  c.f.c.qcloud.QCloudMessageUtil- Header:{Content-Type=[application/json;charset=UTF-8], Accept=[application/json;charset=UTF-8], Accept-Charset=[utf-8]}
2017-02-28 14:56:51.570 11815 [main] INFO  c.f.c.qcloud.QCloudMessageUtil- ========requestUrl = https://console.tim.qq.com/v4/im_open_login_svc/account_import?sdkappid=1400025235&identifier=admin&usersig=eJxFkF1PwjAUhv-LbjXStWtWTLyYQPwAZgzMMG*a0nZ4MjbK2hEc8b87mxFvnycn7-ueS7BerO6EMaC4cJw0KrgPUHDrsT4baDQXhdNNj0NKKUboak*6sXCoe4FRSENMEPqXoHTtoAB-KFQF9SAs7HqynGWTl2fsNnL7qCM7X7RVJPLXTVtU6zhpYzvSZa1G5Dju3o9PE5vALNlNTylOlLiZf0z1crXfM-aZnrNxKbddh20uU-P1lhMTZ9nDNUyV3G-7ax-17TDFhA7SQaU9ZzELGSVs4ELKQ1s77r6N9s-4*QXfGVgt&contenttype=json&random=440604322
2017-02-28 14:56:52.013 12258 [main] INFO  c.f.c.qcloud.QCloudMessageUtil- import user to qcloud, req = {"Identifier":"systemMessageAccount","Nick":"系统消息","FaceUrl":"http://image.sc.feedss.com/icon/system.png"}, resp = {"ActionStatus":"OK","ErrorInfo":"","ErrorCode":0}
2017-02-28 14:56:56.195 16440 [main] INFO  c.f.b.s.ApplicationEventListener- 应用刷新......
2017-02-28 14:56:56.270 16515 [main] INFO  c.f.b.s.ApplicationEventListener- 应用已启动完成......
2017-02-28 14:56:56.282 16527 [main] INFO  c.f.u.service.impl.UserServiceImpl- ini admin...
2017-02-28 14:56:56.307 16552 [main] INFO  c.f.u.service.impl.UserServiceImpl- admin has exist...
2017-02-28 14:56:56.308 16553 [main] INFO  com.feedss.FeedssApplication- Started FeedssApplication in 16.124 seconds (JVM running for 16.987)
2017-02-28 14:57:00.021 20266 [pool-3-thread-1] DEBUG com.feedss.content.task.RoomTask- 监控Room在线状态....
2017-02-28 14:57:00.021 20266 [pool-3-thread-1] DEBUG com.feedss.content.task.StreamTask- 监控stream状态....
2017-02-28 14:57:00.068 20313 [pool-3-thread-1] INFO  com.feedss.user.task.ProductTask- ******************Receive Gift Start*********************
2017-02-28 14:57:00.115 20360 [pool-3-thread-1] INFO  com.feedss.user.task.ProductTask- ******************Receive Gift End*********************
2017-02-28 14:57:00.116 20361 [pool-3-thread-1] INFO  c.f.base.util.conf.ConfigureUtil- >>>>>>>>>>>>> load config ... Tue Feb 28 14:57:00 CST 2017
2017-02-28 14:57:05.003 25248 [pool-3-thread-1] INFO  com.feedss.user.task.HostListTask- ******************host list refresh start*********************
2017-02-28 14:57:05.206 25451 [pool-3-thread-1] INFO  com.feedss.base.util.RedisUtil- cachekey = MessageUserSig4cfc9383ffe14ababb606f6a25af35e4
2017-02-28 14:57:05.254 25499 [pool-3-thread-1] INFO  com.feedss.user.task.HostListTask- ******************host list refresh end*********************
2017-02-28 14:57:59.998 80243 [pool-3-thread-1] DEBUG c.feedss.content.task.AudienceTask- 监控room观众在线状态....
2017-02-28 14:57:59.998 80243 [pool-3-thread-1] DEBUG com.feedss.content.task.StreamTask- 监控stream状态....
2017-02-28 14:58:00.040 80285 [pool-3-thread-1] INFO  c.f.base.util.conf.ConfigureUtil- >>>>>>>>>>>>> load config ... Tue Feb 28 14:58:00 CST 2017
2017-02-28 14:58:00.116 80361 [pool-3-thread-1] INFO  com.feedss.user.task.ProductTask- ******************Receive Gift Start*********************
2017-02-28 14:58:00.142 80387 [pool-3-thread-1] INFO  com.feedss.user.task.ProductTask- ******************Receive Gift End*********************
2017-02-28 14:58:04.999 85244 [pool-3-thread-1] INFO  com.feedss.user.task.HostListTask- ******************host list refresh start*********************
2017-02-28 14:58:05.031 85276 [pool-3-thread-1] INFO  com.feedss.user.task.HostListTask- ******************host list refresh end*********************
2017-02-28 14:58:59.998 140243 [pool-3-thread-1] DEBUG com.feedss.content.task.StreamTask- 监控stream状态....
2017-02-28 14:59:00.191 140436 [pool-3-thread-1] INFO  com.feedss.user.task.ProductTask- ******************Receive Gift Start*********************
2017-02-28 14:59:00.377 140622 [pool-3-thread-1] INFO  com.feedss.user.task.ProductTask- ******************Receive Gift End*********************
2017-02-28 14:59:00.471 140716 [pool-3-thread-1] INFO  c.f.base.util.conf.ConfigureUtil- >>>>>>>>>>>>> load config ... Tue Feb 28 14:59:00 CST 2017
2017-02-28 14:59:05.003 145248 [pool-3-thread-1] INFO  com.feedss.user.task.HostListTask- ******************host list refresh start*********************
2017-02-28 14:59:05.038 145283 [pool-3-thread-1] INFO  com.feedss.user.task.HostListTask- ******************host list refresh end*********************
2017-02-28 14:59:17.148 157393 [http-nio-8188-exec-1] INFO  com.feedss.base.util.RedisUtil- cachekey = MessageUserSig4ba1a45e7c43460a877f73a2e774db38
2017-02-28 14:59:17.155 157400 [http-nio-8188-exec-1] INFO  com.feedss.base.util.RedisUtil- cachekey = TOKEN4ba1a45e7c43460a877f73a2e774db38
2017-02-28 14:59:17.156 157401 [http-nio-8188-exec-1] ERROR c.f.base.spring.LoginInterceptor- userAuth fail, log = request info: url:/category/ userId:4ba1a45e-7c43-460a-877f-73a2e774db38 userToken:c278e2758b91bc92eeb2ebab0aa7c343
2017-02-28 14:59:59.996 200241 [pool-3-thread-1] DEBUG c.f.content.task.CategoryStreamTask- 更新分类下统计直播间和回放数量....
2017-02-28 15:00:00.607 200852 [pool-3-thread-1] INFO  c.f.p.t.HandleOverdueInterationTask- ******************handle overdue refresh start*********************
2017-02-28 15:00:00.619 200864 [pool-3-thread-1] DEBUG com.feedss.content.task.RoomTask- 监控Room在线状态....
2017-02-28 15:00:00.619 200864 [pool-3-thread-1] DEBUG c.feedss.content.task.AudienceTask- 监控room观众在线状态....
2017-02-28 15:00:00.619 200864 [pool-3-thread-1] DEBUG com.feedss.content.task.StreamTask- 监控stream状态....
2017-02-28 15:00:00.642 200887 [pool-3-thread-1] INFO  c.f.base.util.conf.ConfigureUtil- >>>>>>>>>>>>> load config ... Tue Feb 28 15:00:00 CST 2017
2017-02-28 15:00:00.712 200957 [pool-3-thread-1] INFO  com.feedss.user.task.ProductTask- ******************Receive Gift Start*********************
2017-02-28 15:00:00.740 200985 [pool-3-thread-1] INFO  com.feedss.user.task.ProductTask- ******************Receive Gift End*********************
2017-02-28 15:00:05.003 205248 [pool-3-thread-1] INFO  com.feedss.user.task.HostListTask- ******************host list refresh start*********************
2017-02-28 15:00:05.069 205314 [pool-3-thread-1] INFO  com.feedss.user.task.HostListTask- ******************host list refresh end*********************
2017-02-28 15:01:00.020 260265 [pool-3-thread-1] INFO  com.feedss.user.task.ProductTask- ******************Receive Gift Start*********************
2017-02-28 15:01:00.049 260294 [pool-3-thread-1] INFO  com.feedss.user.task.ProductTask- ******************Receive Gift End*********************
2017-02-28 15:01:00.049 260294 [pool-3-thread-1] INFO  c.f.base.util.conf.ConfigureUtil- >>>>>>>>>>>>> load config ... Tue Feb 28 15:01:00 CST 2017
2017-02-28 15:01:00.108 260353 [pool-3-thread-1] DEBUG com.feedss.content.task.StreamTask- 监控stream状态....
2017-02-28 15:01:04.998 265243 [pool-3-thread-1] INFO  com.feedss.user.task.HostListTask- ******************host list refresh start*********************
2017-02-28 15:01:05.052 265297 [pool-3-thread-1] INFO  com.feedss.user.task.HostListTask- ******************host list refresh end*********************
2017-02-28 15:01:59.999 320244 [pool-3-thread-1] DEBUG c.feedss.content.task.AudienceTask- 监控room观众在线状态....
2017-02-28 15:02:00.018 320263 [pool-3-thread-1] DEBUG com.feedss.content.task.StreamTask- 监控stream状态....
2017-02-28 15:02:00.047 320292 [pool-3-thread-1] INFO  com.feedss.user.task.ProductTask- ******************Receive Gift Start*********************
2017-02-28 15:02:00.072 320317 [pool-3-thread-1] INFO  com.feedss.user.task.ProductTask- ******************Receive Gift End*********************
2017-02-28 15:02:00.072 320317 [pool-3-thread-1] INFO  c.f.base.util.conf.ConfigureUtil- >>>>>>>>>>>>> load config ... Tue Feb 28 15:02:00 CST 2017
2017-02-28 15:02:04.999 325244 [pool-3-thread-1] INFO  com.feedss.user.task.HostListTask- ******************host list refresh start*********************
2017-02-28 15:02:05.033 325278 [pool-3-thread-1] INFO  com.feedss.user.task.HostListTask- ******************host list refresh end*********************
2017-02-28 15:02:59.994 380239 [pool-3-thread-1] DEBUG com.feedss.content.task.RoomTask- 监控Room在线状态....
2017-02-28 15:03:00.015 380260 [pool-3-thread-1] DEBUG com.feedss.content.task.StreamTask- 监控stream状态....
2017-02-28 15:03:00.027 380272 [pool-3-thread-1] INFO  com.feedss.user.task.ProductTask- ******************Receive Gift Start*********************
2017-02-28 15:03:00.109 380354 [pool-3-thread-1] INFO  com.feedss.user.task.ProductTask- ******************Receive Gift End*********************
2017-02-28 15:03:00.109 380354 [pool-3-thread-1] INFO  c.f.base.util.conf.ConfigureUtil- >>>>>>>>>>>>> load config ... Tue Feb 28 15:03:00 CST 2017
2017-02-28 15:03:05.003 385248 [pool-3-thread-1] INFO  com.feedss.user.task.HostListTask- ******************host list refresh start*********************
2017-02-28 15:03:05.056 385301 [pool-3-thread-1] INFO  com.feedss.user.task.HostListTask- ******************host list refresh end*********************
2017-02-28 15:03:59.999 440244 [pool-3-thread-1] DEBUG c.feedss.content.task.AudienceTask- 监控room观众在线状态....
2017-02-28 15:04:00.015 440260 [pool-3-thread-1] INFO  com.feedss.user.task.ProductTask- ******************Receive Gift Start*********************
2017-02-28 15:04:00.039 440284 [pool-3-thread-1] INFO  com.feedss.user.task.ProductTask- ******************Receive Gift End*********************
2017-02-28 15:04:00.039 440284 [pool-3-thread-1] INFO  c.f.base.util.conf.ConfigureUtil- >>>>>>>>>>>>> load config ... Tue Feb 28 15:04:00 CST 2017
2017-02-28 15:04:00.097 440342 [pool-3-thread-1] DEBUG com.feedss.content.task.StreamTask- 监控stream状态....
2017-02-28 15:04:05.003 445248 [pool-3-thread-1] INFO  com.feedss.user.task.HostListTask- ******************host list refresh start*********************
2017-02-28 15:04:05.048 445293 [pool-3-thread-1] INFO  com.feedss.user.task.HostListTask- ******************host list refresh end*********************
2017-02-28 15:04:59.994 500239 [pool-3-thread-1] DEBUG c.f.content.task.CategoryStreamTask- 更新分类下统计直播间和回放数量....
2017-02-28 15:05:00.419 500664 [pool-3-thread-1] INFO  c.f.base.util.conf.ConfigureUtil- >>>>>>>>>>>>> load config ... Tue Feb 28 15:05:00 CST 2017
2017-02-28 15:05:00.556 500801 [pool-3-thread-1] DEBUG com.feedss.content.task.StreamTask- 监控stream状态....
2017-02-28 15:05:00.569 500814 [pool-3-thread-1] INFO  com.feedss.user.task.ProductTask- ******************Receive Gift Start*********************
2017-02-28 15:05:00.608 500853 [pool-3-thread-1] INFO  com.feedss.user.task.ProductTask- ******************Receive Gift End*********************
2017-02-28 15:05:05.003 505248 [pool-3-thread-1] INFO  com.feedss.user.task.HostListTask- ******************host list refresh start*********************
2017-02-28 15:05:05.046 505291 [pool-3-thread-1] INFO  com.feedss.user.task.HostListTask- ******************host list refresh end*********************
2017-02-28 15:05:59.996 560241 [pool-3-thread-1] DEBUG com.feedss.content.task.RoomTask- 监控Room在线状态....
2017-02-28 15:05:59.996 560241 [pool-3-thread-1] DEBUG c.feedss.content.task.AudienceTask- 监控room观众在线状态....
2017-02-28 15:05:59.998 560243 [pool-3-thread-1] DEBUG com.feedss.content.task.StreamTask- 监控stream状态....
2017-02-28 15:06:00.013 560258 [pool-3-thread-1] INFO  com.feedss.user.task.ProductTask- ******************Receive Gift Start*********************
2017-02-28 15:06:00.112 560357 [pool-3-thread-1] INFO  com.feedss.user.task.ProductTask- ******************Receive Gift End*********************
2017-02-28 15:06:00.112 560357 [pool-3-thread-1] INFO  c.f.base.util.conf.ConfigureUtil- >>>>>>>>>>>>> load config ... Tue Feb 28 15:06:00 CST 2017
2017-02-28 15:06:05.001 565246 [pool-3-thread-1] INFO  com.feedss.user.task.HostListTask- ******************host list refresh start*********************
2017-02-28 15:06:05.030 565275 [pool-3-thread-1] INFO  com.feedss.user.task.HostListTask- ******************host list refresh end*********************
2017-02-28 15:07:00.026 620271 [pool-3-thread-1] INFO  c.f.base.util.conf.ConfigureUtil- >>>>>>>>>>>>> load config ... Tue Feb 28 15:07:00 CST 2017
2017-02-28 15:07:00.092 620337 [pool-3-thread-1] DEBUG com.feedss.content.task.StreamTask- 监控stream状态....
2017-02-28 15:07:00.100 620345 [pool-3-thread-1] INFO  com.feedss.user.task.ProductTask- ******************Receive Gift Start*********************
2017-02-28 15:07:00.125 620370 [pool-3-thread-1] INFO  com.feedss.user.task.ProductTask- ******************Receive Gift End*********************
2017-02-28 15:07:05.000 625245 [pool-3-thread-1] INFO  com.feedss.user.task.HostListTask- ******************host list refresh start*********************
2017-02-28 15:07:05.032 625277 [pool-3-thread-1] INFO  com.feedss.user.task.HostListTask- ******************host list refresh end*********************
2017-02-28 16:01:23.101 583  [main] INFO  c.f.b.s.ApplicationEventListener- 初始化环境变量......
2017-02-28 16:01:23.180 662  [main] INFO  com.feedss.FeedssApplication- Starting FeedssApplication on localhost with PID 17783 (/Users/zhouyujuan/Documents/dev/code/workspace-neon/feedss/target/classes started by zhouyujuan in /Users/zhouyujuan/Documents/dev/code/workspace-neon/feedss)
2017-02-28 16:01:23.181 663  [main] DEBUG com.feedss.FeedssApplication- Running with Spring Boot v1.4.2.RELEASE, Spring v4.3.4.RELEASE
2017-02-28 16:01:23.181 663  [main] INFO  com.feedss.FeedssApplication- The following profiles are active: test
2017-02-28 16:01:23.414 896  [main] INFO  c.f.b.s.ApplicationEventListener- 初始化完成......
2017-02-28 16:01:30.020 7502 [main] INFO  c.f.base.util.conf.ConfigureUtil- ConfigureUtil...
2017-02-28 16:01:30.547 8029 [main] INFO  c.f.c.q.GenerateTLSSignatureUtil- init GenerateTLSSignatureUtil...
2017-02-28 16:01:30.551 8033 [main] INFO  c.f.c.qcloud.QCloudMessageUtil- init QCloudMessageUtil...
2017-02-28 16:01:30.597 8079 [main] INFO  c.f.c.qcloud.QCloudMessageUtil- ========requestUrl = https://console.tim.qq.com/v4/openim/im_set_attr_name?sdkappid=1400025235&identifier=admin&usersig=eJxFkF1PwjAUhv-LbjXStWtWTLyYQPwAZgzMMG*a0nZ4MjbK2hEc8b87mxFvnycn7-ueS7BerO6EMaC4cJw0KrgPUHDrsT4baDQXhdNNj0NKKUboak*6sXCoe4FRSENMEPqXoHTtoAB-KFQF9SAs7HqynGWTl2fsNnL7qCM7X7RVJPLXTVtU6zhpYzvSZa1G5Dju3o9PE5vALNlNTylOlLiZf0z1crXfM-aZnrNxKbddh20uU-P1lhMTZ9nDNUyV3G-7ax-17TDFhA7SQaU9ZzELGSVs4ELKQ1s77r6N9s-4*QXfGVgt&contenttype=json&random=210152832
2017-02-28 16:01:30.636 8118 [main] INFO  com.feedss.base.util.HttpUtil- request url:https://console.tim.qq.com/v4/openim/im_set_attr_name?sdkappid=1400025235&identifier=admin&usersig=eJxFkF1PwjAUhv-LbjXStWtWTLyYQPwAZgzMMG*a0nZ4MjbK2hEc8b87mxFvnycn7-ueS7BerO6EMaC4cJw0KrgPUHDrsT4baDQXhdNNj0NKKUboak*6sXCoe4FRSENMEPqXoHTtoAB-KFQF9SAs7HqynGWTl2fsNnL7qCM7X7RVJPLXTVtU6zhpYzvSZa1G5Dju3o9PE5vALNlNTylOlLiZf0z1crXfM-aZnrNxKbddh20uU-P1lhMTZ9nDNUyV3G-7ax-17TDFhA7SQaU9ZzELGSVs4ELKQ1s77r6N9s-4*QXfGVgt&contenttype=json&random=210152832, params:{"AttrNames":{"0":"group","1":"id"}}
2017-02-28 16:01:31.593 9075 [main] INFO  com.feedss.base.util.HttpUtil- response:{"ActionStatus":"OK","ErrorInfo":"","ErrorCode":0}
2017-02-28 16:01:31.618 9100 [main] INFO  c.f.c.qcloud.QCloudMessageUtil- Header:{Content-Type=[application/json;charset=UTF-8], Accept=[application/json;charset=UTF-8], Accept-Charset=[utf-8]}
2017-02-28 16:01:31.697 9179 [main] INFO  c.f.c.qcloud.QCloudMessageUtil- ========requestUrl = https://console.tim.qq.com/v4/im_open_login_svc/account_import?sdkappid=1400025235&identifier=admin&usersig=eJxFkF1PwjAUhv-LbjXStWtWTLyYQPwAZgzMMG*a0nZ4MjbK2hEc8b87mxFvnycn7-ueS7BerO6EMaC4cJw0KrgPUHDrsT4baDQXhdNNj0NKKUboak*6sXCoe4FRSENMEPqXoHTtoAB-KFQF9SAs7HqynGWTl2fsNnL7qCM7X7RVJPLXTVtU6zhpYzvSZa1G5Dju3o9PE5vALNlNTylOlLiZf0z1crXfM-aZnrNxKbddh20uU-P1lhMTZ9nDNUyV3G-7ax-17TDFhA7SQaU9ZzELGSVs4ELKQ1s77r6N9s-4*QXfGVgt&contenttype=json&random=683723536
2017-02-28 16:01:31.989 9471 [main] INFO  c.f.c.qcloud.QCloudMessageUtil- import user to qcloud, req = {"Identifier":"nosessionAccount","Nick":"","FaceUrl":""}, resp = {"ActionStatus":"OK","ErrorInfo":"","ErrorCode":0}
2017-02-28 16:01:31.993 9475 [main] INFO  c.f.c.qcloud.QCloudMessageUtil- Header:{Content-Type=[application/json;charset=UTF-8], Accept=[application/json;charset=UTF-8], Accept-Charset=[utf-8]}
2017-02-28 16:01:31.998 9480 [main] INFO  c.f.c.qcloud.QCloudMessageUtil- ========requestUrl = https://console.tim.qq.com/v4/im_open_login_svc/account_import?sdkappid=1400025235&identifier=admin&usersig=eJxFkF1PwjAUhv-LbjXStWtWTLyYQPwAZgzMMG*a0nZ4MjbK2hEc8b87mxFvnycn7-ueS7BerO6EMaC4cJw0KrgPUHDrsT4baDQXhdNNj0NKKUboak*6sXCoe4FRSENMEPqXoHTtoAB-KFQF9SAs7HqynGWTl2fsNnL7qCM7X7RVJPLXTVtU6zhpYzvSZa1G5Dju3o9PE5vALNlNTylOlLiZf0z1crXfM-aZnrNxKbddh20uU-P1lhMTZ9nDNUyV3G-7ax-17TDFhA7SQaU9ZzELGSVs4ELKQ1s77r6N9s-4*QXfGVgt&contenttype=json&random=455850541
2017-02-28 16:01:32.616 10098 [main] INFO  c.f.c.qcloud.QCloudMessageUtil- import user to qcloud, req = {"Identifier":"systemMessageAccount","Nick":"系统消息","FaceUrl":"http://image.sc.feedss.com/icon/system.png"}, resp = {"ActionStatus":"OK","ErrorInfo":"","ErrorCode":0}
2017-02-28 16:01:35.732 13214 [main] INFO  c.f.b.s.ApplicationEventListener- 应用刷新......
2017-02-28 16:01:35.794 13276 [main] INFO  c.f.b.s.ApplicationEventListener- 应用已启动完成......
2017-02-28 16:01:35.804 13286 [main] INFO  c.f.u.service.impl.UserServiceImpl- ini admin...
2017-02-28 16:01:35.823 13305 [main] INFO  c.f.u.service.impl.UserServiceImpl- admin has exist...
2017-02-28 16:01:35.824 13306 [main] INFO  com.feedss.FeedssApplication- Started FeedssApplication in 13.006 seconds (JVM running for 13.471)
2017-02-28 16:01:40.122 17604 [http-nio-8188-exec-1] INFO  c.f.base.spring.ControllerLogAop- request info: url:/category/, Headers{ userId:4ba1a45e-7c43-460a-877f-73a2e774db38, userToken:c278e2758b91bc92eeb2ebab0aa7c343, deviceId:null, deviceAgent:null, deviceType:null, deviceVersion:null, appChannel:null, appVersion:null}, Params{ }, Body:{"userId":"4ba1a45e-7c43-460a-877f-73a2e774db38"}
2017-02-28 16:01:40.188 17670 [http-nio-8188-exec-1] INFO  c.f.base.spring.ControllerLogAop- execute info: url:/category/, Headers{ userId:4ba1a45e-7c43-460a-877f-73a2e774db38, userToken:c278e2758b91bc92eeb2ebab0aa7c343, deviceId:null, deviceAgent:null, deviceType:null, deviceVersion:null, appChannel:null, appVersion:null}, Params{ }, Body:{"userId":"4ba1a45e-7c43-460a-877f-73a2e774db38"}, execute time len:46ms, response data:{"body":{"code":0,"data":{"onlineList":[],"playbackList":[]},"msg":"ok"},"headers":{},"statusCode":"OK","statusCodeValue":200}
2017-02-28 16:01:47.539 25021 [Thread-7] INFO  c.f.b.s.ApplicationEventListener- 应用关闭......
2017-02-28 16:01:53.345 664  [main] INFO  c.f.b.s.ApplicationEventListener- 初始化环境变量......
2017-02-28 16:01:53.445 764  [main] INFO  com.feedss.FeedssApplication- Starting FeedssApplication on localhost with PID 17793 (/Users/zhouyujuan/Documents/dev/code/workspace-neon/feedss/target/classes started by zhouyujuan in /Users/zhouyujuan/Documents/dev/code/workspace-neon/feedss)
2017-02-28 16:01:53.445 764  [main] DEBUG com.feedss.FeedssApplication- Running with Spring Boot v1.4.2.RELEASE, Spring v4.3.4.RELEASE
2017-02-28 16:01:53.445 764  [main] INFO  com.feedss.FeedssApplication- The following profiles are active: test
2017-02-28 16:01:53.706 1025 [main] INFO  c.f.b.s.ApplicationEventListener- 初始化完成......
2017-02-28 16:02:01.563 8882 [main] INFO  c.f.base.util.conf.ConfigureUtil- ConfigureUtil...
2017-02-28 16:02:02.120 9439 [main] INFO  c.f.c.q.GenerateTLSSignatureUtil- init GenerateTLSSignatureUtil...
2017-02-28 16:02:02.124 9443 [main] INFO  c.f.c.qcloud.QCloudMessageUtil- init QCloudMessageUtil...
2017-02-28 16:02:02.180 9499 [main] INFO  c.f.c.qcloud.QCloudMessageUtil- ========requestUrl = https://console.tim.qq.com/v4/openim/im_set_attr_name?sdkappid=1400025235&identifier=admin&usersig=eJxFkF1PwjAUhv-LbjXStWtWTLyYQPwAZgzMMG*a0nZ4MjbK2hEc8b87mxFvnycn7-ueS7BerO6EMaC4cJw0KrgPUHDrsT4baDQXhdNNj0NKKUboak*6sXCoe4FRSENMEPqXoHTtoAB-KFQF9SAs7HqynGWTl2fsNnL7qCM7X7RVJPLXTVtU6zhpYzvSZa1G5Dju3o9PE5vALNlNTylOlLiZf0z1crXfM-aZnrNxKbddh20uU-P1lhMTZ9nDNUyV3G-7ax-17TDFhA7SQaU9ZzELGSVs4ELKQ1s77r6N9s-4*QXfGVgt&contenttype=json&random=967639027
2017-02-28 16:02:02.226 9545 [main] INFO  com.feedss.base.util.HttpUtil- request url:https://console.tim.qq.com/v4/openim/im_set_attr_name?sdkappid=1400025235&identifier=admin&usersig=eJxFkF1PwjAUhv-LbjXStWtWTLyYQPwAZgzMMG*a0nZ4MjbK2hEc8b87mxFvnycn7-ueS7BerO6EMaC4cJw0KrgPUHDrsT4baDQXhdNNj0NKKUboak*6sXCoe4FRSENMEPqXoHTtoAB-KFQF9SAs7HqynGWTl2fsNnL7qCM7X7RVJPLXTVtU6zhpYzvSZa1G5Dju3o9PE5vALNlNTylOlLiZf0z1crXfM-aZnrNxKbddh20uU-P1lhMTZ9nDNUyV3G-7ax-17TDFhA7SQaU9ZzELGSVs4ELKQ1s77r6N9s-4*QXfGVgt&contenttype=json&random=967639027, params:{"AttrNames":{"0":"group","1":"id"}}
2017-02-28 16:02:03.130 10449 [main] INFO  com.feedss.base.util.HttpUtil- response:{"ActionStatus":"OK","ErrorInfo":"","ErrorCode":0}
2017-02-28 16:02:03.157 10476 [main] INFO  c.f.c.qcloud.QCloudMessageUtil- Header:{Content-Type=[application/json;charset=UTF-8], Accept=[application/json;charset=UTF-8], Accept-Charset=[utf-8]}
2017-02-28 16:02:03.262 10581 [main] INFO  c.f.c.qcloud.QCloudMessageUtil- ========requestUrl = https://console.tim.qq.com/v4/im_open_login_svc/account_import?sdkappid=1400025235&identifier=admin&usersig=eJxFkF1PwjAUhv-LbjXStWtWTLyYQPwAZgzMMG*a0nZ4MjbK2hEc8b87mxFvnycn7-ueS7BerO6EMaC4cJw0KrgPUHDrsT4baDQXhdNNj0NKKUboak*6sXCoe4FRSENMEPqXoHTtoAB-KFQF9SAs7HqynGWTl2fsNnL7qCM7X7RVJPLXTVtU6zhpYzvSZa1G5Dju3o9PE5vALNlNTylOlLiZf0z1crXfM-aZnrNxKbddh20uU-P1lhMTZ9nDNUyV3G-7ax-17TDFhA7SQaU9ZzELGSVs4ELKQ1s77r6N9s-4*QXfGVgt&contenttype=json&random=188463778
2017-02-28 16:02:03.949 11268 [main] INFO  c.f.c.qcloud.QCloudMessageUtil- import user to qcloud, req = {"Identifier":"nosessionAccount","Nick":"","FaceUrl":""}, resp = {"ActionStatus":"OK","ErrorInfo":"","ErrorCode":0}
2017-02-28 16:02:03.954 11273 [main] INFO  c.f.c.qcloud.QCloudMessageUtil- Header:{Content-Type=[application/json;charset=UTF-8], Accept=[application/json;charset=UTF-8], Accept-Charset=[utf-8]}
2017-02-28 16:02:03.960 11279 [main] INFO  c.f.c.qcloud.QCloudMessageUtil- ========requestUrl = https://console.tim.qq.com/v4/im_open_login_svc/account_import?sdkappid=1400025235&identifier=admin&usersig=eJxFkF1PwjAUhv-LbjXStWtWTLyYQPwAZgzMMG*a0nZ4MjbK2hEc8b87mxFvnycn7-ueS7BerO6EMaC4cJw0KrgPUHDrsT4baDQXhdNNj0NKKUboak*6sXCoe4FRSENMEPqXoHTtoAB-KFQF9SAs7HqynGWTl2fsNnL7qCM7X7RVJPLXTVtU6zhpYzvSZa1G5Dju3o9PE5vALNlNTylOlLiZf0z1crXfM-aZnrNxKbddh20uU-P1lhMTZ9nDNUyV3G-7ax-17TDFhA7SQaU9ZzELGSVs4ELKQ1s77r6N9s-4*QXfGVgt&contenttype=json&random=187339004
2017-02-28 16:02:04.564 11883 [main] INFO  c.f.c.qcloud.QCloudMessageUtil- import user to qcloud, req = {"Identifier":"systemMessageAccount","Nick":"系统消息","FaceUrl":"http://image.sc.feedss.com/icon/system.png"}, resp = {"ActionStatus":"OK","ErrorInfo":"","ErrorCode":0}
2017-02-28 16:02:08.719 16038 [main] INFO  c.f.b.s.ApplicationEventListener- 应用刷新......
2017-02-28 16:02:08.793 16112 [main] INFO  c.f.b.s.ApplicationEventListener- 应用已启动完成......
2017-02-28 16:02:08.806 16125 [main] INFO  c.f.u.service.impl.UserServiceImpl- ini admin...
2017-02-28 16:02:08.826 16145 [main] INFO  c.f.u.service.impl.UserServiceImpl- admin has exist...
2017-02-28 16:02:08.827 16146 [main] INFO  com.feedss.FeedssApplication- Started FeedssApplication in 15.809 seconds (JVM running for 16.452)
2017-02-28 16:02:21.746 29065 [http-nio-8188-exec-1] INFO  c.f.base.spring.ControllerLogAop- request info: url:/category/, Headers{ userId:4ba1a45e-7c43-460a-877f-73a2e774db38, userToken:c278e2758b91bc92eeb2ebab0aa7c343, deviceId:null, deviceAgent:null, deviceType:null, deviceVersion:null, appChannel:null, appVersion:null}, Params{ }, Body:{"userId":"4ba1a45e-7c43-460a-877f-73a2e774db38"}
2017-02-28 16:02:21.818 29137 [http-nio-8188-exec-1] INFO  c.f.base.spring.ControllerLogAop- execute info: url:/category/, Headers{ userId:4ba1a45e-7c43-460a-877f-73a2e774db38, userToken:c278e2758b91bc92eeb2ebab0aa7c343, deviceId:null, deviceAgent:null, deviceType:null, deviceVersion:null, appChannel:null, appVersion:null}, Params{ }, Body:{"userId":"4ba1a45e-7c43-460a-877f-73a2e774db38"}, execute time len:54ms, response data:{"body":{"code":0,"data":{"onlineList":[],"playbackList":[]},"msg":"ok"},"headers":{},"statusCode":"OK","statusCodeValue":200}
2017-02-28 16:02:49.688 57007 [http-nio-8188-exec-2] INFO  c.f.base.spring.ControllerLogAop- request info: url:/category/, Headers{ userId:4ba1a45e-7c43-460a-877f-73a2e774db38, userToken:c278e2758b91bc92eeb2ebab0aa7c343, deviceId:null, deviceAgent:null, deviceType:null, deviceVersion:null, appChannel:null, appVersion:null}, Params{ }, Body:{"userId":"4ba1a45e-7c43-460a-877f-73a2e774db38"}
2017-02-28 16:02:59.998 67317 [pool-2-thread-1] INFO  com.feedss.user.task.ProductTask- ******************Receive Gift Start*********************
2017-02-28 16:03:00.047 67366 [pool-2-thread-1] INFO  com.feedss.user.task.ProductTask- ******************Receive Gift End*********************
2017-02-28 16:03:00.048 67367 [pool-2-thread-1] INFO  c.f.base.util.conf.ConfigureUtil- >>>>>>>>>>>>> load config ... Tue Feb 28 16:03:00 CST 2017
2017-02-28 16:03:00.141 67460 [pool-2-thread-1] DEBUG com.feedss.content.task.RoomTask- 监控Room在线状态....
2017-02-28 16:03:00.141 67460 [pool-2-thread-1] DEBUG com.feedss.content.task.StreamTask- 监控stream状态....
2017-02-28 16:03:05.004 72323 [pool-2-thread-1] INFO  com.feedss.user.task.HostListTask- ******************host list refresh start*********************
2017-02-28 16:03:05.212 72531 [pool-2-thread-1] INFO  com.feedss.base.util.RedisUtil- cachekey = MessageUserSig4cfc9383ffe14ababb606f6a25af35e4
2017-02-28 16:03:05.235 72554 [pool-2-thread-1] INFO  com.feedss.user.task.HostListTask- ******************host list refresh end*********************
2017-02-28 16:03:59.999 127318 [pool-2-thread-1] DEBUG c.feedss.content.task.AudienceTask- 监控room观众在线状态....
2017-02-28 16:03:59.999 127318 [pool-2-thread-1] DEBUG com.feedss.content.task.StreamTask- 监控stream状态....
2017-02-28 16:04:00.023 127342 [pool-2-thread-1] INFO  com.feedss.user.task.ProductTask- ******************Receive Gift Start*********************
2017-02-28 16:04:00.056 127375 [pool-2-thread-1] INFO  com.feedss.user.task.ProductTask- ******************Receive Gift End*********************
2017-02-28 16:04:00.056 127375 [pool-2-thread-1] INFO  c.f.base.util.conf.ConfigureUtil- >>>>>>>>>>>>> load config ... Tue Feb 28 16:04:00 CST 2017
2017-02-28 16:04:05.003 132322 [pool-2-thread-1] INFO  com.feedss.user.task.HostListTask- ******************host list refresh start*********************
2017-02-28 16:04:05.060 132379 [pool-2-thread-1] INFO  com.feedss.user.task.HostListTask- ******************host list refresh end*********************
2017-02-28 16:04:59.998 187317 [pool-2-thread-1] DEBUG c.f.content.task.CategoryStreamTask- 更新分类下统计直播间和回放数量....
2017-02-28 16:05:00.027 187346 [pool-2-thread-1] DEBUG com.feedss.content.task.StreamTask- 监控stream状态....
2017-02-28 16:05:00.048 187367 [pool-2-thread-1] INFO  c.f.base.util.conf.ConfigureUtil- >>>>>>>>>>>>> load config ... Tue Feb 28 16:05:00 CST 2017
2017-02-28 16:05:00.140 187459 [pool-2-thread-1] INFO  com.feedss.user.task.ProductTask- ******************Receive Gift Start*********************
2017-02-28 16:05:00.169 187488 [pool-2-thread-1] INFO  com.feedss.user.task.ProductTask- ******************Receive Gift End*********************
2017-02-28 16:05:05.003 192322 [pool-2-thread-1] INFO  com.feedss.user.task.HostListTask- ******************host list refresh start*********************
2017-02-28 16:05:05.036 192355 [pool-2-thread-1] INFO  com.feedss.user.task.HostListTask- ******************host list refresh end*********************
2017-02-28 16:05:59.999 247318 [pool-2-thread-1] DEBUG com.feedss.content.task.RoomTask- 监控Room在线状态....
2017-02-28 16:05:59.999 247318 [pool-2-thread-1] DEBUG c.feedss.content.task.AudienceTask- 监控room观众在线状态....
2017-02-28 16:06:00.017 247336 [pool-2-thread-1] INFO  c.f.base.util.conf.ConfigureUtil- >>>>>>>>>>>>> load config ... Tue Feb 28 16:06:00 CST 2017
2017-02-28 16:06:00.083 247402 [pool-2-thread-1] DEBUG com.feedss.content.task.StreamTask- 监控stream状态....
2017-02-28 16:06:00.091 247410 [pool-2-thread-1] INFO  com.feedss.user.task.ProductTask- ******************Receive Gift Start*********************
2017-02-28 16:06:00.115 247434 [pool-2-thread-1] INFO  com.feedss.user.task.ProductTask- ******************Receive Gift End*********************
2017-02-28 16:06:05.003 252322 [pool-2-thread-1] INFO  com.feedss.user.task.HostListTask- ******************host list refresh start*********************
2017-02-28 16:06:05.033 252352 [pool-2-thread-1] INFO  com.feedss.user.task.HostListTask- ******************host list refresh end*********************
2017-02-28 16:06:59.999 307318 [pool-2-thread-1] INFO  com.feedss.user.task.ProductTask- ******************Receive Gift Start*********************
2017-02-28 16:07:00.031 307350 [pool-2-thread-1] INFO  com.feedss.user.task.ProductTask- ******************Receive Gift End*********************
2017-02-28 16:07:00.032 307351 [pool-2-thread-1] INFO  c.f.base.util.conf.ConfigureUtil- >>>>>>>>>>>>> load config ... Tue Feb 28 16:07:00 CST 2017
2017-02-28 16:07:00.147 307466 [pool-2-thread-1] DEBUG com.feedss.content.task.StreamTask- 监控stream状态....
2017-02-28 16:07:05.000 312319 [pool-2-thread-1] INFO  com.feedss.user.task.HostListTask- ******************host list refresh start*********************
2017-02-28 16:07:05.066 312385 [pool-2-thread-1] INFO  com.feedss.user.task.HostListTask- ******************host list refresh end*********************
2017-02-28 16:07:59.998 367317 [pool-2-thread-1] DEBUG c.feedss.content.task.AudienceTask- 监控room观众在线状态....
2017-02-28 16:07:59.998 367317 [pool-2-thread-1] INFO  c.f.base.util.conf.ConfigureUtil- >>>>>>>>>>>>> load config ... Tue Feb 28 16:07:59 CST 2017
2017-02-28 16:08:00.080 367399 [pool-2-thread-1] INFO  com.feedss.user.task.ProductTask- ******************Receive Gift Start*********************
2017-02-28 16:08:00.112 367431 [pool-2-thread-1] INFO  com.feedss.user.task.ProductTask- ******************Receive Gift End*********************
2017-02-28 16:08:00.112 367431 [pool-2-thread-1] DEBUG com.feedss.content.task.StreamTask- 监控stream状态....
2017-02-28 16:08:04.999 372318 [pool-2-thread-1] INFO  com.feedss.user.task.HostListTask- ******************host list refresh start*********************
2017-02-28 16:08:05.034 372353 [pool-2-thread-1] INFO  com.feedss.user.task.HostListTask- ******************host list refresh end*********************
2017-02-28 16:08:59.999 427318 [pool-2-thread-1] DEBUG com.feedss.content.task.RoomTask- 监控Room在线状态....
2017-02-28 16:08:59.999 427318 [pool-2-thread-1] INFO  c.f.base.util.conf.ConfigureUtil- >>>>>>>>>>>>> load config ... Tue Feb 28 16:08:59 CST 2017
2017-02-28 16:09:00.069 427388 [pool-2-thread-1] INFO  com.feedss.user.task.ProductTask- ******************Receive Gift Start*********************
2017-02-28 16:09:00.095 427414 [pool-2-thread-1] INFO  com.feedss.user.task.ProductTask- ******************Receive Gift End*********************
2017-02-28 16:09:00.095 427414 [pool-2-thread-1] DEBUG com.feedss.content.task.StreamTask- 监控stream状态....
2017-02-28 16:09:05.001 432320 [pool-2-thread-1] INFO  com.feedss.user.task.HostListTask- ******************host list refresh start*********************
2017-02-28 16:09:05.034 432353 [pool-2-thread-1] INFO  com.feedss.user.task.HostListTask- ******************host list refresh end*********************
2017-02-28 16:09:59.990 487309 [pool-2-thread-1] DEBUG c.f.content.task.CategoryStreamTask- 更新分类下统计直播间和回放数量....
2017-02-28 16:24:56.558 574  [main] INFO  c.f.b.s.ApplicationEventListener- 初始化环境变量......
2017-02-28 16:24:56.638 654  [main] INFO  com.feedss.FeedssApplication- Starting FeedssApplication on localhost with PID 18179 (/Users/zhouyujuan/Documents/dev/code/workspace-neon/feedss/target/classes started by zhouyujuan in /Users/zhouyujuan/Documents/dev/code/workspace-neon/feedss)
2017-02-28 16:24:56.639 655  [main] DEBUG com.feedss.FeedssApplication- Running with Spring Boot v1.4.2.RELEASE, Spring v4.3.4.RELEASE
2017-02-28 16:24:56.639 655  [main] INFO  com.feedss.FeedssApplication- The following profiles are active: test
2017-02-28 16:24:56.876 892  [main] INFO  c.f.b.s.ApplicationEventListener- 初始化完成......
2017-02-28 16:25:03.302 7318 [main] INFO  c.f.base.util.conf.ConfigureUtil- ConfigureUtil...
2017-02-28 16:25:03.794 7810 [main] INFO  c.f.c.q.GenerateTLSSignatureUtil- init GenerateTLSSignatureUtil...
2017-02-28 16:25:03.798 7814 [main] INFO  c.f.c.qcloud.QCloudMessageUtil- init QCloudMessageUtil...
2017-02-28 16:25:03.840 7856 [main] INFO  c.f.c.qcloud.QCloudMessageUtil- ========requestUrl = https://console.tim.qq.com/v4/openim/im_set_attr_name?sdkappid=1400025235&identifier=admin&usersig=eJxFkFFPgzAQgP8Lrxp3lNYZ3wBnKI6YOWLUl6ahBc7ZQqBbQON-l5ERX78vl-vufrx8u7*RbYtKSCeCTnn3HnjXM9ZDi50WsnS6m7DPGCMAiz3prsfGToKAz3wSAPxLVNo6LHEelMqgvYgeq4lkm-eY7x76IOX4oSANx9cIhsZUW7fefVqTJzbpOI-CU0Llvoa64nWYrUa6unobyufgy337MUvXsYqCwzHmT26TF4-GvkBmya1NlmXqIObbzvV0qpsqKblIh0bP-I6BTyksXBZFc7ROuLHV8zN*-wBpAVcC&contenttype=json&random=854213935
2017-02-28 16:25:03.880 7896 [main] INFO  com.feedss.base.util.HttpUtil- request url:https://console.tim.qq.com/v4/openim/im_set_attr_name?sdkappid=1400025235&identifier=admin&usersig=eJxFkFFPgzAQgP8Lrxp3lNYZ3wBnKI6YOWLUl6ahBc7ZQqBbQON-l5ERX78vl-vufrx8u7*RbYtKSCeCTnn3HnjXM9ZDi50WsnS6m7DPGCMAiz3prsfGToKAz3wSAPxLVNo6LHEelMqgvYgeq4lkm-eY7x76IOX4oSANx9cIhsZUW7fefVqTJzbpOI-CU0Llvoa64nWYrUa6unobyufgy337MUvXsYqCwzHmT26TF4-GvkBmya1NlmXqIObbzvV0qpsqKblIh0bP-I6BTyksXBZFc7ROuLHV8zN*-wBpAVcC&contenttype=json&random=854213935, params:{"AttrNames":{"0":"group","1":"id"}}
2017-02-28 16:25:04.714 8730 [main] INFO  com.feedss.base.util.HttpUtil- response:{"ActionStatus":"FAIL","ErrorCode":70009,"ErrorInfo":"tls_check_signature failed  decrypt sig failed failed iRet:-2 sdkappid:1400025235,acctype:10738,identifier:admin sig:c7ROuLHV8zN*-wBpAVcC"}
2017-02-28 16:25:04.736 8752 [main] ERROR c.f.c.qcloud.QCloudMessageUtil- setAppAttrs fail, {"AttrNames":{"0":"group","1":"id"}}
2017-02-28 16:25:04.739 8755 [main] INFO  c.f.c.qcloud.QCloudMessageUtil- Header:{Content-Type=[application/json;charset=UTF-8], Accept=[application/json;charset=UTF-8], Accept-Charset=[utf-8]}
2017-02-28 16:25:04.817 8833 [main] INFO  c.f.c.qcloud.QCloudMessageUtil- ========requestUrl = https://console.tim.qq.com/v4/im_open_login_svc/account_import?sdkappid=1400025235&identifier=admin&usersig=eJxFkFFPgzAQgP8Lrxp3lNYZ3wBnKI6YOWLUl6ahBc7ZQqBbQON-l5ERX78vl-vufrx8u7*RbYtKSCeCTnn3HnjXM9ZDi50WsnS6m7DPGCMAiz3prsfGToKAz3wSAPxLVNo6LHEelMqgvYgeq4lkm-eY7x76IOX4oSANx9cIhsZUW7fefVqTJzbpOI-CU0Llvoa64nWYrUa6unobyufgy337MUvXsYqCwzHmT26TF4-GvkBmya1NlmXqIObbzvV0qpsqKblIh0bP-I6BTyksXBZFc7ROuLHV8zN*-wBpAVcC&contenttype=json&random=192306775
2017-02-28 16:25:05.106 9122 [main] INFO  c.f.c.qcloud.QCloudMessageUtil- import user to qcloud, req = {"Identifier":"nosessionAccount","Nick":"","FaceUrl":""}, resp = {"ActionStatus":"FAIL","ErrorCode":70009,"ErrorInfo":"tls_check_signature failed  decrypt sig failed failed iRet:-2 sdkappid:1400025235,acctype:10738,identifier:admin sig:c7ROuLHV8zN*-wBpAVcC"}
2017-02-28 16:25:05.110 9126 [main] INFO  c.f.c.qcloud.QCloudMessageUtil- import account error, {"ActionStatus":"FAIL","ErrorCode":70009,"ErrorInfo":"tls_check_signature failed  decrypt sig failed failed iRet:-2 sdkappid:1400025235,acctype:10738,identifier:admin sig:c7ROuLHV8zN*-wBpAVcC"}
2017-02-28 16:25:05.110 9126 [main] INFO  c.f.c.qcloud.QCloudMessageUtil- Header:{Content-Type=[application/json;charset=UTF-8], Accept=[application/json;charset=UTF-8], Accept-Charset=[utf-8]}
2017-02-28 16:25:05.115 9131 [main] INFO  c.f.c.qcloud.QCloudMessageUtil- ========requestUrl = https://console.tim.qq.com/v4/im_open_login_svc/account_import?sdkappid=1400025235&identifier=admin&usersig=eJxFkFFPgzAQgP8Lrxp3lNYZ3wBnKI6YOWLUl6ahBc7ZQqBbQON-l5ERX78vl-vufrx8u7*RbYtKSCeCTnn3HnjXM9ZDi50WsnS6m7DPGCMAiz3prsfGToKAz3wSAPxLVNo6LHEelMqgvYgeq4lkm-eY7x76IOX4oSANx9cIhsZUW7fefVqTJzbpOI-CU0Llvoa64nWYrUa6unobyufgy337MUvXsYqCwzHmT26TF4-GvkBmya1NlmXqIObbzvV0qpsqKblIh0bP-I6BTyksXBZFc7ROuLHV8zN*-wBpAVcC&contenttype=json&random=744444456
2017-02-28 16:25:05.317 9333 [main] INFO  c.f.c.qcloud.QCloudMessageUtil- import user to qcloud, req = {"Identifier":"systemMessageAccount","Nick":"系统消息","FaceUrl":"http://image.sc.feedss.com/icon/system.png"}, resp = {"ActionStatus":"FAIL","ErrorCode":70009,"ErrorInfo":"tls_check_signature failed  decrypt sig failed failed iRet:-2 sdkappid:1400025235,acctype:10738,identifier:admin sig:c7ROuLHV8zN*-wBpAVcC"}
2017-02-28 16:25:05.317 9333 [main] INFO  c.f.c.qcloud.QCloudMessageUtil- import account error, {"ActionStatus":"FAIL","ErrorCode":70009,"ErrorInfo":"tls_check_signature failed  decrypt sig failed failed iRet:-2 sdkappid:1400025235,acctype:10738,identifier:admin sig:c7ROuLHV8zN*-wBpAVcC"}
2017-02-28 16:25:08.517 12533 [main] INFO  c.f.b.s.ApplicationEventListener- 应用刷新......
2017-02-28 16:25:08.578 12594 [main] INFO  c.f.b.s.ApplicationEventListener- 应用已启动完成......
2017-02-28 16:25:08.589 12605 [main] INFO  c.f.u.service.impl.UserServiceImpl- ini admin...
2017-02-28 16:25:08.616 12632 [main] INFO  c.f.u.service.impl.UserServiceImpl- admin has exist...
2017-02-28 16:25:08.618 12634 [main] INFO  com.feedss.FeedssApplication- Started FeedssApplication in 12.335 seconds (JVM running for 12.806)
2017-02-28 16:25:47.890 51906 [http-nio-8188-exec-8] INFO  com.feedss.base.util.RedisUtil- cachekey = MessageUserSig46acb8d041944e2181f643759a878d44
2017-02-28 16:25:47.909 51925 [http-nio-8188-exec-8] INFO  com.feedss.base.util.RedisUtil- cachekey = TOKEN46acb8d041944e2181f643759a878d44
2017-02-28 16:25:47.909 51925 [http-nio-8188-exec-8] INFO  c.f.u.service.impl.UserServiceImpl- generate token, 4f4f2bfd4dfd15494beaf9f05a5940db
2017-02-28 16:25:47.943 51959 [http-nio-8188-exec-9] INFO  com.feedss.base.util.RedisUtil- cachekey = TOKEN46acb8d041944e2181f643759a878d44
2017-02-28 16:25:51.513 55529 [http-nio-8188-exec-7] INFO  com.feedss.base.util.RedisUtil- cachekey = TOKEN46acb8d041944e2181f643759a878d44
2017-02-28 16:25:54.166 58182 [http-nio-8188-exec-8] INFO  com.feedss.base.util.RedisUtil- cachekey = TOKEN46acb8d041944e2181f643759a878d44
2017-02-28 16:26:00.001 64017 [pool-2-thread-1] INFO  com.feedss.user.task.ProductTask- ******************Receive Gift Start*********************
2017-02-28 16:26:00.094 64110 [pool-2-thread-1] INFO  com.feedss.user.task.ProductTask- ******************Receive Gift End*********************
2017-02-28 16:26:00.094 64110 [pool-2-thread-1] INFO  c.f.base.util.conf.ConfigureUtil- >>>>>>>>>>>>> load config ... Tue Feb 28 16:26:00 CST 2017
2017-02-28 16:26:00.163 64179 [pool-2-thread-1] DEBUG c.feedss.content.task.AudienceTask- 监控room观众在线状态....
2017-02-28 16:26:00.163 64179 [pool-2-thread-1] DEBUG com.feedss.content.task.StreamTask- 监控stream状态....
2017-02-28 16:26:00.172 64188 [pool-2-thread-1] INFO  c.f.c.monitor.impl.StreamListeners- StreamListeners->监控room不存在：ec22ea16-4355-4372-a402-66879417a9cc
2017-02-28 16:26:04.998 69014 [pool-2-thread-1] INFO  com.feedss.user.task.HostListTask- ******************host list refresh start*********************
2017-02-28 16:26:05.075 69091 [pool-2-thread-1] INFO  com.feedss.base.util.RedisUtil- cachekey = MessageUserSigac0cede113384c14b08ca7f21074cc8a
2017-02-28 16:26:05.138 69154 [pool-2-thread-1] INFO  com.feedss.base.util.RedisUtil- cachekey = MessageUserSiga97d8a1d800c437aab3b7a38b4add17b
2017-02-28 16:26:05.213 69229 [pool-2-thread-1] INFO  com.feedss.base.util.RedisUtil- cachekey = MessageUserSig20bb5bff7f524cc1a11cacd2342cf9d7
2017-02-28 16:26:05.266 69282 [pool-2-thread-1] INFO  com.feedss.base.util.RedisUtil- cachekey = MessageUserSig7193bfad78e84bd2b7297986188baa68
2017-02-28 16:26:05.318 69334 [pool-2-thread-1] INFO  com.feedss.base.util.RedisUtil- cachekey = MessageUserSigbc377dad772b4f818ee3aac1854c9060
2017-02-28 16:26:05.372 69388 [pool-2-thread-1] INFO  com.feedss.base.util.RedisUtil- cachekey = MessageUserSigb160abd0e6e84bac9b3afd42691f66cb
2017-02-28 16:26:05.426 69442 [pool-2-thread-1] INFO  com.feedss.base.util.RedisUtil- cachekey = MessageUserSig8224e985ece141eba1cb3d5cc95859f2
2017-02-28 16:26:05.442 69458 [pool-2-thread-1] INFO  com.feedss.user.task.HostListTask- ******************host list refresh end*********************
2017-02-28 16:26:59.999 124015 [pool-2-thread-1] DEBUG com.feedss.content.task.RoomTask- 监控Room在线状态....
2017-02-28 16:26:59.999 124015 [pool-2-thread-1] INFO  com.feedss.user.task.ProductTask- ******************Receive Gift Start*********************
2017-02-28 16:27:01.518 125534 [pool-2-thread-1] INFO  com.feedss.user.task.ProductTask- ******************Receive Gift End*********************
2017-02-28 16:27:01.876 125892 [pool-2-thread-1] DEBUG com.feedss.content.task.StreamTask- 监控stream状态....
2017-02-28 16:27:02.238 126254 [pool-2-thread-1] INFO  c.f.base.util.conf.ConfigureUtil- >>>>>>>>>>>>> load config ... Tue Feb 28 16:27:02 CST 2017
2017-02-28 16:27:05.000 129016 [pool-2-thread-1] INFO  com.feedss.user.task.HostListTask- ******************host list refresh start*********************
2017-02-28 16:27:05.072 129088 [pool-2-thread-1] INFO  com.feedss.user.task.HostListTask- ******************host list refresh end*********************
2017-02-28 16:28:00.000 184016 [pool-2-thread-1] DEBUG c.feedss.content.task.AudienceTask- 监控room观众在线状态....
2017-02-28 16:28:00.001 184017 [pool-2-thread-1] DEBUG com.feedss.content.task.StreamTask- 监控stream状态....
2017-02-28 16:28:00.116 184132 [pool-2-thread-1] INFO  c.f.c.monitor.impl.StreamListeners- StreamListeners->监控room不存在：5fd143e0-96dc-4236-bef2-dd734eaf019f
2017-02-28 16:28:00.122 184138 [pool-2-thread-1] INFO  com.feedss.user.task.ProductTask- ******************Receive Gift Start*********************
2017-02-28 16:28:00.160 184176 [pool-2-thread-1] INFO  com.feedss.user.task.ProductTask- ******************Receive Gift End*********************
2017-02-28 16:28:00.172 184188 [pool-2-thread-1] INFO  c.f.base.util.conf.ConfigureUtil- >>>>>>>>>>>>> load config ... Tue Feb 28 16:28:00 CST 2017
2017-02-28 16:28:04.998 189014 [pool-2-thread-1] INFO  com.feedss.user.task.HostListTask- ******************host list refresh start*********************
2017-02-28 16:28:05.074 189090 [pool-2-thread-1] INFO  com.feedss.user.task.HostListTask- ******************host list refresh end*********************
2017-02-28 16:29:00.001 244017 [pool-2-thread-1] DEBUG com.feedss.content.task.StreamTask- 监控stream状态....
2017-02-28 16:29:00.043 244059 [pool-2-thread-1] INFO  c.f.c.monitor.impl.StreamListeners- StreamListeners->监控room不存在：5fd143e0-96dc-4236-bef2-dd734eaf019f
2017-02-28 16:29:00.059 244075 [pool-2-thread-1] INFO  c.f.base.util.conf.ConfigureUtil- >>>>>>>>>>>>> load config ... Tue Feb 28 16:29:00 CST 2017
2017-02-28 16:29:00.107 244123 [pool-2-thread-1] INFO  com.feedss.user.task.ProductTask- ******************Receive Gift Start*********************
2017-02-28 16:29:00.146 244162 [pool-2-thread-1] INFO  com.feedss.user.task.ProductTask- ******************Receive Gift End*********************
2017-02-28 16:29:04.721 248737 [Thread-7] INFO  c.f.b.s.ApplicationEventListener- 应用关闭......
