2017-03-11 00:00:18.672 885  [main] INFO  c.f.b.s.ApplicationEventListener- 初始化环境变量......
2017-03-11 00:00:18.805 1018 [main] INFO  com.feedss.FeedssApplication- Starting FeedssApplication on localhost with PID 952 (/Users/zhouyujuan/Documents/dev/code/workspace-neon/feedss/target/classes started by zhouyujuan in /Users/zhouyujuan/Documents/dev/code/workspace-neon/feedss)
2017-03-11 00:00:18.805 1018 [main] DEBUG com.feedss.FeedssApplication- Running with Spring Boot v1.4.2.RELEASE, Spring v4.3.4.RELEASE
2017-03-11 00:00:18.805 1018 [main] INFO  com.feedss.FeedssApplication- The following profiles are active: sc
2017-03-11 00:00:19.079 1292 [main] INFO  c.f.b.s.ApplicationEventListener- 初始化完成......
2017-03-11 00:00:29.177 11390 [main] INFO  c.f.base.util.conf.ConfigureUtil- ConfigureUtil...
2017-03-11 00:00:29.764 11977 [main] INFO  c.f.c.q.GenerateTLSSignatureUtil- init GenerateTLSSignatureUtil...
2017-03-11 00:01:25.858 667  [main] INFO  c.f.b.s.ApplicationEventListener- 初始化环境变量......
2017-03-11 00:01:25.957 766  [main] INFO  com.feedss.FeedssApplication- Starting FeedssApplication on localhost with PID 982 (/Users/zhouyujuan/Documents/dev/code/workspace-neon/feedss/target/classes started by zhouyujuan in /Users/zhouyujuan/Documents/dev/code/workspace-neon/feedss)
2017-03-11 00:01:25.957 766  [main] DEBUG com.feedss.FeedssApplication- Running with Spring Boot v1.4.2.RELEASE, Spring v4.3.4.RELEASE
2017-03-11 00:01:25.957 766  [main] INFO  com.feedss.FeedssApplication- The following profiles are active: sc
2017-03-11 00:01:26.191 1000 [main] INFO  c.f.b.s.ApplicationEventListener- 初始化完成......
2017-03-11 00:01:32.761 7570 [main] INFO  c.f.base.util.conf.ConfigureUtil- ConfigureUtil...
2017-03-11 00:01:33.273 8082 [main] INFO  c.f.c.q.GenerateTLSSignatureUtil- init GenerateTLSSignatureUtil...
2017-03-11 00:01:33.347 8156 [main] INFO  c.f.c.qcloud.QCloudMessageUtil- init QCloudMessageUtil...
2017-03-11 00:01:33.367 8176 [main] INFO  c.f.c.qcloud.QCloudMessageUtil- ========requestUrl = https://console.tim.qq.com/v4/openim/im_set_attr_name?sdkappid=1400025235&identifier=admin&usersig=eJxFkF1PwjAUhv-LbjXStWtWTLyYQPwAZgzMMG*a0nZ4MjbK2hEc8b87mxFvnycn7-ueS7BerO6EMaC4cJw0KrgPUHDrsT4baDQXhdNNj0NKKUboak*6sXCoe4FRSENMEPqXoHTtoAB-KFQF9SAs7HqynGWTl2fsNnL7qCM7X7RVJPLXTVtU6zhpYzvSZa1G5Dju3o9PE5vALNlNTylOlLiZf0z1crXfM-aZnrNxKbddh20uU-P1lhMTZ9nDNUyV3G-7ax-17TDFhA7SQaU9ZzELGSVs4ELKQ1s77r6N9s-4*QXfGVgt&contenttype=json&random=298293526
2017-03-11 00:01:33.421 8230 [main] INFO  com.feedss.base.util.HttpUtil- request url:https://console.tim.qq.com/v4/openim/im_set_attr_name?sdkappid=1400025235&identifier=admin&usersig=eJxFkF1PwjAUhv-LbjXStWtWTLyYQPwAZgzMMG*a0nZ4MjbK2hEc8b87mxFvnycn7-ueS7BerO6EMaC4cJw0KrgPUHDrsT4baDQXhdNNj0NKKUboak*6sXCoe4FRSENMEPqXoHTtoAB-KFQF9SAs7HqynGWTl2fsNnL7qCM7X7RVJPLXTVtU6zhpYzvSZa1G5Dju3o9PE5vALNlNTylOlLiZf0z1crXfM-aZnrNxKbddh20uU-P1lhMTZ9nDNUyV3G-7ax-17TDFhA7SQaU9ZzELGSVs4ELKQ1s77r6N9s-4*QXfGVgt&contenttype=json&random=298293526, params:{"AttrNames":{"0":"group","1":"id"}}
2017-03-11 00:01:34.408 9217 [main] INFO  com.feedss.base.util.HttpUtil- response:{"ActionStatus":"OK","ErrorInfo":"","ErrorCode":0}
2017-03-11 00:01:34.506 9315 [main] INFO  c.f.c.qcloud.QCloudMessageUtil- Header:{Content-Type=[application/json;charset=UTF-8], Accept=[application/json;charset=UTF-8], Accept-Charset=[utf-8]}
2017-03-11 00:01:34.622 9431 [main] INFO  c.f.c.qcloud.QCloudMessageUtil- ========requestUrl = https://console.tim.qq.com/v4/im_open_login_svc/account_import?sdkappid=1400025235&identifier=admin&usersig=eJxFkF1PwjAUhv-LbjXStWtWTLyYQPwAZgzMMG*a0nZ4MjbK2hEc8b87mxFvnycn7-ueS7BerO6EMaC4cJw0KrgPUHDrsT4baDQXhdNNj0NKKUboak*6sXCoe4FRSENMEPqXoHTtoAB-KFQF9SAs7HqynGWTl2fsNnL7qCM7X7RVJPLXTVtU6zhpYzvSZa1G5Dju3o9PE5vALNlNTylOlLiZf0z1crXfM-aZnrNxKbddh20uU-P1lhMTZ9nDNUyV3G-7ax-17TDFhA7SQaU9ZzELGSVs4ELKQ1s77r6N9s-4*QXfGVgt&contenttype=json&random=872642013
2017-03-11 00:01:34.992 9801 [main] INFO  c.f.c.qcloud.QCloudMessageUtil- import user to qcloud, req = {"Identifier":"nosessionAccount","Nick":"","FaceUrl":""}, resp = {"ActionStatus":"OK","ErrorInfo":"","ErrorCode":0}
2017-03-11 00:01:34.996 9805 [main] INFO  c.f.c.qcloud.QCloudMessageUtil- Header:{Content-Type=[application/json;charset=UTF-8], Accept=[application/json;charset=UTF-8], Accept-Charset=[utf-8]}
2017-03-11 00:01:35.004 9813 [main] INFO  c.f.c.qcloud.QCloudMessageUtil- ========requestUrl = https://console.tim.qq.com/v4/im_open_login_svc/account_import?sdkappid=1400025235&identifier=admin&usersig=eJxFkF1PwjAUhv-LbjXStWtWTLyYQPwAZgzMMG*a0nZ4MjbK2hEc8b87mxFvnycn7-ueS7BerO6EMaC4cJw0KrgPUHDrsT4baDQXhdNNj0NKKUboak*6sXCoe4FRSENMEPqXoHTtoAB-KFQF9SAs7HqynGWTl2fsNnL7qCM7X7RVJPLXTVtU6zhpYzvSZa1G5Dju3o9PE5vALNlNTylOlLiZf0z1crXfM-aZnrNxKbddh20uU-P1lhMTZ9nDNUyV3G-7ax-17TDFhA7SQaU9ZzELGSVs4ELKQ1s77r6N9s-4*QXfGVgt&contenttype=json&random=442959370
2017-03-11 00:01:35.651 10460 [main] INFO  c.f.c.qcloud.QCloudMessageUtil- import user to qcloud, req = {"Identifier":"systemMessageAccount","Nick":"系统消息","FaceUrl":"http://image.sc.feedss.com/icon/system.png"}, resp = {"ActionStatus":"OK","ErrorInfo":"","ErrorCode":0}
2017-03-11 00:01:39.798 14607 [main] INFO  c.f.b.s.ApplicationEventListener- 应用刷新......
2017-03-11 00:01:39.877 14686 [main] INFO  c.f.b.s.ApplicationEventListener- 应用已启动完成......
2017-03-11 00:01:39.893 14702 [main] INFO  c.f.u.service.impl.UserServiceImpl- ini admin...
2017-03-11 00:01:39.906 14715 [main] INFO  c.f.u.service.impl.UserServiceImpl- admin has exist...
2017-03-11 00:01:39.907 14716 [main] INFO  com.feedss.FeedssApplication- Started FeedssApplication in 14.376 seconds (JVM running for 14.945)
2017-03-11 00:01:53.000 27809 [http-nio-8188-exec-1] INFO  com.feedss.base.util.RedisUtil- cachekey = MessageUserSig4ba1a45e7c43460a877f73a2e774db38
2017-03-11 00:01:53.004 27813 [http-nio-8188-exec-1] INFO  com.feedss.base.util.RedisUtil- cachekey = TOKEN4ba1a45e7c43460a877f73a2e774db38
2017-03-11 00:01:53.049 27858 [http-nio-8188-exec-1] INFO  c.f.base.spring.ControllerLogAop- request info: url:/advert/detail, Headers{ userId:4ba1a45e-7c43-460a-877f-73a2e774db38, userToken:63431f4c299a2df80d8d02fa0bf45f5a, deviceId:null, deviceAgent:null, deviceType:null, deviceVersion:null, appChannel:null, appVersion:null}, Params{ }, Body:{}
2017-03-11 00:01:53.075 27884 [http-nio-8188-exec-1] INFO  c.f.base.spring.ControllerLogAop- execute info: url:/advert/detail, Headers{ userId:4ba1a45e-7c43-460a-877f-73a2e774db38, userToken:63431f4c299a2df80d8d02fa0bf45f5a, deviceId:null, deviceAgent:null, deviceType:null, deviceVersion:null, appChannel:null, appVersion:null}, Params{ }, Body:{}, execute time len:10ms, response data:{"body":{"code":10001,"data":{},"msg":"参数错误"},"headers":{},"statusCode":"OK","statusCodeValue":200}
2017-03-11 00:02:00.000 34809 [pool-2-thread-1] DEBUG c.feedss.content.task.AudienceTask- 监控room观众在线状态....
2017-03-11 00:02:00.259 35068 [pool-2-thread-1] DEBUG com.feedss.content.task.StreamTask- 监控stream状态....
2017-03-11 00:02:00.291 35100 [pool-2-thread-1] INFO  com.feedss.user.task.ProductTask- ******************Receive Gift Start*********************
2017-03-11 00:02:00.318 35127 [pool-2-thread-1] INFO  com.feedss.user.task.ProductTask- ******************Receive Gift End*********************
2017-03-11 00:02:00.318 35127 [pool-2-thread-1] INFO  c.f.base.util.conf.ConfigureUtil- >>>>>>>>>>>>> load config ... Sat Mar 11 00:02:00 CST 2017
2017-03-11 00:02:05.003 39812 [pool-2-thread-1] INFO  com.feedss.user.task.HostListTask- ******************host list refresh start*********************
2017-03-11 00:02:05.029 39838 [pool-2-thread-1] INFO  com.feedss.user.task.HostListTask- ******************host list refresh end*********************
2017-03-11 00:02:27.008 61817 [http-nio-8188-exec-2] INFO  com.feedss.base.util.RedisUtil- cachekey = TOKEN4ba1a45e7c43460a877f73a2e774db38
2017-03-11 00:02:27.009 61818 [http-nio-8188-exec-2] INFO  c.f.base.spring.ControllerLogAop- request info: url:/advert/detail, Headers{ userId:4ba1a45e-7c43-460a-877f-73a2e774db38, userToken:63431f4c299a2df80d8d02fa0bf45f5a, deviceId:null, deviceAgent:null, deviceType:null, deviceVersion:null, appChannel:null, appVersion:null}, Params{ }, Body:{"productId":"0dd63797-c4d6-4169-8193-1417b5973ab0"}
2017-03-11 00:02:27.046 61855 [http-nio-8188-exec-2] INFO  c.f.base.spring.ControllerLogAop- execute info: url:/advert/detail, Headers{ userId:4ba1a45e-7c43-460a-877f-73a2e774db38, userToken:63431f4c299a2df80d8d02fa0bf45f5a, deviceId:null, deviceAgent:null, deviceType:null, deviceVersion:null, appChannel:null, appVersion:null}, Params{ }, Body:{"productId":"0dd63797-c4d6-4169-8193-1417b5973ab0"}, execute time len:37ms, response data:{"body":{"code":0,"data":{"product":{"ext":"{\"pic1\":\"http://image.sc.feedss.com/20170309/sc_1.jpg\",\"subTitle\":\"最高级别的双创盛会，你想知道的一切，都在双创大会！\"}","picUrl":"http://image.sc.feedss.com/20170310/ticket.jpg","productId":"0dd63797-c4d6-4169-8193-1417b5973ab0","price":"1380.00","name":"双创大会门票"}},"msg":"ok"},"headers":{},"statusCode":"OK","statusCodeValue":200}
2017-03-11 00:02:59.993 94802 [pool-2-thread-1] DEBUG com.feedss.content.task.RoomTask- 监控Room在线状态....
2017-03-11 00:03:00.010 94819 [pool-2-thread-1] INFO  c.f.c.monitor.impl.RoomListeners- 主播房间stream：[b488efcc-41c1-44c0-8922-1aadb4be167d]不存在
2017-03-11 00:03:00.017 94826 [pool-2-thread-1] INFO  c.f.c.monitor.impl.RoomListeners- 主播房间stream：[c5e4460c-e9d2-43c6-b6e3-dded0a68c01f]不存在
2017-03-11 00:03:00.024 94833 [pool-2-thread-1] INFO  c.f.c.monitor.impl.RoomListeners- 主播房间stream：[b0f4a2da-4865-4dce-99ce-e4117b0429a2]不存在
2017-03-11 00:03:00.025 94834 [pool-2-thread-1] INFO  com.feedss.user.task.ProductTask- ******************Receive Gift Start*********************
2017-03-11 00:03:00.042 94851 [pool-2-thread-1] INFO  com.feedss.user.task.ProductTask- ******************Receive Gift End*********************
2017-03-11 00:03:00.043 94852 [pool-2-thread-1] DEBUG com.feedss.content.task.StreamTask- 监控stream状态....
2017-03-11 00:03:00.056 94865 [pool-2-thread-1] INFO  c.f.base.util.conf.ConfigureUtil- >>>>>>>>>>>>> load config ... Sat Mar 11 00:03:00 CST 2017
2017-03-11 00:03:04.999 99808 [pool-2-thread-1] INFO  com.feedss.user.task.HostListTask- ******************host list refresh start*********************
2017-03-11 00:03:05.017 99826 [pool-2-thread-1] INFO  com.feedss.user.task.HostListTask- ******************host list refresh end*********************
