2017-02-23 15:47:31.733 696  [main] INFO  c.f.b.s.ApplicationEventListener- 初始化环境变量......
2017-02-23 15:47:31.877 840  [main] INFO  com.feedss.FeedssApplication- Starting FeedssApplication on localhost with PID 24550 (/Users/zhouyujuan/Documents/dev/code/workspace-neon/feedss/target/classes started by zhouyujuan in /Users/zhouyujuan/Documents/dev/code/workspace-neon/feedss)
2017-02-23 15:47:31.877 840  [main] DEBUG com.feedss.FeedssApplication- Running with Spring Boot v1.4.2.RELEASE, Spring v4.3.4.RELEASE
2017-02-23 15:47:31.877 840  [main] INFO  com.feedss.FeedssApplication- The following profiles are active: test
2017-02-23 15:47:32.196 1159 [main] INFO  c.f.b.s.ApplicationEventListener- 初始化完成......
2017-02-23 15:48:18.185 655  [main] INFO  c.f.b.s.ApplicationEventListener- 初始化环境变量......
2017-02-23 15:48:18.291 761  [main] INFO  com.feedss.FeedssApplication- Starting FeedssApplication on localhost with PID 24566 (/Users/zhouyujuan/Documents/dev/code/workspace-neon/feedss/target/classes started by zhouyujuan in /Users/zhouyujuan/Documents/dev/code/workspace-neon/feedss)
2017-02-23 15:48:18.291 761  [main] DEBUG com.feedss.FeedssApplication- Running with Spring Boot v1.4.2.RELEASE, Spring v4.3.4.RELEASE
2017-02-23 15:48:18.291 761  [main] INFO  com.feedss.FeedssApplication- The following profiles are active: test
2017-02-23 15:48:18.542 1012 [main] INFO  c.f.b.s.ApplicationEventListener- 初始化完成......
2017-02-23 15:48:50.155 32625 [main] INFO  c.f.base.util.conf.ConfigureUtil- ConfigureUtil...
2017-02-23 15:48:50.754 33224 [main] INFO  c.f.c.q.GenerateTLSSignatureUtil- init GenerateTLSSignatureUtil...
2017-02-23 15:48:50.840 33310 [main] INFO  c.f.c.qcloud.QCloudMessageUtil- init QCloudMessageUtil...
2017-02-23 15:48:50.865 33335 [main] INFO  c.f.c.qcloud.QCloudMessageUtil- ========requestUrl = https://console.tim.qq.com/v4/openim/im_set_attr_name?sdkappid=1400025235&identifier=admin&usersig=eJxFkF1PwjAUhv-LbjXStWtWTLyYQPwAZgzMMG*a0nZ4MjbK2hEc8b87mxFvnycn7-ueS7BerO6EMaC4cJw0KrgPUHDrsT4baDQXhdNNj0NKKUboak*6sXCoe4FRSENMEPqXoHTtoAB-KFQF9SAs7HqynGWTl2fsNnL7qCM7X7RVJPLXTVtU6zhpYzvSZa1G5Dju3o9PE5vALNlNTylOlLiZf0z1crXfM-aZnrNxKbddh20uU-P1lhMTZ9nDNUyV3G-7ax-17TDFhA7SQaU9ZzELGSVs4ELKQ1s77r6N9s-4*QXfGVgt&contenttype=json&random=906743259
2017-02-23 15:48:51.226 33696 [main] INFO  com.feedss.base.util.HttpUtil- request url:https://console.tim.qq.com/v4/openim/im_set_attr_name?sdkappid=1400025235&identifier=admin&usersig=eJxFkF1PwjAUhv-LbjXStWtWTLyYQPwAZgzMMG*a0nZ4MjbK2hEc8b87mxFvnycn7-ueS7BerO6EMaC4cJw0KrgPUHDrsT4baDQXhdNNj0NKKUboak*6sXCoe4FRSENMEPqXoHTtoAB-KFQF9SAs7HqynGWTl2fsNnL7qCM7X7RVJPLXTVtU6zhpYzvSZa1G5Dju3o9PE5vALNlNTylOlLiZf0z1crXfM-aZnrNxKbddh20uU-P1lhMTZ9nDNUyV3G-7ax-17TDFhA7SQaU9ZzELGSVs4ELKQ1s77r6N9s-4*QXfGVgt&contenttype=json&random=906743259, params:{"AttrNames":{"0":"group","1":"id"}}
2017-02-23 15:48:51.783 34253 [main] INFO  com.feedss.base.util.HttpUtil- response:{"ActionStatus":"OK","ErrorInfo":"","ErrorCode":0}
2017-02-23 15:48:51.845 34315 [main] INFO  c.f.c.qcloud.QCloudMessageUtil- Header:{Content-Type=[application/json;charset=UTF-8], Accept=[application/json;charset=UTF-8], Accept-Charset=[utf-8]}
2017-02-23 15:48:51.965 34435 [main] INFO  c.f.c.qcloud.QCloudMessageUtil- ========requestUrl = https://console.tim.qq.com/v4/im_open_login_svc/account_import?sdkappid=1400025235&identifier=admin&usersig=eJxFkF1PwjAUhv-LbjXStWtWTLyYQPwAZgzMMG*a0nZ4MjbK2hEc8b87mxFvnycn7-ueS7BerO6EMaC4cJw0KrgPUHDrsT4baDQXhdNNj0NKKUboak*6sXCoe4FRSENMEPqXoHTtoAB-KFQF9SAs7HqynGWTl2fsNnL7qCM7X7RVJPLXTVtU6zhpYzvSZa1G5Dju3o9PE5vALNlNTylOlLiZf0z1crXfM-aZnrNxKbddh20uU-P1lhMTZ9nDNUyV3G-7ax-17TDFhA7SQaU9ZzELGSVs4ELKQ1s77r6N9s-4*QXfGVgt&contenttype=json&random=929885507
2017-02-23 15:48:52.494 34964 [main] INFO  c.f.c.qcloud.QCloudMessageUtil- import user to qcloud, req = {"Identifier":"nosessionAccount","Nick":"","FaceUrl":""}, resp = {"ActionStatus":"OK","ErrorInfo":"","ErrorCode":0}
2017-02-23 15:48:52.498 34968 [main] INFO  c.f.c.qcloud.QCloudMessageUtil- Header:{Content-Type=[application/json;charset=UTF-8], Accept=[application/json;charset=UTF-8], Accept-Charset=[utf-8]}
2017-02-23 15:48:52.503 34973 [main] INFO  c.f.c.qcloud.QCloudMessageUtil- ========requestUrl = https://console.tim.qq.com/v4/im_open_login_svc/account_import?sdkappid=1400025235&identifier=admin&usersig=eJxFkF1PwjAUhv-LbjXStWtWTLyYQPwAZgzMMG*a0nZ4MjbK2hEc8b87mxFvnycn7-ueS7BerO6EMaC4cJw0KrgPUHDrsT4baDQXhdNNj0NKKUboak*6sXCoe4FRSENMEPqXoHTtoAB-KFQF9SAs7HqynGWTl2fsNnL7qCM7X7RVJPLXTVtU6zhpYzvSZa1G5Dju3o9PE5vALNlNTylOlLiZf0z1crXfM-aZnrNxKbddh20uU-P1lhMTZ9nDNUyV3G-7ax-17TDFhA7SQaU9ZzELGSVs4ELKQ1s77r6N9s-4*QXfGVgt&contenttype=json&random=883182147
2017-02-23 15:48:53.104 35574 [main] INFO  c.f.c.qcloud.QCloudMessageUtil- import user to qcloud, req = {"Identifier":"systemMessageAccount","Nick":"系统消息","FaceUrl":"http://image.sc.feedss.com/icon/system.png"}, resp = {"ActionStatus":"OK","ErrorInfo":"","ErrorCode":0}
2017-02-23 15:48:57.343 39813 [main] INFO  c.f.b.s.ApplicationEventListener- 应用刷新......
2017-02-23 15:48:57.430 39900 [main] INFO  c.f.b.s.ApplicationEventListener- 应用已启动完成......
2017-02-23 15:48:57.431 39901 [main] INFO  com.feedss.FeedssApplication- Started FeedssApplication in 39.564 seconds (JVM running for 40.102)
2017-02-23 15:49:00.021 42491 [pool-2-thread-1] DEBUG com.feedss.content.task.StreamTask- 监控stream状态....
2017-02-23 15:49:00.062 42532 [pool-2-thread-1] INFO  com.feedss.user.task.ProductTask- ******************Receive Gift Start*********************
2017-02-23 15:49:00.106 42576 [pool-2-thread-1] INFO  com.feedss.user.task.ProductTask- ******************Receive Gift End*********************
2017-02-23 15:49:05.000 47470 [pool-2-thread-1] INFO  com.feedss.user.task.HostListTask- ******************host list refresh start*********************
2017-02-23 15:49:05.046 47516 [pool-2-thread-1] INFO  com.feedss.user.task.HostListTask- ******************host list refresh end*********************
2017-02-23 15:50:00.019 102489 [pool-2-thread-1] DEBUG c.feedss.content.task.AudienceTask- 监控room观众在线状态....
2017-02-23 15:50:00.020 102490 [pool-2-thread-1] DEBUG c.f.content.task.CategoryStreamTask- 更新分类下统计直播间和回放数量....
2017-02-23 15:50:00.509 102979 [pool-2-thread-1] INFO  com.feedss.user.task.ProductTask- ******************Receive Gift Start*********************
2017-02-23 15:50:00.533 103003 [pool-2-thread-1] INFO  com.feedss.user.task.ProductTask- ******************Receive Gift End*********************
2017-02-23 15:50:00.533 103003 [pool-2-thread-1] DEBUG com.feedss.content.task.StreamTask- 监控stream状态....
2017-02-23 15:50:00.541 103011 [pool-2-thread-1] INFO  c.f.base.util.conf.ConfigureUtil- >>>>>>>>>>>>> load config ... Thu Feb 23 15:50:00 CST 2017
2017-02-23 15:50:05.000 107470 [pool-2-thread-1] INFO  com.feedss.user.task.HostListTask- ******************host list refresh start*********************
2017-02-23 15:50:05.042 107512 [pool-2-thread-1] INFO  com.feedss.user.task.HostListTask- ******************host list refresh end*********************
2017-02-23 15:51:00.000 162470 [pool-2-thread-1] DEBUG com.feedss.content.task.RoomTask- 监控Room在线状态....
2017-02-23 15:51:00.000 162470 [pool-2-thread-1] INFO  com.feedss.user.task.ProductTask- ******************Receive Gift Start*********************
2017-02-23 15:51:00.031 162501 [pool-2-thread-1] INFO  com.feedss.user.task.ProductTask- ******************Receive Gift End*********************
2017-02-23 15:51:00.031 162501 [pool-2-thread-1] DEBUG com.feedss.content.task.StreamTask- 监控stream状态....
2017-02-23 15:51:05.001 167471 [pool-2-thread-1] INFO  com.feedss.user.task.HostListTask- ******************host list refresh start*********************
2017-02-23 15:51:05.021 167491 [pool-2-thread-1] INFO  com.feedss.user.task.HostListTask- ******************host list refresh end*********************
2017-02-23 15:51:59.999 222469 [pool-2-thread-1] DEBUG c.feedss.content.task.AudienceTask- 监控room观众在线状态....
2017-02-23 15:52:00.014 222484 [pool-2-thread-1] DEBUG com.feedss.content.task.StreamTask- 监控stream状态....
2017-02-23 15:52:00.029 222499 [pool-2-thread-1] INFO  com.feedss.user.task.ProductTask- ******************Receive Gift Start*********************
2017-02-23 15:52:00.177 222647 [pool-2-thread-1] INFO  com.feedss.user.task.ProductTask- ******************Receive Gift End*********************
2017-02-23 15:52:04.999 227469 [pool-2-thread-1] INFO  com.feedss.user.task.HostListTask- ******************host list refresh start*********************
2017-02-23 15:52:05.022 227492 [pool-2-thread-1] INFO  com.feedss.user.task.HostListTask- ******************host list refresh end*********************
2017-02-23 15:52:59.998 282468 [pool-2-thread-1] INFO  com.feedss.user.task.ProductTask- ******************Receive Gift Start*********************
2017-02-23 15:53:00.030 282500 [pool-2-thread-1] INFO  com.feedss.user.task.ProductTask- ******************Receive Gift End*********************
2017-02-23 15:53:00.030 282500 [pool-2-thread-1] DEBUG com.feedss.content.task.StreamTask- 监控stream状态....
2017-02-23 15:53:05.001 287471 [pool-2-thread-1] INFO  com.feedss.user.task.HostListTask- ******************host list refresh start*********************
2017-02-23 15:53:05.026 287496 [pool-2-thread-1] INFO  com.feedss.user.task.HostListTask- ******************host list refresh end*********************
2017-02-23 15:53:59.998 342468 [pool-2-thread-1] DEBUG com.feedss.content.task.RoomTask- 监控Room在线状态....
2017-02-23 15:53:59.998 342468 [pool-2-thread-1] DEBUG c.feedss.content.task.AudienceTask- 监控room观众在线状态....
2017-02-23 15:54:00.011 342481 [pool-2-thread-1] DEBUG com.feedss.content.task.StreamTask- 监控stream状态....
2017-02-23 15:54:00.018 342488 [pool-2-thread-1] INFO  com.feedss.user.task.ProductTask- ******************Receive Gift Start*********************
2017-02-23 15:54:00.041 342511 [pool-2-thread-1] INFO  com.feedss.user.task.ProductTask- ******************Receive Gift End*********************
2017-02-23 15:54:05.003 347473 [pool-2-thread-1] INFO  com.feedss.user.task.HostListTask- ******************host list refresh start*********************
2017-02-23 15:54:05.026 347496 [pool-2-thread-1] INFO  com.feedss.user.task.HostListTask- ******************host list refresh end*********************
2017-02-23 15:54:59.993 402463 [pool-2-thread-1] DEBUG c.f.content.task.CategoryStreamTask- 更新分类下统计直播间和回放数量....
2017-02-23 15:55:00.507 402977 [pool-2-thread-1] INFO  c.f.base.util.conf.ConfigureUtil- >>>>>>>>>>>>> load config ... Thu Feb 23 15:55:00 CST 2017
2017-02-23 15:55:00.581 403051 [pool-2-thread-1] INFO  com.feedss.user.task.ProductTask- ******************Receive Gift Start*********************
2017-02-23 15:55:00.604 403074 [pool-2-thread-1] INFO  com.feedss.user.task.ProductTask- ******************Receive Gift End*********************
2017-02-23 15:55:00.604 403074 [pool-2-thread-1] DEBUG com.feedss.content.task.StreamTask- 监控stream状态....
2017-02-23 15:55:05.000 407470 [pool-2-thread-1] INFO  com.feedss.user.task.HostListTask- ******************host list refresh start*********************
2017-02-23 15:55:05.021 407491 [pool-2-thread-1] INFO  com.feedss.user.task.HostListTask- ******************host list refresh end*********************
2017-02-23 15:55:59.999 462469 [pool-2-thread-1] DEBUG c.feedss.content.task.AudienceTask- 监控room观众在线状态....
2017-02-23 15:56:00.013 462483 [pool-2-thread-1] DEBUG com.feedss.content.task.StreamTask- 监控stream状态....
2017-02-23 15:56:00.022 462492 [pool-2-thread-1] INFO  com.feedss.user.task.ProductTask- ******************Receive Gift Start*********************
2017-02-23 15:56:00.047 462517 [pool-2-thread-1] INFO  com.feedss.user.task.ProductTask- ******************Receive Gift End*********************
2017-02-23 15:56:04.998 467468 [pool-2-thread-1] INFO  com.feedss.user.task.HostListTask- ******************host list refresh start*********************
2017-02-23 15:56:05.040 467510 [pool-2-thread-1] INFO  com.feedss.user.task.HostListTask- ******************host list refresh end*********************
2017-02-23 15:56:59.997 522467 [pool-2-thread-1] DEBUG com.feedss.content.task.RoomTask- 监控Room在线状态....
2017-02-23 15:57:00.011 522481 [pool-2-thread-1] DEBUG com.feedss.content.task.StreamTask- 监控stream状态....
2017-02-23 15:57:00.025 522495 [pool-2-thread-1] INFO  com.feedss.user.task.ProductTask- ******************Receive Gift Start*********************
2017-02-23 15:57:00.048 522518 [pool-2-thread-1] INFO  com.feedss.user.task.ProductTask- ******************Receive Gift End*********************
2017-02-23 15:57:05.000 527470 [pool-2-thread-1] INFO  com.feedss.user.task.HostListTask- ******************host list refresh start*********************
2017-02-23 15:57:05.022 527492 [pool-2-thread-1] INFO  com.feedss.user.task.HostListTask- ******************host list refresh end*********************
2017-02-23 15:58:00.000 582470 [pool-2-thread-1] DEBUG c.feedss.content.task.AudienceTask- 监控room观众在线状态....
2017-02-23 15:58:00.013 582483 [pool-2-thread-1] DEBUG com.feedss.content.task.StreamTask- 监控stream状态....
2017-02-23 15:58:00.020 582490 [pool-2-thread-1] INFO  com.feedss.user.task.ProductTask- ******************Receive Gift Start*********************
2017-02-23 15:58:00.051 582521 [pool-2-thread-1] INFO  com.feedss.user.task.ProductTask- ******************Receive Gift End*********************
2017-02-23 15:58:04.998 587468 [pool-2-thread-1] INFO  com.feedss.user.task.HostListTask- ******************host list refresh start*********************
2017-02-23 15:58:05.019 587489 [pool-2-thread-1] INFO  com.feedss.user.task.HostListTask- ******************host list refresh end*********************
2017-02-23 15:59:00.011 642481 [pool-2-thread-1] INFO  com.feedss.user.task.ProductTask- ******************Receive Gift Start*********************
2017-02-23 15:59:00.065 642535 [pool-2-thread-1] INFO  com.feedss.user.task.ProductTask- ******************Receive Gift End*********************
2017-02-23 15:59:00.065 642535 [pool-2-thread-1] DEBUG com.feedss.content.task.StreamTask- 监控stream状态....
2017-02-23 15:59:04.998 647468 [pool-2-thread-1] INFO  com.feedss.user.task.HostListTask- ******************host list refresh start*********************
2017-02-23 15:59:05.020 647490 [pool-2-thread-1] INFO  com.feedss.user.task.HostListTask- ******************host list refresh end*********************
2017-02-23 15:59:59.981 702451 [pool-2-thread-1] INFO  c.f.p.t.HandleOverdueInterationTask- ******************handle overdue refresh start*********************
2017-02-23 16:00:00.006 702476 [pool-2-thread-1] DEBUG c.f.content.task.CategoryStreamTask- 更新分类下统计直播间和回放数量....
2017-02-23 16:00:00.537 703007 [pool-2-thread-1] INFO  c.f.base.util.conf.ConfigureUtil- >>>>>>>>>>>>> load config ... Thu Feb 23 16:00:00 CST 2017
2017-02-23 16:00:00.614 703084 [pool-2-thread-1] DEBUG com.feedss.content.task.RoomTask- 监控Room在线状态....
2017-02-23 16:00:00.614 703084 [pool-2-thread-1] DEBUG c.feedss.content.task.AudienceTask- 监控room观众在线状态....
2017-02-23 16:00:00.614 703084 [pool-2-thread-1] INFO  com.feedss.user.task.ProductTask- ******************Receive Gift Start*********************
2017-02-23 16:00:00.636 703106 [pool-2-thread-1] INFO  com.feedss.user.task.ProductTask- ******************Receive Gift End*********************
2017-02-23 16:00:00.643 703113 [pool-2-thread-1] DEBUG com.feedss.content.task.StreamTask- 监控stream状态....
2017-02-23 16:00:05.000 707470 [pool-2-thread-1] INFO  com.feedss.user.task.HostListTask- ******************host list refresh start*********************
2017-02-23 16:00:05.025 707495 [pool-2-thread-1] INFO  com.feedss.user.task.HostListTask- ******************host list refresh end*********************
2017-02-23 16:00:59.999 762469 [pool-2-thread-1] INFO  com.feedss.user.task.ProductTask- ******************Receive Gift Start*********************
2017-02-23 16:01:00.035 762505 [pool-2-thread-1] INFO  com.feedss.user.task.ProductTask- ******************Receive Gift End*********************
2017-02-23 16:01:00.046 762516 [pool-2-thread-1] DEBUG com.feedss.content.task.StreamTask- 监控stream状态....
2017-02-23 16:01:05.001 767471 [pool-2-thread-1] INFO  com.feedss.user.task.HostListTask- ******************host list refresh start*********************
2017-02-23 16:01:05.030 767500 [pool-2-thread-1] INFO  com.feedss.user.task.HostListTask- ******************host list refresh end*********************
2017-02-23 16:01:59.999 822469 [pool-2-thread-1] DEBUG c.feedss.content.task.AudienceTask- 监控room观众在线状态....
2017-02-23 16:02:00.000 822470 [pool-2-thread-1] DEBUG com.feedss.content.task.StreamTask- 监控stream状态....
2017-02-23 16:02:00.013 822483 [pool-2-thread-1] INFO  com.feedss.user.task.ProductTask- ******************Receive Gift Start*********************
2017-02-23 16:02:00.035 822505 [pool-2-thread-1] INFO  com.feedss.user.task.ProductTask- ******************Receive Gift End*********************
2017-02-23 16:02:05.001 827471 [pool-2-thread-1] INFO  com.feedss.user.task.HostListTask- ******************host list refresh start*********************
2017-02-23 16:02:05.023 827493 [pool-2-thread-1] INFO  com.feedss.user.task.HostListTask- ******************host list refresh end*********************
2017-02-23 16:02:59.997 882467 [pool-2-thread-1] DEBUG com.feedss.content.task.RoomTask- 监控Room在线状态....
2017-02-23 16:02:59.998 882468 [pool-2-thread-1] INFO  com.feedss.user.task.ProductTask- ******************Receive Gift Start*********************
2017-02-23 16:03:00.030 882500 [pool-2-thread-1] INFO  com.feedss.user.task.ProductTask- ******************Receive Gift End*********************
2017-02-23 16:03:00.038 882508 [pool-2-thread-1] DEBUG com.feedss.content.task.StreamTask- 监控stream状态....
2017-02-23 16:03:05.003 887473 [pool-2-thread-1] INFO  com.feedss.user.task.HostListTask- ******************host list refresh start*********************
2017-02-23 16:03:05.023 887493 [pool-2-thread-1] INFO  com.feedss.user.task.HostListTask- ******************host list refresh end*********************
2017-02-23 16:03:59.998 942468 [pool-2-thread-1] DEBUG c.feedss.content.task.AudienceTask- 监控room观众在线状态....
2017-02-23 16:03:59.998 942468 [pool-2-thread-1] INFO  com.feedss.user.task.ProductTask- ******************Receive Gift Start*********************
2017-02-23 16:04:00.030 942500 [pool-2-thread-1] INFO  com.feedss.user.task.ProductTask- ******************Receive Gift End*********************
2017-02-23 16:04:00.038 942508 [pool-2-thread-1] DEBUG com.feedss.content.task.StreamTask- 监控stream状态....
2017-02-23 16:04:05.003 947473 [pool-2-thread-1] INFO  com.feedss.user.task.HostListTask- ******************host list refresh start*********************
2017-02-23 16:04:05.026 947496 [pool-2-thread-1] INFO  com.feedss.user.task.HostListTask- ******************host list refresh end*********************
2017-02-23 16:20:24.202 817  [main] INFO  c.f.b.s.ApplicationEventListener- 初始化环境变量......
2017-02-23 16:20:24.329 944  [main] INFO  com.feedss.FeedssApplication- Starting FeedssApplication on localhost with PID 25089 (/Users/zhouyujuan/Documents/dev/code/workspace-neon/feedss/target/classes started by zhouyujuan in /Users/zhouyujuan/Documents/dev/code/workspace-neon/feedss)
2017-02-23 16:20:24.329 944  [main] DEBUG com.feedss.FeedssApplication- Running with Spring Boot v1.4.2.RELEASE, Spring v4.3.4.RELEASE
2017-02-23 16:20:24.329 944  [main] INFO  com.feedss.FeedssApplication- The following profiles are active: test
2017-02-23 16:20:24.651 1266 [main] INFO  c.f.b.s.ApplicationEventListener- 初始化完成......
2017-02-23 16:20:58.081 34696 [main] INFO  c.f.base.util.conf.ConfigureUtil- ConfigureUtil...
2017-02-23 16:20:58.615 35230 [main] INFO  c.f.c.q.GenerateTLSSignatureUtil- init GenerateTLSSignatureUtil...
2017-02-23 16:20:58.621 35236 [main] INFO  c.f.c.qcloud.QCloudMessageUtil- init QCloudMessageUtil...
2017-02-23 16:20:58.697 35312 [main] INFO  c.f.c.qcloud.QCloudMessageUtil- ========requestUrl = https://console.tim.qq.com/v4/openim/im_set_attr_name?sdkappid=1400025235&identifier=admin&usersig=eJxFkF1PwjAUhv-LbjXStWtWTLyYQPwAZgzMMG*a0nZ4MjbK2hEc8b87mxFvnycn7-ueS7BerO6EMaC4cJw0KrgPUHDrsT4baDQXhdNNj0NKKUboak*6sXCoe4FRSENMEPqXoHTtoAB-KFQF9SAs7HqynGWTl2fsNnL7qCM7X7RVJPLXTVtU6zhpYzvSZa1G5Dju3o9PE5vALNlNTylOlLiZf0z1crXfM-aZnrNxKbddh20uU-P1lhMTZ9nDNUyV3G-7ax-17TDFhA7SQaU9ZzELGSVs4ELKQ1s77r6N9s-4*QXfGVgt&contenttype=json&random=516535229
2017-02-23 16:20:59.060 35675 [main] INFO  com.feedss.base.util.HttpUtil- request url:https://console.tim.qq.com/v4/openim/im_set_attr_name?sdkappid=1400025235&identifier=admin&usersig=eJxFkF1PwjAUhv-LbjXStWtWTLyYQPwAZgzMMG*a0nZ4MjbK2hEc8b87mxFvnycn7-ueS7BerO6EMaC4cJw0KrgPUHDrsT4baDQXhdNNj0NKKUboak*6sXCoe4FRSENMEPqXoHTtoAB-KFQF9SAs7HqynGWTl2fsNnL7qCM7X7RVJPLXTVtU6zhpYzvSZa1G5Dju3o9PE5vALNlNTylOlLiZf0z1crXfM-aZnrNxKbddh20uU-P1lhMTZ9nDNUyV3G-7ax-17TDFhA7SQaU9ZzELGSVs4ELKQ1s77r6N9s-4*QXfGVgt&contenttype=json&random=516535229, params:{"AttrNames":{"0":"group","1":"id"}}
2017-02-23 16:20:59.768 36383 [main] INFO  com.feedss.base.util.HttpUtil- response:{"ActionStatus":"OK","ErrorInfo":"","ErrorCode":0}
2017-02-23 16:20:59.796 36411 [main] INFO  c.f.c.qcloud.QCloudMessageUtil- Header:{Content-Type=[application/json;charset=UTF-8], Accept=[application/json;charset=UTF-8], Accept-Charset=[utf-8]}
2017-02-23 16:20:59.921 36536 [main] INFO  c.f.c.qcloud.QCloudMessageUtil- ========requestUrl = https://console.tim.qq.com/v4/im_open_login_svc/account_import?sdkappid=1400025235&identifier=admin&usersig=eJxFkF1PwjAUhv-LbjXStWtWTLyYQPwAZgzMMG*a0nZ4MjbK2hEc8b87mxFvnycn7-ueS7BerO6EMaC4cJw0KrgPUHDrsT4baDQXhdNNj0NKKUboak*6sXCoe4FRSENMEPqXoHTtoAB-KFQF9SAs7HqynGWTl2fsNnL7qCM7X7RVJPLXTVtU6zhpYzvSZa1G5Dju3o9PE5vALNlNTylOlLiZf0z1crXfM-aZnrNxKbddh20uU-P1lhMTZ9nDNUyV3G-7ax-17TDFhA7SQaU9ZzELGSVs4ELKQ1s77r6N9s-4*QXfGVgt&contenttype=json&random=888446500
2017-02-23 16:21:00.813 37428 [main] INFO  c.f.c.qcloud.QCloudMessageUtil- import user to qcloud, req = {"Identifier":"nosessionAccount","Nick":"","FaceUrl":""}, resp = {"ActionStatus":"OK","ErrorInfo":"","ErrorCode":0}
2017-02-23 16:21:00.819 37434 [main] INFO  c.f.c.qcloud.QCloudMessageUtil- Header:{Content-Type=[application/json;charset=UTF-8], Accept=[application/json;charset=UTF-8], Accept-Charset=[utf-8]}
2017-02-23 16:21:00.826 37441 [main] INFO  c.f.c.qcloud.QCloudMessageUtil- ========requestUrl = https://console.tim.qq.com/v4/im_open_login_svc/account_import?sdkappid=1400025235&identifier=admin&usersig=eJxFkF1PwjAUhv-LbjXStWtWTLyYQPwAZgzMMG*a0nZ4MjbK2hEc8b87mxFvnycn7-ueS7BerO6EMaC4cJw0KrgPUHDrsT4baDQXhdNNj0NKKUboak*6sXCoe4FRSENMEPqXoHTtoAB-KFQF9SAs7HqynGWTl2fsNnL7qCM7X7RVJPLXTVtU6zhpYzvSZa1G5Dju3o9PE5vALNlNTylOlLiZf0z1crXfM-aZnrNxKbddh20uU-P1lhMTZ9nDNUyV3G-7ax-17TDFhA7SQaU9ZzELGSVs4ELKQ1s77r6N9s-4*QXfGVgt&contenttype=json&random=189648517
2017-02-23 16:21:01.576 38191 [main] INFO  c.f.c.qcloud.QCloudMessageUtil- import user to qcloud, req = {"Identifier":"systemMessageAccount","Nick":"系统消息","FaceUrl":"http://image.sc.feedss.com/icon/system.png"}, resp = {"ActionStatus":"OK","ErrorInfo":"","ErrorCode":0}
2017-02-23 16:21:06.448 43063 [main] INFO  c.f.b.s.ApplicationEventListener- 应用刷新......
2017-02-23 16:21:06.536 43151 [main] INFO  c.f.b.s.ApplicationEventListener- 应用已启动完成......
2017-02-23 16:21:06.537 43152 [main] INFO  com.feedss.FeedssApplication- Started FeedssApplication in 42.729 seconds (JVM running for 43.444)
2017-02-23 16:22:00.052 96667 [pool-2-thread-1] INFO  com.feedss.user.task.ProductTask- ******************Receive Gift Start*********************
2017-02-23 16:22:00.123 96738 [pool-2-thread-1] INFO  com.feedss.user.task.ProductTask- ******************Receive Gift End*********************
2017-02-23 16:22:00.123 96738 [pool-2-thread-1] DEBUG c.feedss.content.task.AudienceTask- 监控room观众在线状态....
2017-02-23 16:22:00.123 96738 [pool-2-thread-1] DEBUG com.feedss.content.task.StreamTask- 监控stream状态....
2017-02-23 16:22:04.999 101614 [pool-2-thread-1] INFO  com.feedss.user.task.HostListTask- ******************host list refresh start*********************
2017-02-23 16:22:05.041 101656 [pool-2-thread-1] INFO  com.feedss.user.task.HostListTask- ******************host list refresh end*********************
2017-02-23 16:23:00.002 156617 [pool-2-thread-1] INFO  com.feedss.user.task.ProductTask- ******************Receive Gift Start*********************
2017-02-23 16:23:00.039 156654 [pool-2-thread-1] INFO  com.feedss.user.task.ProductTask- ******************Receive Gift End*********************
2017-02-23 16:23:00.039 156654 [pool-2-thread-1] DEBUG com.feedss.content.task.StreamTask- 监控stream状态....
2017-02-23 16:23:05.001 161616 [pool-2-thread-1] INFO  com.feedss.user.task.HostListTask- ******************host list refresh start*********************
2017-02-23 16:23:05.023 161638 [pool-2-thread-1] INFO  com.feedss.user.task.HostListTask- ******************host list refresh end*********************
2017-02-23 16:23:59.998 216613 [pool-2-thread-1] DEBUG com.feedss.content.task.RoomTask- 监控Room在线状态....
2017-02-23 16:23:59.999 216614 [pool-2-thread-1] DEBUG c.feedss.content.task.AudienceTask- 监控room观众在线状态....
2017-02-23 16:23:59.999 216614 [pool-2-thread-1] DEBUG com.feedss.content.task.StreamTask- 监控stream状态....
2017-02-23 16:24:00.014 216629 [pool-2-thread-1] INFO  com.feedss.user.task.ProductTask- ******************Receive Gift Start*********************
2017-02-23 16:24:00.064 216679 [pool-2-thread-1] INFO  com.feedss.user.task.ProductTask- ******************Receive Gift End*********************
2017-02-23 16:24:04.998 221613 [pool-2-thread-1] INFO  com.feedss.user.task.HostListTask- ******************host list refresh start*********************
2017-02-23 16:24:05.017 221632 [pool-2-thread-1] INFO  com.feedss.user.task.HostListTask- ******************host list refresh end*********************
2017-02-23 16:24:59.995 276610 [pool-2-thread-1] INFO  c.f.base.util.conf.ConfigureUtil- >>>>>>>>>>>>> load config ... Thu Feb 23 16:24:59 CST 2017
2017-02-23 16:25:00.090 276705 [pool-2-thread-1] DEBUG c.f.content.task.CategoryStreamTask- 更新分类下统计直播间和回放数量....
2017-02-23 16:25:00.629 277244 [pool-2-thread-1] DEBUG com.feedss.content.task.StreamTask- 监控stream状态....
2017-02-23 16:25:00.639 277254 [pool-2-thread-1] INFO  com.feedss.user.task.ProductTask- ******************Receive Gift Start*********************
2017-02-23 16:25:00.674 277289 [pool-2-thread-1] INFO  com.feedss.user.task.ProductTask- ******************Receive Gift End*********************
2017-02-23 16:25:05.003 281618 [pool-2-thread-1] INFO  com.feedss.user.task.HostListTask- ******************host list refresh start*********************
2017-02-23 16:25:05.033 281648 [pool-2-thread-1] INFO  com.feedss.user.task.HostListTask- ******************host list refresh end*********************
2017-02-23 16:26:00.000 336615 [pool-2-thread-1] DEBUG c.feedss.content.task.AudienceTask- 监控room观众在线状态....
2017-02-23 16:26:00.001 336616 [pool-2-thread-1] DEBUG com.feedss.content.task.StreamTask- 监控stream状态....
2017-02-23 16:26:00.039 336654 [pool-2-thread-1] INFO  com.feedss.user.task.ProductTask- ******************Receive Gift Start*********************
2017-02-23 16:26:00.068 336683 [pool-2-thread-1] INFO  com.feedss.user.task.ProductTask- ******************Receive Gift End*********************
2017-02-23 16:26:05.002 341617 [pool-2-thread-1] INFO  com.feedss.user.task.HostListTask- ******************host list refresh start*********************
2017-02-23 16:26:05.027 341642 [pool-2-thread-1] INFO  com.feedss.user.task.HostListTask- ******************host list refresh end*********************
2017-02-23 16:27:00.812 578  [main] INFO  c.f.b.s.ApplicationEventListener- 初始化环境变量......
2017-02-23 16:27:00.892 658  [main] INFO  com.feedss.FeedssApplication- Starting FeedssApplication on localhost with PID 25206 (/Users/zhouyujuan/Documents/dev/code/workspace-neon/feedss/target/classes started by zhouyujuan in /Users/zhouyujuan/Documents/dev/code/workspace-neon/feedss)
2017-02-23 16:27:00.892 658  [main] DEBUG com.feedss.FeedssApplication- Running with Spring Boot v1.4.2.RELEASE, Spring v4.3.4.RELEASE
2017-02-23 16:27:00.892 658  [main] INFO  com.feedss.FeedssApplication- The following profiles are active: test
2017-02-23 16:27:01.090 856  [main] INFO  c.f.b.s.ApplicationEventListener- 初始化完成......
2017-02-23 16:27:08.623 8389 [main] INFO  c.f.base.util.conf.ConfigureUtil- ConfigureUtil...
2017-02-23 16:27:09.124 8890 [main] INFO  c.f.c.q.GenerateTLSSignatureUtil- init GenerateTLSSignatureUtil...
2017-02-23 16:27:09.128 8894 [main] INFO  c.f.c.qcloud.QCloudMessageUtil- init QCloudMessageUtil...
2017-02-23 16:27:09.175 8941 [main] INFO  c.f.c.qcloud.QCloudMessageUtil- ========requestUrl = https://console.tim.qq.com/v4/openim/im_set_attr_name?sdkappid=1400025235&identifier=admin&usersig=eJxFkF1PwjAUhv-LbjXStWtWTLyYQPwAZgzMMG*a0nZ4MjbK2hEc8b87mxFvnycn7-ueS7BerO6EMaC4cJw0KrgPUHDrsT4baDQXhdNNj0NKKUboak*6sXCoe4FRSENMEPqXoHTtoAB-KFQF9SAs7HqynGWTl2fsNnL7qCM7X7RVJPLXTVtU6zhpYzvSZa1G5Dju3o9PE5vALNlNTylOlLiZf0z1crXfM-aZnrNxKbddh20uU-P1lhMTZ9nDNUyV3G-7ax-17TDFhA7SQaU9ZzELGSVs4ELKQ1s77r6N9s-4*QXfGVgt&contenttype=json&random=714503034
2017-02-23 16:27:09.216 8982 [main] INFO  com.feedss.base.util.HttpUtil- request url:https://console.tim.qq.com/v4/openim/im_set_attr_name?sdkappid=1400025235&identifier=admin&usersig=eJxFkF1PwjAUhv-LbjXStWtWTLyYQPwAZgzMMG*a0nZ4MjbK2hEc8b87mxFvnycn7-ueS7BerO6EMaC4cJw0KrgPUHDrsT4baDQXhdNNj0NKKUboak*6sXCoe4FRSENMEPqXoHTtoAB-KFQF9SAs7HqynGWTl2fsNnL7qCM7X7RVJPLXTVtU6zhpYzvSZa1G5Dju3o9PE5vALNlNTylOlLiZf0z1crXfM-aZnrNxKbddh20uU-P1lhMTZ9nDNUyV3G-7ax-17TDFhA7SQaU9ZzELGSVs4ELKQ1s77r6N9s-4*QXfGVgt&contenttype=json&random=714503034, params:{"AttrNames":{"0":"group","1":"id"}}
2017-02-23 16:27:10.391 10157 [main] INFO  com.feedss.base.util.HttpUtil- response:{"ActionStatus":"OK","ErrorInfo":"","ErrorCode":0}
2017-02-23 16:27:10.418 10184 [main] INFO  c.f.c.qcloud.QCloudMessageUtil- Header:{Content-Type=[application/json;charset=UTF-8], Accept=[application/json;charset=UTF-8], Accept-Charset=[utf-8]}
2017-02-23 16:27:10.498 10264 [main] INFO  c.f.c.qcloud.QCloudMessageUtil- ========requestUrl = https://console.tim.qq.com/v4/im_open_login_svc/account_import?sdkappid=1400025235&identifier=admin&usersig=eJxFkF1PwjAUhv-LbjXStWtWTLyYQPwAZgzMMG*a0nZ4MjbK2hEc8b87mxFvnycn7-ueS7BerO6EMaC4cJw0KrgPUHDrsT4baDQXhdNNj0NKKUboak*6sXCoe4FRSENMEPqXoHTtoAB-KFQF9SAs7HqynGWTl2fsNnL7qCM7X7RVJPLXTVtU6zhpYzvSZa1G5Dju3o9PE5vALNlNTylOlLiZf0z1crXfM-aZnrNxKbddh20uU-P1lhMTZ9nDNUyV3G-7ax-17TDFhA7SQaU9ZzELGSVs4ELKQ1s77r6N9s-4*QXfGVgt&contenttype=json&random=884686003
2017-02-23 16:27:11.304 11070 [main] INFO  c.f.c.qcloud.QCloudMessageUtil- import user to qcloud, req = {"Identifier":"nosessionAccount","Nick":"","FaceUrl":""}, resp = {"ActionStatus":"OK","ErrorInfo":"","ErrorCode":0}
2017-02-23 16:27:11.308 11074 [main] INFO  c.f.c.qcloud.QCloudMessageUtil- Header:{Content-Type=[application/json;charset=UTF-8], Accept=[application/json;charset=UTF-8], Accept-Charset=[utf-8]}
2017-02-23 16:27:11.313 11079 [main] INFO  c.f.c.qcloud.QCloudMessageUtil- ========requestUrl = https://console.tim.qq.com/v4/im_open_login_svc/account_import?sdkappid=1400025235&identifier=admin&usersig=eJxFkF1PwjAUhv-LbjXStWtWTLyYQPwAZgzMMG*a0nZ4MjbK2hEc8b87mxFvnycn7-ueS7BerO6EMaC4cJw0KrgPUHDrsT4baDQXhdNNj0NKKUboak*6sXCoe4FRSENMEPqXoHTtoAB-KFQF9SAs7HqynGWTl2fsNnL7qCM7X7RVJPLXTVtU6zhpYzvSZa1G5Dju3o9PE5vALNlNTylOlLiZf0z1crXfM-aZnrNxKbddh20uU-P1lhMTZ9nDNUyV3G-7ax-17TDFhA7SQaU9ZzELGSVs4ELKQ1s77r6N9s-4*QXfGVgt&contenttype=json&random=595734087
2017-02-23 16:27:11.917 11683 [main] INFO  c.f.c.qcloud.QCloudMessageUtil- import user to qcloud, req = {"Identifier":"systemMessageAccount","Nick":"系统消息","FaceUrl":"http://image.sc.feedss.com/icon/system.png"}, resp = {"ActionStatus":"OK","ErrorInfo":"","ErrorCode":0}
2017-02-23 16:27:16.141 15907 [main] INFO  c.f.b.s.ApplicationEventListener- 应用刷新......
2017-02-23 16:27:16.208 15974 [main] INFO  c.f.b.s.ApplicationEventListener- 应用已启动完成......
2017-02-23 16:27:16.209 15975 [main] INFO  com.feedss.FeedssApplication- Started FeedssApplication in 15.677 seconds (JVM running for 16.135)
2017-02-23 16:27:59.999 59765 [pool-2-thread-1] DEBUG c.feedss.content.task.AudienceTask- 监控room观众在线状态....
2017-02-23 16:27:59.999 59765 [pool-2-thread-1] DEBUG com.feedss.content.task.StreamTask- 监控stream状态....
2017-02-23 16:28:00.050 59816 [pool-2-thread-1] INFO  com.feedss.user.task.ProductTask- ******************Receive Gift Start*********************
2017-02-23 16:28:00.094 59860 [pool-2-thread-1] INFO  com.feedss.user.task.ProductTask- ******************Receive Gift End*********************
2017-02-23 16:28:04.999 64765 [pool-2-thread-1] INFO  com.feedss.user.task.HostListTask- ******************host list refresh start*********************
2017-02-23 16:28:05.052 64818 [pool-2-thread-1] INFO  com.feedss.user.task.HostListTask- ******************host list refresh end*********************
2017-02-23 16:28:28.913 88679 [Thread-7] INFO  c.f.b.s.ApplicationEventListener- 应用关闭......
2017-02-23 16:29:25.486 582  [main] INFO  c.f.b.s.ApplicationEventListener- 初始化环境变量......
2017-02-23 16:29:25.578 674  [main] INFO  com.feedss.FeedssApplication- Starting FeedssApplication on localhost with PID 25312 (/Users/zhouyujuan/Documents/dev/code/workspace-neon/feedss/target/classes started by zhouyujuan in /Users/zhouyujuan/Documents/dev/code/workspace-neon/feedss)
2017-02-23 16:29:25.578 674  [main] DEBUG com.feedss.FeedssApplication- Running with Spring Boot v1.4.2.RELEASE, Spring v4.3.4.RELEASE
2017-02-23 16:29:25.578 674  [main] INFO  com.feedss.FeedssApplication- The following profiles are active: test
2017-02-23 16:29:25.810 906  [main] INFO  c.f.b.s.ApplicationEventListener- 初始化完成......
2017-02-23 16:29:33.388 8484 [main] INFO  c.f.base.util.conf.ConfigureUtil- ConfigureUtil...
2017-02-23 16:29:33.925 9021 [main] INFO  c.f.c.q.GenerateTLSSignatureUtil- init GenerateTLSSignatureUtil...
2017-02-23 16:29:33.930 9026 [main] INFO  c.f.c.qcloud.QCloudMessageUtil- init QCloudMessageUtil...
2017-02-23 16:29:33.981 9077 [main] INFO  c.f.c.qcloud.QCloudMessageUtil- ========requestUrl = https://console.tim.qq.com/v4/openim/im_set_attr_name?sdkappid=1400025235&identifier=admin&usersig=eJxFkF1PwjAUhv-LbjXStWtWTLyYQPwAZgzMMG*a0nZ4MjbK2hEc8b87mxFvnycn7-ueS7BerO6EMaC4cJw0KrgPUHDrsT4baDQXhdNNj0NKKUboak*6sXCoe4FRSENMEPqXoHTtoAB-KFQF9SAs7HqynGWTl2fsNnL7qCM7X7RVJPLXTVtU6zhpYzvSZa1G5Dju3o9PE5vALNlNTylOlLiZf0z1crXfM-aZnrNxKbddh20uU-P1lhMTZ9nDNUyV3G-7ax-17TDFhA7SQaU9ZzELGSVs4ELKQ1s77r6N9s-4*QXfGVgt&contenttype=json&random=900026643
2017-02-23 16:29:34.025 9121 [main] INFO  com.feedss.base.util.HttpUtil- request url:https://console.tim.qq.com/v4/openim/im_set_attr_name?sdkappid=1400025235&identifier=admin&usersig=eJxFkF1PwjAUhv-LbjXStWtWTLyYQPwAZgzMMG*a0nZ4MjbK2hEc8b87mxFvnycn7-ueS7BerO6EMaC4cJw0KrgPUHDrsT4baDQXhdNNj0NKKUboak*6sXCoe4FRSENMEPqXoHTtoAB-KFQF9SAs7HqynGWTl2fsNnL7qCM7X7RVJPLXTVtU6zhpYzvSZa1G5Dju3o9PE5vALNlNTylOlLiZf0z1crXfM-aZnrNxKbddh20uU-P1lhMTZ9nDNUyV3G-7ax-17TDFhA7SQaU9ZzELGSVs4ELKQ1s77r6N9s-4*QXfGVgt&contenttype=json&random=900026643, params:{"AttrNames":{"0":"group","1":"id"}}
2017-02-23 16:29:35.084 10180 [main] INFO  com.feedss.base.util.HttpUtil- response:{"ActionStatus":"OK","ErrorInfo":"","ErrorCode":0}
2017-02-23 16:29:35.113 10209 [main] INFO  c.f.c.qcloud.QCloudMessageUtil- Header:{Content-Type=[application/json;charset=UTF-8], Accept=[application/json;charset=UTF-8], Accept-Charset=[utf-8]}
2017-02-23 16:29:35.189 10285 [main] INFO  c.f.c.qcloud.QCloudMessageUtil- ========requestUrl = https://console.tim.qq.com/v4/im_open_login_svc/account_import?sdkappid=1400025235&identifier=admin&usersig=eJxFkF1PwjAUhv-LbjXStWtWTLyYQPwAZgzMMG*a0nZ4MjbK2hEc8b87mxFvnycn7-ueS7BerO6EMaC4cJw0KrgPUHDrsT4baDQXhdNNj0NKKUboak*6sXCoe4FRSENMEPqXoHTtoAB-KFQF9SAs7HqynGWTl2fsNnL7qCM7X7RVJPLXTVtU6zhpYzvSZa1G5Dju3o9PE5vALNlNTylOlLiZf0z1crXfM-aZnrNxKbddh20uU-P1lhMTZ9nDNUyV3G-7ax-17TDFhA7SQaU9ZzELGSVs4ELKQ1s77r6N9s-4*QXfGVgt&contenttype=json&random=188999816
2017-02-23 16:29:35.724 10820 [main] INFO  c.f.c.qcloud.QCloudMessageUtil- import user to qcloud, req = {"Identifier":"nosessionAccount","Nick":"","FaceUrl":""}, resp = {"ActionStatus":"OK","ErrorInfo":"","ErrorCode":0}
2017-02-23 16:29:35.726 10822 [main] INFO  c.f.c.qcloud.QCloudMessageUtil- Header:{Content-Type=[application/json;charset=UTF-8], Accept=[application/json;charset=UTF-8], Accept-Charset=[utf-8]}
2017-02-23 16:29:35.730 10826 [main] INFO  c.f.c.qcloud.QCloudMessageUtil- ========requestUrl = https://console.tim.qq.com/v4/im_open_login_svc/account_import?sdkappid=1400025235&identifier=admin&usersig=eJxFkF1PwjAUhv-LbjXStWtWTLyYQPwAZgzMMG*a0nZ4MjbK2hEc8b87mxFvnycn7-ueS7BerO6EMaC4cJw0KrgPUHDrsT4baDQXhdNNj0NKKUboak*6sXCoe4FRSENMEPqXoHTtoAB-KFQF9SAs7HqynGWTl2fsNnL7qCM7X7RVJPLXTVtU6zhpYzvSZa1G5Dju3o9PE5vALNlNTylOlLiZf0z1crXfM-aZnrNxKbddh20uU-P1lhMTZ9nDNUyV3G-7ax-17TDFhA7SQaU9ZzELGSVs4ELKQ1s77r6N9s-4*QXfGVgt&contenttype=json&random=991311117
2017-02-23 16:29:36.608 11704 [main] INFO  c.f.c.qcloud.QCloudMessageUtil- import user to qcloud, req = {"Identifier":"systemMessageAccount","Nick":"系统消息","FaceUrl":"http://image.sc.feedss.com/icon/system.png"}, resp = {"ActionStatus":"OK","ErrorInfo":"","ErrorCode":0}
2017-02-23 16:29:40.581 15677 [main] INFO  c.f.b.s.ApplicationEventListener- 应用刷新......
2017-02-23 16:29:40.647 15743 [main] INFO  c.f.b.s.ApplicationEventListener- 应用已启动完成......
2017-02-23 16:29:40.648 15744 [main] INFO  com.feedss.FeedssApplication- Started FeedssApplication in 15.438 seconds (JVM running for 15.905)
2017-02-23 16:29:59.999 35095 [pool-2-thread-1] DEBUG c.feedss.content.task.AudienceTask- 监控room观众在线状态....
2017-02-23 16:30:00.000 35096 [pool-2-thread-1] DEBUG c.f.content.task.CategoryStreamTask- 更新分类下统计直播间和回放数量....
2017-02-23 16:30:00.667 35763 [pool-2-thread-1] DEBUG com.feedss.content.task.RoomTask- 监控Room在线状态....
2017-02-23 16:30:00.667 35763 [pool-2-thread-1] DEBUG com.feedss.content.task.StreamTask- 监控stream状态....
2017-02-23 16:30:00.694 35790 [pool-2-thread-1] INFO  com.feedss.user.task.ProductTask- ******************Receive Gift Start*********************
2017-02-23 16:30:00.724 35820 [pool-2-thread-1] INFO  com.feedss.user.task.ProductTask- ******************Receive Gift End*********************
2017-02-23 16:30:00.725 35821 [pool-2-thread-1] INFO  c.f.base.util.conf.ConfigureUtil- >>>>>>>>>>>>> load config ... Thu Feb 23 16:30:00 CST 2017
2017-02-23 16:30:04.999 40095 [pool-2-thread-1] INFO  com.feedss.user.task.HostListTask- ******************host list refresh start*********************
2017-02-23 16:30:05.042 40138 [pool-2-thread-1] INFO  com.feedss.user.task.HostListTask- ******************host list refresh end*********************
2017-02-23 16:31:00.000 95096 [pool-2-thread-1] INFO  com.feedss.user.task.ProductTask- ******************Receive Gift Start*********************
2017-02-23 16:31:00.032 95128 [pool-2-thread-1] INFO  com.feedss.user.task.ProductTask- ******************Receive Gift End*********************
2017-02-23 16:31:00.033 95129 [pool-2-thread-1] DEBUG com.feedss.content.task.StreamTask- 监控stream状态....
2017-02-23 16:31:05.001 100097 [pool-2-thread-1] INFO  com.feedss.user.task.HostListTask- ******************host list refresh start*********************
2017-02-23 16:31:05.022 100118 [pool-2-thread-1] INFO  com.feedss.user.task.HostListTask- ******************host list refresh end*********************
2017-02-23 16:31:59.999 155095 [pool-2-thread-1] DEBUG c.feedss.content.task.AudienceTask- 监控room观众在线状态....
2017-02-23 16:31:59.999 155095 [pool-2-thread-1] DEBUG com.feedss.content.task.StreamTask- 监控stream状态....
2017-02-23 16:32:00.021 155117 [pool-2-thread-1] INFO  com.feedss.user.task.ProductTask- ******************Receive Gift Start*********************
2017-02-23 16:32:00.077 155173 [pool-2-thread-1] INFO  com.feedss.user.task.ProductTask- ******************Receive Gift End*********************
2017-02-23 16:32:02.234 157330 [Thread-7] INFO  c.f.b.s.ApplicationEventListener- 应用关闭......
2017-02-23 16:33:11.985 604  [main] INFO  c.f.b.s.ApplicationEventListener- 初始化环境变量......
2017-02-23 16:33:12.073 692  [main] INFO  com.feedss.FeedssApplication- Starting FeedssApplication on localhost with PID 25366 (/Users/zhouyujuan/Documents/dev/code/workspace-neon/feedss/target/classes started by zhouyujuan in /Users/zhouyujuan/Documents/dev/code/workspace-neon/feedss)
2017-02-23 16:33:12.074 693  [main] DEBUG com.feedss.FeedssApplication- Running with Spring Boot v1.4.2.RELEASE, Spring v4.3.4.RELEASE
2017-02-23 16:33:12.074 693  [main] INFO  com.feedss.FeedssApplication- The following profiles are active: test
2017-02-23 16:33:12.309 928  [main] INFO  c.f.b.s.ApplicationEventListener- 初始化完成......
2017-02-23 16:33:20.236 8855 [main] INFO  c.f.base.util.conf.ConfigureUtil- ConfigureUtil...
2017-02-23 16:33:20.776 9395 [main] INFO  c.f.c.q.GenerateTLSSignatureUtil- init GenerateTLSSignatureUtil...
2017-02-23 16:33:20.780 9399 [main] INFO  c.f.c.qcloud.QCloudMessageUtil- init QCloudMessageUtil...
2017-02-23 16:33:20.832 9451 [main] INFO  c.f.c.qcloud.QCloudMessageUtil- ========requestUrl = https://console.tim.qq.com/v4/openim/im_set_attr_name?sdkappid=1400025235&identifier=admin&usersig=eJxFkF1PwjAUhv-LbjXStWtWTLyYQPwAZgzMMG*a0nZ4MjbK2hEc8b87mxFvnycn7-ueS7BerO6EMaC4cJw0KrgPUHDrsT4baDQXhdNNj0NKKUboak*6sXCoe4FRSENMEPqXoHTtoAB-KFQF9SAs7HqynGWTl2fsNnL7qCM7X7RVJPLXTVtU6zhpYzvSZa1G5Dju3o9PE5vALNlNTylOlLiZf0z1crXfM-aZnrNxKbddh20uU-P1lhMTZ9nDNUyV3G-7ax-17TDFhA7SQaU9ZzELGSVs4ELKQ1s77r6N9s-4*QXfGVgt&contenttype=json&random=567993458
2017-02-23 16:33:20.878 9497 [main] INFO  com.feedss.base.util.HttpUtil- request url:https://console.tim.qq.com/v4/openim/im_set_attr_name?sdkappid=1400025235&identifier=admin&usersig=eJxFkF1PwjAUhv-LbjXStWtWTLyYQPwAZgzMMG*a0nZ4MjbK2hEc8b87mxFvnycn7-ueS7BerO6EMaC4cJw0KrgPUHDrsT4baDQXhdNNj0NKKUboak*6sXCoe4FRSENMEPqXoHTtoAB-KFQF9SAs7HqynGWTl2fsNnL7qCM7X7RVJPLXTVtU6zhpYzvSZa1G5Dju3o9PE5vALNlNTylOlLiZf0z1crXfM-aZnrNxKbddh20uU-P1lhMTZ9nDNUyV3G-7ax-17TDFhA7SQaU9ZzELGSVs4ELKQ1s77r6N9s-4*QXfGVgt&contenttype=json&random=567993458, params:{"AttrNames":{"0":"group","1":"id"}}
2017-02-23 16:33:21.776 10395 [main] INFO  com.feedss.base.util.HttpUtil- response:{"ActionStatus":"OK","ErrorInfo":"","ErrorCode":0}
2017-02-23 16:33:21.805 10424 [main] INFO  c.f.c.qcloud.QCloudMessageUtil- Header:{Content-Type=[application/json;charset=UTF-8], Accept=[application/json;charset=UTF-8], Accept-Charset=[utf-8]}
2017-02-23 16:33:21.915 10534 [main] INFO  c.f.c.qcloud.QCloudMessageUtil- ========requestUrl = https://console.tim.qq.com/v4/im_open_login_svc/account_import?sdkappid=1400025235&identifier=admin&usersig=eJxFkF1PwjAUhv-LbjXStWtWTLyYQPwAZgzMMG*a0nZ4MjbK2hEc8b87mxFvnycn7-ueS7BerO6EMaC4cJw0KrgPUHDrsT4baDQXhdNNj0NKKUboak*6sXCoe4FRSENMEPqXoHTtoAB-KFQF9SAs7HqynGWTl2fsNnL7qCM7X7RVJPLXTVtU6zhpYzvSZa1G5Dju3o9PE5vALNlNTylOlLiZf0z1crXfM-aZnrNxKbddh20uU-P1lhMTZ9nDNUyV3G-7ax-17TDFhA7SQaU9ZzELGSVs4ELKQ1s77r6N9s-4*QXfGVgt&contenttype=json&random=516881805
2017-02-23 16:33:22.726 11345 [main] INFO  c.f.c.qcloud.QCloudMessageUtil- import user to qcloud, req = {"Identifier":"nosessionAccount","Nick":"","FaceUrl":""}, resp = {"ActionStatus":"OK","ErrorInfo":"","ErrorCode":0}
2017-02-23 16:33:22.730 11349 [main] INFO  c.f.c.qcloud.QCloudMessageUtil- Header:{Content-Type=[application/json;charset=UTF-8], Accept=[application/json;charset=UTF-8], Accept-Charset=[utf-8]}
2017-02-23 16:33:22.735 11354 [main] INFO  c.f.c.qcloud.QCloudMessageUtil- ========requestUrl = https://console.tim.qq.com/v4/im_open_login_svc/account_import?sdkappid=1400025235&identifier=admin&usersig=eJxFkF1PwjAUhv-LbjXStWtWTLyYQPwAZgzMMG*a0nZ4MjbK2hEc8b87mxFvnycn7-ueS7BerO6EMaC4cJw0KrgPUHDrsT4baDQXhdNNj0NKKUboak*6sXCoe4FRSENMEPqXoHTtoAB-KFQF9SAs7HqynGWTl2fsNnL7qCM7X7RVJPLXTVtU6zhpYzvSZa1G5Dju3o9PE5vALNlNTylOlLiZf0z1crXfM-aZnrNxKbddh20uU-P1lhMTZ9nDNUyV3G-7ax-17TDFhA7SQaU9ZzELGSVs4ELKQ1s77r6N9s-4*QXfGVgt&contenttype=json&random=932590343
2017-02-23 16:33:23.238 11857 [main] INFO  c.f.c.qcloud.QCloudMessageUtil- import user to qcloud, req = {"Identifier":"systemMessageAccount","Nick":"系统消息","FaceUrl":"http://image.sc.feedss.com/icon/system.png"}, resp = {"ActionStatus":"OK","ErrorInfo":"","ErrorCode":0}
2017-02-23 16:33:27.234 15853 [main] INFO  c.f.b.s.ApplicationEventListener- 应用刷新......
2017-02-23 16:33:27.318 15937 [main] INFO  c.f.b.s.ApplicationEventListener- 应用已启动完成......
2017-02-23 16:33:27.319 15938 [main] INFO  com.feedss.FeedssApplication- Started FeedssApplication in 15.635 seconds (JVM running for 16.101)
2017-02-23 16:34:00.000 48619 [pool-2-thread-1] DEBUG com.feedss.content.task.StreamTask- 监控stream状态....
2017-02-23 16:34:00.048 48667 [pool-2-thread-1] INFO  com.feedss.user.task.ProductTask- ******************Receive Gift Start*********************
2017-02-23 16:34:00.091 48710 [pool-2-thread-1] INFO  com.feedss.user.task.ProductTask- ******************Receive Gift End*********************
2017-02-23 16:34:00.091 48710 [pool-2-thread-1] DEBUG c.feedss.content.task.AudienceTask- 监控room观众在线状态....
2017-02-23 16:34:05.002 53621 [pool-2-thread-1] INFO  com.feedss.user.task.HostListTask- ******************host list refresh start*********************
2017-02-23 16:34:05.048 53667 [pool-2-thread-1] INFO  com.feedss.user.task.HostListTask- ******************host list refresh end*********************
2017-02-23 16:34:16.998 65617 [Thread-7] INFO  c.f.b.s.ApplicationEventListener- 应用关闭......
2017-02-23 16:35:20.926 612  [main] INFO  c.f.b.s.ApplicationEventListener- 初始化环境变量......
2017-02-23 16:35:21.009 695  [main] INFO  com.feedss.FeedssApplication- Starting FeedssApplication on localhost with PID 25401 (/Users/zhouyujuan/Documents/dev/code/workspace-neon/feedss/target/classes started by zhouyujuan in /Users/zhouyujuan/Documents/dev/code/workspace-neon/feedss)
2017-02-23 16:35:21.009 695  [main] DEBUG com.feedss.FeedssApplication- Running with Spring Boot v1.4.2.RELEASE, Spring v4.3.4.RELEASE
2017-02-23 16:35:21.009 695  [main] INFO  com.feedss.FeedssApplication- The following profiles are active: test
2017-02-23 16:35:21.233 919  [main] INFO  c.f.b.s.ApplicationEventListener- 初始化完成......
2017-02-23 16:35:28.388 8074 [main] INFO  c.f.base.util.conf.ConfigureUtil- ConfigureUtil...
2017-02-23 16:35:28.864 8550 [main] INFO  c.f.c.q.GenerateTLSSignatureUtil- init GenerateTLSSignatureUtil...
2017-02-23 16:35:28.868 8554 [main] INFO  c.f.c.qcloud.QCloudMessageUtil- init QCloudMessageUtil...
2017-02-23 16:35:28.919 8605 [main] INFO  c.f.c.qcloud.QCloudMessageUtil- ========requestUrl = https://console.tim.qq.com/v4/openim/im_set_attr_name?sdkappid=1400025235&identifier=admin&usersig=eJxFkF1PwjAUhv-LbjXStWtWTLyYQPwAZgzMMG*a0nZ4MjbK2hEc8b87mxFvnycn7-ueS7BerO6EMaC4cJw0KrgPUHDrsT4baDQXhdNNj0NKKUboak*6sXCoe4FRSENMEPqXoHTtoAB-KFQF9SAs7HqynGWTl2fsNnL7qCM7X7RVJPLXTVtU6zhpYzvSZa1G5Dju3o9PE5vALNlNTylOlLiZf0z1crXfM-aZnrNxKbddh20uU-P1lhMTZ9nDNUyV3G-7ax-17TDFhA7SQaU9ZzELGSVs4ELKQ1s77r6N9s-4*QXfGVgt&contenttype=json&random=410721658
2017-02-23 16:35:28.965 8651 [main] INFO  com.feedss.base.util.HttpUtil- request url:https://console.tim.qq.com/v4/openim/im_set_attr_name?sdkappid=1400025235&identifier=admin&usersig=eJxFkF1PwjAUhv-LbjXStWtWTLyYQPwAZgzMMG*a0nZ4MjbK2hEc8b87mxFvnycn7-ueS7BerO6EMaC4cJw0KrgPUHDrsT4baDQXhdNNj0NKKUboak*6sXCoe4FRSENMEPqXoHTtoAB-KFQF9SAs7HqynGWTl2fsNnL7qCM7X7RVJPLXTVtU6zhpYzvSZa1G5Dju3o9PE5vALNlNTylOlLiZf0z1crXfM-aZnrNxKbddh20uU-P1lhMTZ9nDNUyV3G-7ax-17TDFhA7SQaU9ZzELGSVs4ELKQ1s77r6N9s-4*QXfGVgt&contenttype=json&random=410721658, params:{"AttrNames":{"0":"group","1":"id"}}
2017-02-23 16:35:29.911 9597 [main] INFO  com.feedss.base.util.HttpUtil- response:{"ActionStatus":"OK","ErrorInfo":"","ErrorCode":0}
2017-02-23 16:35:29.937 9623 [main] INFO  c.f.c.qcloud.QCloudMessageUtil- Header:{Content-Type=[application/json;charset=UTF-8], Accept=[application/json;charset=UTF-8], Accept-Charset=[utf-8]}
2017-02-23 16:35:30.018 9704 [main] INFO  c.f.c.qcloud.QCloudMessageUtil- ========requestUrl = https://console.tim.qq.com/v4/im_open_login_svc/account_import?sdkappid=1400025235&identifier=admin&usersig=eJxFkF1PwjAUhv-LbjXStWtWTLyYQPwAZgzMMG*a0nZ4MjbK2hEc8b87mxFvnycn7-ueS7BerO6EMaC4cJw0KrgPUHDrsT4baDQXhdNNj0NKKUboak*6sXCoe4FRSENMEPqXoHTtoAB-KFQF9SAs7HqynGWTl2fsNnL7qCM7X7RVJPLXTVtU6zhpYzvSZa1G5Dju3o9PE5vALNlNTylOlLiZf0z1crXfM-aZnrNxKbddh20uU-P1lhMTZ9nDNUyV3G-7ax-17TDFhA7SQaU9ZzELGSVs4ELKQ1s77r6N9s-4*QXfGVgt&contenttype=json&random=849108246
2017-02-23 16:35:30.817 10503 [main] INFO  c.f.c.qcloud.QCloudMessageUtil- import user to qcloud, req = {"Identifier":"nosessionAccount","Nick":"","FaceUrl":""}, resp = {"ActionStatus":"OK","ErrorInfo":"","ErrorCode":0}
2017-02-23 16:35:30.821 10507 [main] INFO  c.f.c.qcloud.QCloudMessageUtil- Header:{Content-Type=[application/json;charset=UTF-8], Accept=[application/json;charset=UTF-8], Accept-Charset=[utf-8]}
2017-02-23 16:35:30.826 10512 [main] INFO  c.f.c.qcloud.QCloudMessageUtil- ========requestUrl = https://console.tim.qq.com/v4/im_open_login_svc/account_import?sdkappid=1400025235&identifier=admin&usersig=eJxFkF1PwjAUhv-LbjXStWtWTLyYQPwAZgzMMG*a0nZ4MjbK2hEc8b87mxFvnycn7-ueS7BerO6EMaC4cJw0KrgPUHDrsT4baDQXhdNNj0NKKUboak*6sXCoe4FRSENMEPqXoHTtoAB-KFQF9SAs7HqynGWTl2fsNnL7qCM7X7RVJPLXTVtU6zhpYzvSZa1G5Dju3o9PE5vALNlNTylOlLiZf0z1crXfM-aZnrNxKbddh20uU-P1lhMTZ9nDNUyV3G-7ax-17TDFhA7SQaU9ZzELGSVs4ELKQ1s77r6N9s-4*QXfGVgt&contenttype=json&random=631347818
2017-02-23 16:35:31.429 11115 [main] INFO  c.f.c.qcloud.QCloudMessageUtil- import user to qcloud, req = {"Identifier":"systemMessageAccount","Nick":"系统消息","FaceUrl":"http://image.sc.feedss.com/icon/system.png"}, resp = {"ActionStatus":"OK","ErrorInfo":"","ErrorCode":0}
2017-02-23 16:35:35.789 15475 [main] INFO  c.f.b.s.ApplicationEventListener- 应用刷新......
2017-02-23 16:35:35.870 15556 [main] INFO  c.f.b.s.ApplicationEventListener- 应用已启动完成......
2017-02-23 16:35:35.871 15557 [main] INFO  com.feedss.FeedssApplication- Started FeedssApplication in 15.249 seconds (JVM running for 15.722)
2017-02-23 16:36:00.003 39689 [pool-2-thread-1] DEBUG c.feedss.content.task.AudienceTask- 监控room观众在线状态....
2017-02-23 16:36:00.003 39689 [pool-2-thread-1] DEBUG com.feedss.content.task.RoomTask- 监控Room在线状态....
2017-02-23 16:36:00.003 39689 [pool-2-thread-1] DEBUG com.feedss.content.task.StreamTask- 监控stream状态....
2017-02-23 16:36:00.052 39738 [pool-2-thread-1] INFO  com.feedss.user.task.ProductTask- ******************Receive Gift Start*********************
2017-02-23 16:36:00.091 39777 [pool-2-thread-1] INFO  com.feedss.user.task.ProductTask- ******************Receive Gift End*********************
2017-02-23 16:36:05.003 44689 [pool-2-thread-1] INFO  com.feedss.user.task.HostListTask- ******************host list refresh start*********************
2017-02-23 16:36:05.045 44731 [pool-2-thread-1] INFO  com.feedss.user.task.HostListTask- ******************host list refresh end*********************
2017-02-23 16:36:33.148 72834 [Thread-7] INFO  c.f.b.s.ApplicationEventListener- 应用关闭......
2017-02-23 16:37:07.727 604  [main] INFO  c.f.b.s.ApplicationEventListener- 初始化环境变量......
2017-02-23 16:37:07.813 690  [main] INFO  com.feedss.FeedssApplication- Starting FeedssApplication on localhost with PID 25430 (/Users/zhouyujuan/Documents/dev/code/workspace-neon/feedss/target/classes started by zhouyujuan in /Users/zhouyujuan/Documents/dev/code/workspace-neon/feedss)
2017-02-23 16:37:07.813 690  [main] DEBUG com.feedss.FeedssApplication- Running with Spring Boot v1.4.2.RELEASE, Spring v4.3.4.RELEASE
2017-02-23 16:37:07.813 690  [main] INFO  com.feedss.FeedssApplication- The following profiles are active: test
2017-02-23 16:37:08.048 925  [main] INFO  c.f.b.s.ApplicationEventListener- 初始化完成......
2017-02-23 16:37:15.733 8610 [main] INFO  c.f.base.util.conf.ConfigureUtil- ConfigureUtil...
2017-02-23 16:37:16.334 9211 [main] INFO  c.f.c.q.GenerateTLSSignatureUtil- init GenerateTLSSignatureUtil...
2017-02-23 16:37:16.339 9216 [main] INFO  c.f.c.qcloud.QCloudMessageUtil- init QCloudMessageUtil...
2017-02-23 16:37:16.395 9272 [main] INFO  c.f.c.qcloud.QCloudMessageUtil- ========requestUrl = https://console.tim.qq.com/v4/openim/im_set_attr_name?sdkappid=1400025235&identifier=admin&usersig=eJxFkF1PwjAUhv-LbjXStWtWTLyYQPwAZgzMMG*a0nZ4MjbK2hEc8b87mxFvnycn7-ueS7BerO6EMaC4cJw0KrgPUHDrsT4baDQXhdNNj0NKKUboak*6sXCoe4FRSENMEPqXoHTtoAB-KFQF9SAs7HqynGWTl2fsNnL7qCM7X7RVJPLXTVtU6zhpYzvSZa1G5Dju3o9PE5vALNlNTylOlLiZf0z1crXfM-aZnrNxKbddh20uU-P1lhMTZ9nDNUyV3G-7ax-17TDFhA7SQaU9ZzELGSVs4ELKQ1s77r6N9s-4*QXfGVgt&contenttype=json&random=759353759
2017-02-23 16:37:16.439 9316 [main] INFO  com.feedss.base.util.HttpUtil- request url:https://console.tim.qq.com/v4/openim/im_set_attr_name?sdkappid=1400025235&identifier=admin&usersig=eJxFkF1PwjAUhv-LbjXStWtWTLyYQPwAZgzMMG*a0nZ4MjbK2hEc8b87mxFvnycn7-ueS7BerO6EMaC4cJw0KrgPUHDrsT4baDQXhdNNj0NKKUboak*6sXCoe4FRSENMEPqXoHTtoAB-KFQF9SAs7HqynGWTl2fsNnL7qCM7X7RVJPLXTVtU6zhpYzvSZa1G5Dju3o9PE5vALNlNTylOlLiZf0z1crXfM-aZnrNxKbddh20uU-P1lhMTZ9nDNUyV3G-7ax-17TDFhA7SQaU9ZzELGSVs4ELKQ1s77r6N9s-4*QXfGVgt&contenttype=json&random=759353759, params:{"AttrNames":{"0":"group","1":"id"}}
2017-02-23 16:37:17.274 10151 [main] INFO  com.feedss.base.util.HttpUtil- response:{"ActionStatus":"OK","ErrorInfo":"","ErrorCode":0}
2017-02-23 16:37:17.298 10175 [main] INFO  c.f.c.qcloud.QCloudMessageUtil- Header:{Content-Type=[application/json;charset=UTF-8], Accept=[application/json;charset=UTF-8], Accept-Charset=[utf-8]}
2017-02-23 16:37:17.387 10264 [main] INFO  c.f.c.qcloud.QCloudMessageUtil- ========requestUrl = https://console.tim.qq.com/v4/im_open_login_svc/account_import?sdkappid=1400025235&identifier=admin&usersig=eJxFkF1PwjAUhv-LbjXStWtWTLyYQPwAZgzMMG*a0nZ4MjbK2hEc8b87mxFvnycn7-ueS7BerO6EMaC4cJw0KrgPUHDrsT4baDQXhdNNj0NKKUboak*6sXCoe4FRSENMEPqXoHTtoAB-KFQF9SAs7HqynGWTl2fsNnL7qCM7X7RVJPLXTVtU6zhpYzvSZa1G5Dju3o9PE5vALNlNTylOlLiZf0z1crXfM-aZnrNxKbddh20uU-P1lhMTZ9nDNUyV3G-7ax-17TDFhA7SQaU9ZzELGSVs4ELKQ1s77r6N9s-4*QXfGVgt&contenttype=json&random=233545758
2017-02-23 16:37:18.010 10887 [main] INFO  c.f.c.qcloud.QCloudMessageUtil- import user to qcloud, req = {"Identifier":"nosessionAccount","Nick":"","FaceUrl":""}, resp = {"ActionStatus":"OK","ErrorInfo":"","ErrorCode":0}
2017-02-23 16:37:18.015 10892 [main] INFO  c.f.c.qcloud.QCloudMessageUtil- Header:{Content-Type=[application/json;charset=UTF-8], Accept=[application/json;charset=UTF-8], Accept-Charset=[utf-8]}
2017-02-23 16:37:18.020 10897 [main] INFO  c.f.c.qcloud.QCloudMessageUtil- ========requestUrl = https://console.tim.qq.com/v4/im_open_login_svc/account_import?sdkappid=1400025235&identifier=admin&usersig=eJxFkF1PwjAUhv-LbjXStWtWTLyYQPwAZgzMMG*a0nZ4MjbK2hEc8b87mxFvnycn7-ueS7BerO6EMaC4cJw0KrgPUHDrsT4baDQXhdNNj0NKKUboak*6sXCoe4FRSENMEPqXoHTtoAB-KFQF9SAs7HqynGWTl2fsNnL7qCM7X7RVJPLXTVtU6zhpYzvSZa1G5Dju3o9PE5vALNlNTylOlLiZf0z1crXfM-aZnrNxKbddh20uU-P1lhMTZ9nDNUyV3G-7ax-17TDFhA7SQaU9ZzELGSVs4ELKQ1s77r6N9s-4*QXfGVgt&contenttype=json&random=550356750
2017-02-23 16:37:18.725 11602 [main] INFO  c.f.c.qcloud.QCloudMessageUtil- import user to qcloud, req = {"Identifier":"systemMessageAccount","Nick":"系统消息","FaceUrl":"http://image.sc.feedss.com/icon/system.png"}, resp = {"ActionStatus":"OK","ErrorInfo":"","ErrorCode":0}
2017-02-23 16:37:23.057 15934 [main] INFO  c.f.b.s.ApplicationEventListener- 应用刷新......
2017-02-23 16:37:23.127 16004 [main] INFO  c.f.b.s.ApplicationEventListener- 应用已启动完成......
2017-02-23 16:37:23.128 16005 [main] INFO  com.feedss.FeedssApplication- Started FeedssApplication in 15.701 seconds (JVM running for 16.167)
2017-02-23 16:38:00.004 52881 [pool-2-thread-1] DEBUG c.feedss.content.task.AudienceTask- 监控room观众在线状态....
2017-02-23 16:38:00.004 52881 [pool-2-thread-1] DEBUG com.feedss.content.task.StreamTask- 监控stream状态....
2017-02-23 16:38:00.061 52938 [pool-2-thread-1] INFO  com.feedss.user.task.ProductTask- ******************Receive Gift Start*********************
2017-02-23 16:38:00.123 53000 [pool-2-thread-1] INFO  com.feedss.user.task.ProductTask- ******************Receive Gift End*********************
2017-02-23 16:38:05.003 57880 [pool-2-thread-1] INFO  com.feedss.user.task.HostListTask- ******************host list refresh start*********************
2017-02-23 16:38:05.052 57929 [pool-2-thread-1] INFO  com.feedss.user.task.HostListTask- ******************host list refresh end*********************
2017-02-23 16:38:29.399 82276 [http-nio-8188-exec-1] INFO  com.feedss.base.util.RedisUtil- cachekey = MessageUserSig4cfc9383ffe14ababb606f6a25af35e4
2017-02-23 16:38:29.471 82348 [http-nio-8188-exec-1] INFO  com.feedss.base.util.RedisUtil- cachekey = MessageUserSiged22d0d276964dc2a77e736283e874fd
2017-02-23 16:38:29.548 82425 [http-nio-8188-exec-1] INFO  com.feedss.base.util.RedisUtil- cachekey = MessageUserSig5d2a372519434ac2a368651ce0c5e6a2
2017-02-23 16:38:29.623 82500 [http-nio-8188-exec-1] INFO  com.feedss.base.util.RedisUtil- cachekey = TOKEN4cfc9383ffe14ababb606f6a25af35e4
2017-02-23 16:38:36.161 89038 [Thread-7] INFO  c.f.b.s.ApplicationEventListener- 应用关闭......
