2017-03-03 12:02:04.238 941  [main] INFO  c.f.b.s.ApplicationEventListener- 初始化环境变量......
2017-03-03 12:02:04.372 1075 [main] INFO  com.feedss.FeedssApplication- Starting FeedssApplication on localhost with PID 29867 (/Users/zhouyujuan/Documents/dev/code/workspace-neon/feedss/target/classes started by zhouyujuan in /Users/zhouyujuan/Documents/dev/code/workspace-neon/feedss)
2017-03-03 12:02:04.372 1075 [main] DEBUG com.feedss.FeedssApplication- Running with Spring Boot v1.4.2.RELEASE, Spring v4.3.4.RELEASE
2017-03-03 12:02:04.372 1075 [main] INFO  com.feedss.FeedssApplication- The following profiles are active: zplive
2017-03-03 12:02:04.652 1355 [main] INFO  c.f.b.s.ApplicationEventListener- 初始化完成......
2017-03-03 12:02:34.435 31138 [main] INFO  c.f.base.util.conf.ConfigureUtil- ConfigureUtil...
2017-03-03 12:02:35.037 31740 [main] INFO  c.f.c.q.GenerateTLSSignatureUtil- init GenerateTLSSignatureUtil...
2017-03-03 12:02:35.118 31821 [main] INFO  c.f.c.qcloud.QCloudMessageUtil- init QCloudMessageUtil...
2017-03-03 12:02:35.141 31844 [main] INFO  c.f.c.qcloud.QCloudMessageUtil- ========requestUrl = https://console.tim.qq.com/v4/openim/im_set_attr_name?sdkappid=1400012342&identifier=admin&usersig=eJxFkFFPgzAQgP8Lrxp3lNYZ3wBnKI6YOWLUl6ahBc7ZQqBbQON-l5ERX78vl-vufrx8u7*RbYtKSCeCTnn3HnjXM9ZDi50WsnS6m7DPGCMAiz3prsfGToKAz3wSAPxLVNo6LHEelMqgvYgeq4lkm-eY7x76IOX4oSANx9cIhsZUW7fefVqTJzbpOI-CU0Llvoa64nWYrUa6unobyufgy337MUvXsYqCwzHmT26TF4-GvkBmya1NlmXqIObbzvV0qpsqKblIh0bP-I6BTyksXBZFc7ROuLHV8zN*-wBpAVcC&contenttype=json&random=828378249
2017-03-03 12:02:35.195 31898 [main] INFO  com.feedss.base.util.HttpUtil- request url:https://console.tim.qq.com/v4/openim/im_set_attr_name?sdkappid=1400012342&identifier=admin&usersig=eJxFkFFPgzAQgP8Lrxp3lNYZ3wBnKI6YOWLUl6ahBc7ZQqBbQON-l5ERX78vl-vufrx8u7*RbYtKSCeCTnn3HnjXM9ZDi50WsnS6m7DPGCMAiz3prsfGToKAz3wSAPxLVNo6LHEelMqgvYgeq4lkm-eY7x76IOX4oSANx9cIhsZUW7fefVqTJzbpOI-CU0Llvoa64nWYrUa6unobyufgy337MUvXsYqCwzHmT26TF4-GvkBmya1NlmXqIObbzvV0qpsqKblIh0bP-I6BTyksXBZFc7ROuLHV8zN*-wBpAVcC&contenttype=json&random=828378249, params:{"AttrNames":{"0":"group","1":"id"}}
2017-03-03 12:02:36.086 32789 [main] INFO  com.feedss.base.util.HttpUtil- response:{"ActionStatus":"OK","ErrorInfo":"","ErrorCode":0}
2017-03-03 12:02:36.142 32845 [main] INFO  c.f.c.qcloud.QCloudMessageUtil- Header:{Content-Type=[application/json;charset=UTF-8], Accept=[application/json;charset=UTF-8], Accept-Charset=[utf-8]}
2017-03-03 12:02:36.261 32964 [main] INFO  c.f.c.qcloud.QCloudMessageUtil- ========requestUrl = https://console.tim.qq.com/v4/im_open_login_svc/account_import?sdkappid=1400012342&identifier=admin&usersig=eJxFkFFPgzAQgP8Lrxp3lNYZ3wBnKI6YOWLUl6ahBc7ZQqBbQON-l5ERX78vl-vufrx8u7*RbYtKSCeCTnn3HnjXM9ZDi50WsnS6m7DPGCMAiz3prsfGToKAz3wSAPxLVNo6LHEelMqgvYgeq4lkm-eY7x76IOX4oSANx9cIhsZUW7fefVqTJzbpOI-CU0Llvoa64nWYrUa6unobyufgy337MUvXsYqCwzHmT26TF4-GvkBmya1NlmXqIObbzvV0qpsqKblIh0bP-I6BTyksXBZFc7ROuLHV8zN*-wBpAVcC&contenttype=json&random=901430883
2017-03-03 12:02:36.964 33667 [main] INFO  c.f.c.qcloud.QCloudMessageUtil- import user to qcloud, req = {"Identifier":"nosessionAccount","Nick":"","FaceUrl":""}, resp = {"ActionStatus":"OK","ErrorInfo":"","ErrorCode":0}
2017-03-03 12:02:36.970 33673 [main] INFO  c.f.c.qcloud.QCloudMessageUtil- Header:{Content-Type=[application/json;charset=UTF-8], Accept=[application/json;charset=UTF-8], Accept-Charset=[utf-8]}
2017-03-03 12:02:36.978 33681 [main] INFO  c.f.c.qcloud.QCloudMessageUtil- ========requestUrl = https://console.tim.qq.com/v4/im_open_login_svc/account_import?sdkappid=1400012342&identifier=admin&usersig=eJxFkFFPgzAQgP8Lrxp3lNYZ3wBnKI6YOWLUl6ahBc7ZQqBbQON-l5ERX78vl-vufrx8u7*RbYtKSCeCTnn3HnjXM9ZDi50WsnS6m7DPGCMAiz3prsfGToKAz3wSAPxLVNo6LHEelMqgvYgeq4lkm-eY7x76IOX4oSANx9cIhsZUW7fefVqTJzbpOI-CU0Llvoa64nWYrUa6unobyufgy337MUvXsYqCwzHmT26TF4-GvkBmya1NlmXqIObbzvV0qpsqKblIh0bP-I6BTyksXBZFc7ROuLHV8zN*-wBpAVcC&contenttype=json&random=161843177
2017-03-03 12:02:37.582 34285 [main] INFO  c.f.c.qcloud.QCloudMessageUtil- import user to qcloud, req = {"Identifier":"systemMessageAccount","Nick":"系统消息","FaceUrl":"http://static.feedss.com/icon_zp/system.png"}, resp = {"ActionStatus":"OK","ErrorInfo":"","ErrorCode":0}
2017-03-03 12:02:41.706 38409 [main] INFO  c.f.b.s.ApplicationEventListener- 应用刷新......
2017-03-03 12:02:41.784 38487 [main] INFO  c.f.b.s.ApplicationEventListener- 应用已启动完成......
2017-03-03 12:02:41.795 38498 [main] INFO  c.f.u.service.impl.UserServiceImpl- ini admin...
2017-03-03 12:02:41.825 38528 [main] INFO  c.f.u.service.impl.UserServiceImpl- admin has exist...
2017-03-03 12:02:41.826 38529 [main] INFO  com.feedss.FeedssApplication- Started FeedssApplication in 38.02 seconds (JVM running for 38.852)
2017-03-03 12:03:00.001 56704 [pool-3-thread-1] DEBUG com.feedss.content.task.RoomTask- 监控Room在线状态....
2017-03-03 12:03:00.002 56705 [pool-3-thread-1] DEBUG com.feedss.content.task.StreamTask- 监控stream状态....
2017-03-03 12:03:00.038 56741 [pool-3-thread-1] INFO  com.feedss.user.task.ProductTask- ******************Receive Gift Start*********************
2017-03-03 12:03:00.096 56799 [pool-3-thread-1] INFO  com.feedss.user.task.ProductTask- ******************Receive Gift End*********************
2017-03-03 12:03:00.096 56799 [pool-3-thread-1] INFO  c.f.base.util.conf.ConfigureUtil- >>>>>>>>>>>>> load config ... Fri Mar 03 12:03:00 CST 2017
2017-03-03 12:03:05.000 61703 [pool-3-thread-1] INFO  com.feedss.user.task.HostListTask- ******************host list refresh start*********************
2017-03-03 12:03:05.175 61878 [pool-3-thread-1] INFO  com.feedss.base.util.RedisUtil- cachekey = MessageUserSigac0cede113384c14b08ca7f21074cc8a
2017-03-03 12:03:05.256 61959 [pool-3-thread-1] INFO  com.feedss.base.util.RedisUtil- cachekey = MessageUserSiga97d8a1d800c437aab3b7a38b4add17b
2017-03-03 12:03:05.323 62026 [pool-3-thread-1] INFO  com.feedss.base.util.RedisUtil- cachekey = MessageUserSig20bb5bff7f524cc1a11cacd2342cf9d7
2017-03-03 12:03:05.386 62089 [pool-3-thread-1] INFO  com.feedss.base.util.RedisUtil- cachekey = MessageUserSig7193bfad78e84bd2b7297986188baa68
2017-03-03 12:03:05.452 62155 [pool-3-thread-1] INFO  com.feedss.base.util.RedisUtil- cachekey = MessageUserSigbc377dad772b4f818ee3aac1854c9060
2017-03-03 12:03:05.514 62217 [pool-3-thread-1] INFO  com.feedss.base.util.RedisUtil- cachekey = MessageUserSigb160abd0e6e84bac9b3afd42691f66cb
2017-03-03 12:03:05.582 62285 [pool-3-thread-1] INFO  com.feedss.base.util.RedisUtil- cachekey = MessageUserSig8224e985ece141eba1cb3d5cc95859f2
2017-03-03 12:03:05.601 62304 [pool-3-thread-1] INFO  com.feedss.user.task.HostListTask- ******************host list refresh end*********************
2017-03-03 12:04:00.000 116703 [pool-3-thread-1] DEBUG c.feedss.content.task.AudienceTask- 监控room观众在线状态....
2017-03-03 12:04:00.014 116717 [pool-3-thread-1] INFO  c.f.base.util.conf.ConfigureUtil- >>>>>>>>>>>>> load config ... Fri Mar 03 12:04:00 CST 2017
2017-03-03 12:04:00.069 116772 [pool-3-thread-1] INFO  com.feedss.user.task.ProductTask- ******************Receive Gift Start*********************
2017-03-03 12:04:00.110 116813 [pool-3-thread-1] INFO  com.feedss.user.task.ProductTask- ******************Receive Gift End*********************
2017-03-03 12:04:00.111 116814 [pool-3-thread-1] DEBUG com.feedss.content.task.StreamTask- 监控stream状态....
2017-03-03 12:04:05.000 121703 [pool-3-thread-1] INFO  com.feedss.user.task.HostListTask- ******************host list refresh start*********************
2017-03-03 12:04:05.088 121791 [pool-3-thread-1] INFO  com.feedss.user.task.HostListTask- ******************host list refresh end*********************
2017-03-03 12:04:59.999 176702 [pool-3-thread-1] DEBUG c.f.content.task.CategoryStreamTask- 更新分类下统计直播间和回放数量....
2017-03-03 12:05:08.734 185437 [pool-3-thread-1] INFO  com.feedss.user.task.ProductTask- ******************Receive Gift Start*********************
2017-03-03 12:05:08.775 185478 [pool-3-thread-1] INFO  com.feedss.user.task.ProductTask- ******************Receive Gift End*********************
2017-03-03 12:05:08.782 185485 [pool-3-thread-1] DEBUG com.feedss.content.task.StreamTask- 监控stream状态....
2017-03-03 12:05:08.790 185493 [pool-3-thread-1] INFO  c.f.base.util.conf.ConfigureUtil- >>>>>>>>>>>>> load config ... Fri Mar 03 12:05:08 CST 2017
2017-03-03 12:05:08.850 185553 [pool-3-thread-1] INFO  com.feedss.user.task.HostListTask- ******************host list refresh start*********************
2017-03-03 12:05:08.922 185625 [pool-3-thread-1] INFO  com.feedss.user.task.HostListTask- ******************host list refresh end*********************
2017-03-03 12:05:59.997 236700 [pool-3-thread-1] DEBUG com.feedss.content.task.RoomTask- 监控Room在线状态....
2017-03-03 12:05:59.998 236701 [pool-3-thread-1] DEBUG c.feedss.content.task.AudienceTask- 监控room观众在线状态....
2017-03-03 12:05:59.998 236701 [pool-3-thread-1] INFO  c.f.base.util.conf.ConfigureUtil- >>>>>>>>>>>>> load config ... Fri Mar 03 12:05:59 CST 2017
2017-03-03 12:06:00.062 236765 [pool-3-thread-1] DEBUG com.feedss.content.task.StreamTask- 监控stream状态....
2017-03-03 12:06:00.069 236772 [pool-3-thread-1] INFO  com.feedss.user.task.ProductTask- ******************Receive Gift Start*********************
2017-03-03 12:06:00.114 236817 [pool-3-thread-1] INFO  com.feedss.user.task.ProductTask- ******************Receive Gift End*********************
2017-03-03 12:06:05.000 241703 [pool-3-thread-1] INFO  com.feedss.user.task.HostListTask- ******************host list refresh start*********************
2017-03-03 12:06:05.087 241790 [pool-3-thread-1] INFO  com.feedss.user.task.HostListTask- ******************host list refresh end*********************
2017-03-03 12:07:00.015 296718 [pool-3-thread-1] INFO  c.f.base.util.conf.ConfigureUtil- >>>>>>>>>>>>> load config ... Fri Mar 03 12:07:00 CST 2017
2017-03-03 12:07:00.075 296778 [pool-3-thread-1] INFO  com.feedss.user.task.ProductTask- ******************Receive Gift Start*********************
2017-03-03 12:07:00.117 296820 [pool-3-thread-1] INFO  com.feedss.user.task.ProductTask- ******************Receive Gift End*********************
2017-03-03 12:07:00.118 296821 [pool-3-thread-1] DEBUG com.feedss.content.task.StreamTask- 监控stream状态....
2017-03-03 12:07:05.003 301706 [pool-3-thread-1] INFO  com.feedss.user.task.HostListTask- ******************host list refresh start*********************
2017-03-03 12:07:05.088 301791 [pool-3-thread-1] INFO  com.feedss.user.task.HostListTask- ******************host list refresh end*********************
2017-03-03 12:33:34.672 687  [main] INFO  c.f.b.s.ApplicationEventListener- 初始化环境变量......
2017-03-03 12:33:34.764 779  [main] INFO  com.feedss.FeedssApplication- Starting FeedssApplication on localhost with PID 30387 (/Users/zhouyujuan/Documents/dev/code/workspace-neon/feedss/target/classes started by zhouyujuan in /Users/zhouyujuan/Documents/dev/code/workspace-neon/feedss)
2017-03-03 12:33:34.764 779  [main] DEBUG com.feedss.FeedssApplication- Running with Spring Boot v1.4.2.RELEASE, Spring v4.3.4.RELEASE
2017-03-03 12:33:34.764 779  [main] INFO  com.feedss.FeedssApplication- The following profiles are active: test
2017-03-03 12:33:35.003 1018 [main] INFO  c.f.b.s.ApplicationEventListener- 初始化完成......
2017-03-03 12:33:41.421 7436 [main] INFO  c.f.base.util.conf.ConfigureUtil- ConfigureUtil...
2017-03-03 12:33:41.935 7950 [main] INFO  c.f.c.q.GenerateTLSSignatureUtil- init GenerateTLSSignatureUtil...
2017-03-03 12:33:41.940 7955 [main] INFO  c.f.c.qcloud.QCloudMessageUtil- init QCloudMessageUtil...
2017-03-03 12:34:30.925 658  [main] INFO  c.f.b.s.ApplicationEventListener- 初始化环境变量......
2017-03-03 12:34:31.017 750  [main] INFO  com.feedss.FeedssApplication- Starting FeedssApplication on localhost with PID 30402 (/Users/zhouyujuan/Documents/dev/code/workspace-neon/feedss/target/classes started by zhouyujuan in /Users/zhouyujuan/Documents/dev/code/workspace-neon/feedss)
2017-03-03 12:34:31.018 751  [main] DEBUG com.feedss.FeedssApplication- Running with Spring Boot v1.4.2.RELEASE, Spring v4.3.4.RELEASE
2017-03-03 12:34:31.018 751  [main] INFO  com.feedss.FeedssApplication- The following profiles are active: test
2017-03-03 12:34:31.248 981  [main] INFO  c.f.b.s.ApplicationEventListener- 初始化完成......
2017-03-03 12:34:37.517 7250 [main] INFO  c.f.base.util.conf.ConfigureUtil- ConfigureUtil...
2017-03-03 12:34:38.210 7943 [main] INFO  c.f.c.q.GenerateTLSSignatureUtil- init GenerateTLSSignatureUtil...
2017-03-03 12:34:38.215 7948 [main] INFO  c.f.c.qcloud.QCloudMessageUtil- init QCloudMessageUtil...
2017-03-03 12:35:11.022 678  [main] INFO  c.f.b.s.ApplicationEventListener- 初始化环境变量......
2017-03-03 12:35:11.123 779  [main] INFO  com.feedss.FeedssApplication- Starting FeedssApplication on localhost with PID 30414 (/Users/zhouyujuan/Documents/dev/code/workspace-neon/feedss/target/classes started by zhouyujuan in /Users/zhouyujuan/Documents/dev/code/workspace-neon/feedss)
2017-03-03 12:35:11.123 779  [main] DEBUG com.feedss.FeedssApplication- Running with Spring Boot v1.4.2.RELEASE, Spring v4.3.4.RELEASE
2017-03-03 12:35:11.123 779  [main] INFO  com.feedss.FeedssApplication- The following profiles are active: test
2017-03-03 12:35:11.383 1039 [main] INFO  c.f.b.s.ApplicationEventListener- 初始化完成......
2017-03-03 12:35:18.013 7669 [main] INFO  c.f.base.util.conf.ConfigureUtil- ConfigureUtil...
2017-03-03 12:35:18.547 8203 [main] INFO  c.f.c.q.GenerateTLSSignatureUtil- init GenerateTLSSignatureUtil...
2017-03-03 12:35:18.552 8208 [main] INFO  c.f.c.qcloud.QCloudMessageUtil- init QCloudMessageUtil...
2017-03-03 12:35:18.601 8257 [main] INFO  c.f.c.qcloud.QCloudMessageUtil- ========requestUrl = https://console.tim.qq.com/v4/openim/im_set_attr_name?sdkappid=1400012342&identifier=admin&usersig=eJxFkNFOwjAUQP9lz8a0W7stJjxMWJAJUUDR*NIU2m4XQjfbghPjv1sb0NdzcnPPvV-R03R5zbsOBOOOJUZENxGKrgKWfQdGMq6cNB5jSmmM0MUepbHQai9ihCmOE4T*JQipHSgIg1zsQZ*FhdqTWTkfTkbUqZO2eGoXZbpdm6oR5TqF3ql*3JDnh5N*X2WT0W2LXgooto-K5BjL*7uFlbviKKo8Xc7atzo5zCs0NvVrllWrYd2Qj8HgskzsWLjtt574Ol9J4rN0sJeB5xRhQv7S*WbTHrRj7rOT4RnfP*k-V*E_&contenttype=json&random=157980553
2017-03-03 12:35:18.648 8304 [main] INFO  com.feedss.base.util.HttpUtil- request url:https://console.tim.qq.com/v4/openim/im_set_attr_name?sdkappid=1400012342&identifier=admin&usersig=eJxFkNFOwjAUQP9lz8a0W7stJjxMWJAJUUDR*NIU2m4XQjfbghPjv1sb0NdzcnPPvV-R03R5zbsOBOOOJUZENxGKrgKWfQdGMq6cNB5jSmmM0MUepbHQai9ihCmOE4T*JQipHSgIg1zsQZ*FhdqTWTkfTkbUqZO2eGoXZbpdm6oR5TqF3ql*3JDnh5N*X2WT0W2LXgooto-K5BjL*7uFlbviKKo8Xc7atzo5zCs0NvVrllWrYd2Qj8HgskzsWLjtt574Ol9J4rN0sJeB5xRhQv7S*WbTHrRj7rOT4RnfP*k-V*E_&contenttype=json&random=157980553, params:{"AttrNames":{"0":"group","1":"id"}}
2017-03-03 12:35:19.912 9568 [main] INFO  com.feedss.base.util.HttpUtil- response:{"ActionStatus":"OK","ErrorInfo":"","ErrorCode":0}
2017-03-03 12:35:19.937 9593 [main] INFO  c.f.c.qcloud.QCloudMessageUtil- Header:{Content-Type=[application/json;charset=UTF-8], Accept=[application/json;charset=UTF-8], Accept-Charset=[utf-8]}
2017-03-03 12:35:20.038 9694 [main] INFO  c.f.c.qcloud.QCloudMessageUtil- ========requestUrl = https://console.tim.qq.com/v4/im_open_login_svc/account_import?sdkappid=1400012342&identifier=admin&usersig=eJxFkNFOwjAUQP9lz8a0W7stJjxMWJAJUUDR*NIU2m4XQjfbghPjv1sb0NdzcnPPvV-R03R5zbsOBOOOJUZENxGKrgKWfQdGMq6cNB5jSmmM0MUepbHQai9ihCmOE4T*JQipHSgIg1zsQZ*FhdqTWTkfTkbUqZO2eGoXZbpdm6oR5TqF3ql*3JDnh5N*X2WT0W2LXgooto-K5BjL*7uFlbviKKo8Xc7atzo5zCs0NvVrllWrYd2Qj8HgskzsWLjtt574Ol9J4rN0sJeB5xRhQv7S*WbTHrRj7rOT4RnfP*k-V*E_&contenttype=json&random=180712183
2017-03-03 12:35:20.471 10127 [main] INFO  c.f.c.qcloud.QCloudMessageUtil- import user to qcloud, req = {"Identifier":"nosessionAccount","Nick":"","FaceUrl":""}, resp = {"ActionStatus":"OK","ErrorInfo":"","ErrorCode":0}
2017-03-03 12:35:20.476 10132 [main] INFO  c.f.c.qcloud.QCloudMessageUtil- Header:{Content-Type=[application/json;charset=UTF-8], Accept=[application/json;charset=UTF-8], Accept-Charset=[utf-8]}
2017-03-03 12:35:20.482 10138 [main] INFO  c.f.c.qcloud.QCloudMessageUtil- ========requestUrl = https://console.tim.qq.com/v4/im_open_login_svc/account_import?sdkappid=1400012342&identifier=admin&usersig=eJxFkNFOwjAUQP9lz8a0W7stJjxMWJAJUUDR*NIU2m4XQjfbghPjv1sb0NdzcnPPvV-R03R5zbsOBOOOJUZENxGKrgKWfQdGMq6cNB5jSmmM0MUepbHQai9ihCmOE4T*JQipHSgIg1zsQZ*FhdqTWTkfTkbUqZO2eGoXZbpdm6oR5TqF3ql*3JDnh5N*X2WT0W2LXgooto-K5BjL*7uFlbviKKo8Xc7atzo5zCs0NvVrllWrYd2Qj8HgskzsWLjtt574Ol9J4rN0sJeB5xRhQv7S*WbTHrRj7rOT4RnfP*k-V*E_&contenttype=json&random=963923851
2017-03-03 12:35:20.971 10627 [main] INFO  c.f.c.qcloud.QCloudMessageUtil- import user to qcloud, req = {"Identifier":"systemMessageAccount","Nick":"系统消息","FaceUrl":"http://static.feedss.com/icon_zp/system.png"}, resp = {"ActionStatus":"OK","ErrorInfo":"","ErrorCode":0}
2017-03-03 12:35:24.946 14602 [main] INFO  c.f.b.s.ApplicationEventListener- 应用刷新......
2017-03-03 12:35:25.070 14726 [main] INFO  c.f.b.s.ApplicationEventListener- 应用已启动完成......
2017-03-03 12:35:25.083 14739 [main] INFO  c.f.u.service.impl.UserServiceImpl- ini admin...
2017-03-03 12:35:25.112 14768 [main] INFO  c.f.u.service.impl.UserServiceImpl- admin has exist...
2017-03-03 12:35:25.113 14769 [main] INFO  com.feedss.FeedssApplication- Started FeedssApplication in 14.428 seconds (JVM running for 14.967)
2017-03-03 12:35:59.999 49655 [pool-2-thread-1] INFO  com.feedss.user.task.ProductTask- ******************Receive Gift Start*********************
2017-03-03 12:36:00.077 49733 [pool-2-thread-1] INFO  com.feedss.user.task.ProductTask- ******************Receive Gift End*********************
2017-03-03 12:36:00.077 49733 [pool-2-thread-1] DEBUG c.feedss.content.task.AudienceTask- 监控room观众在线状态....
2017-03-03 12:36:00.077 49733 [pool-2-thread-1] DEBUG com.feedss.content.task.RoomTask- 监控Room在线状态....
2017-03-03 12:36:00.077 49733 [pool-2-thread-1] DEBUG com.feedss.content.task.StreamTask- 监控stream状态....
2017-03-03 12:36:00.123 49779 [pool-2-thread-1] INFO  c.f.base.util.conf.ConfigureUtil- >>>>>>>>>>>>> load config ... Fri Mar 03 12:36:00 CST 2017
2017-03-03 12:36:00.155 49811 [http-nio-8188-exec-1] INFO  c.f.base.spring.ControllerLogAop- request info: url:/user/start, Headers{ userId:4ba1a45e-7c43-460a-877f-73a2e774db38, userToken:c278e2758b91bc92eeb2ebab0aa7c343, deviceId:null, deviceAgent:null, deviceType:null, deviceVersion:null, appChannel:null, appVersion:null}, Params{ }, Body:{"userId":"4ba1a45e-7c43-460a-877f-73a2e774db38"}
2017-03-03 12:36:05.001 54657 [pool-2-thread-1] INFO  com.feedss.user.task.HostListTask- ******************host list refresh start*********************
2017-03-03 12:36:05.344 55000 [pool-2-thread-1] INFO  com.feedss.base.util.RedisUtil- cachekey = MessageUserSiga97d8a1d800c437aab3b7a38b4add17b
2017-03-03 12:36:05.406 55062 [pool-2-thread-1] INFO  com.feedss.base.util.RedisUtil- cachekey = MessageUserSigbc377dad772b4f818ee3aac1854c9060
2017-03-03 12:36:05.480 55136 [pool-2-thread-1] INFO  com.feedss.base.util.RedisUtil- cachekey = MessageUserSig319bb2a4f19643748d539fb6007a6197
2017-03-03 12:36:05.534 55190 [pool-2-thread-1] INFO  com.feedss.base.util.RedisUtil- cachekey = MessageUserSigb160abd0e6e84bac9b3afd42691f66cb
2017-03-03 12:36:05.584 55240 [pool-2-thread-1] INFO  com.feedss.base.util.RedisUtil- cachekey = MessageUserSigac0cede113384c14b08ca7f21074cc8a
2017-03-03 12:36:05.631 55287 [pool-2-thread-1] INFO  com.feedss.base.util.RedisUtil- cachekey = MessageUserSig8224e985ece141eba1cb3d5cc95859f2
2017-03-03 12:36:05.694 55350 [pool-2-thread-1] INFO  com.feedss.base.util.RedisUtil- cachekey = MessageUserSig8c2afb4992ed4a7bbd293c33c9f8dc30
2017-03-03 12:36:05.710 55366 [pool-2-thread-1] INFO  com.feedss.user.task.HostListTask- ******************host list refresh end*********************
2017-03-03 12:37:00.002 109658 [pool-2-thread-1] DEBUG com.feedss.content.task.StreamTask- 监控stream状态....
2017-03-03 12:37:00.014 109670 [pool-2-thread-1] INFO  c.f.base.util.conf.ConfigureUtil- >>>>>>>>>>>>> load config ... Fri Mar 03 12:37:00 CST 2017
2017-03-03 12:37:00.084 109740 [pool-2-thread-1] INFO  com.feedss.user.task.ProductTask- ******************Receive Gift Start*********************
2017-03-03 12:37:00.125 109781 [pool-2-thread-1] INFO  com.feedss.user.task.ProductTask- ******************Receive Gift End*********************
2017-03-03 12:37:05.003 114659 [pool-2-thread-1] INFO  com.feedss.user.task.HostListTask- ******************host list refresh start*********************
2017-03-03 12:37:05.111 114767 [pool-2-thread-1] INFO  com.feedss.user.task.HostListTask- ******************host list refresh end*********************
2017-03-03 12:37:59.997 169653 [pool-2-thread-1] DEBUG c.feedss.content.task.AudienceTask- 监控room观众在线状态....
2017-03-03 12:37:59.998 169654 [pool-2-thread-1] INFO  com.feedss.user.task.ProductTask- ******************Receive Gift Start*********************
2017-03-03 12:38:00.061 169717 [pool-2-thread-1] INFO  com.feedss.user.task.ProductTask- ******************Receive Gift End*********************
2017-03-03 12:38:00.061 169717 [pool-2-thread-1] INFO  c.f.base.util.conf.ConfigureUtil- >>>>>>>>>>>>> load config ... Fri Mar 03 12:38:00 CST 2017
2017-03-03 12:38:00.111 169767 [pool-2-thread-1] DEBUG com.feedss.content.task.StreamTask- 监控stream状态....
2017-03-03 12:38:05.000 174656 [pool-2-thread-1] INFO  com.feedss.user.task.HostListTask- ******************host list refresh start*********************
2017-03-03 12:38:05.093 174749 [pool-2-thread-1] INFO  com.feedss.user.task.HostListTask- ******************host list refresh end*********************
2017-03-03 12:38:59.999 229655 [pool-2-thread-1] DEBUG com.feedss.content.task.RoomTask- 监控Room在线状态....
2017-03-03 12:39:00.000 229656 [pool-2-thread-1] DEBUG com.feedss.content.task.StreamTask- 监控stream状态....
2017-03-03 12:39:00.017 229673 [pool-2-thread-1] INFO  c.f.base.util.conf.ConfigureUtil- >>>>>>>>>>>>> load config ... Fri Mar 03 12:39:00 CST 2017
2017-03-03 12:39:00.080 229736 [pool-2-thread-1] INFO  com.feedss.user.task.ProductTask- ******************Receive Gift Start*********************
2017-03-03 12:39:00.116 229772 [pool-2-thread-1] INFO  com.feedss.user.task.ProductTask- ******************Receive Gift End*********************
2017-03-03 12:39:05.001 234657 [pool-2-thread-1] INFO  com.feedss.user.task.HostListTask- ******************host list refresh start*********************
2017-03-03 12:39:05.085 234741 [pool-2-thread-1] INFO  com.feedss.user.task.HostListTask- ******************host list refresh end*********************
2017-03-03 12:39:59.996 289652 [pool-2-thread-1] DEBUG c.f.content.task.CategoryStreamTask- 更新分类下统计直播间和回放数量....
2017-03-03 12:40:01.454 291110 [pool-2-thread-1] DEBUG c.feedss.content.task.AudienceTask- 监控room观众在线状态....
2017-03-03 12:40:01.455 291111 [pool-2-thread-1] DEBUG com.feedss.content.task.StreamTask- 监控stream状态....
2017-03-03 12:40:01.473 291129 [pool-2-thread-1] INFO  c.f.base.util.conf.ConfigureUtil- >>>>>>>>>>>>> load config ... Fri Mar 03 12:40:01 CST 2017
2017-03-03 12:40:01.545 291201 [pool-2-thread-1] INFO  com.feedss.user.task.ProductTask- ******************Receive Gift Start*********************
2017-03-03 12:40:01.589 291245 [pool-2-thread-1] INFO  com.feedss.user.task.ProductTask- ******************Receive Gift End*********************
2017-03-03 12:40:04.999 294655 [pool-2-thread-1] INFO  com.feedss.user.task.HostListTask- ******************host list refresh start*********************
2017-03-03 12:40:05.075 294731 [pool-2-thread-1] INFO  com.feedss.user.task.HostListTask- ******************host list refresh end*********************
2017-03-03 12:40:59.998 349654 [pool-2-thread-1] INFO  c.f.base.util.conf.ConfigureUtil- >>>>>>>>>>>>> load config ... Fri Mar 03 12:40:59 CST 2017
2017-03-03 12:41:00.046 349702 [pool-2-thread-1] DEBUG com.feedss.content.task.StreamTask- 监控stream状态....
2017-03-03 12:41:00.054 349710 [pool-2-thread-1] INFO  com.feedss.user.task.ProductTask- ******************Receive Gift Start*********************
2017-03-03 12:41:00.094 349750 [pool-2-thread-1] INFO  com.feedss.user.task.ProductTask- ******************Receive Gift End*********************
2017-03-03 12:41:05.000 354656 [pool-2-thread-1] INFO  com.feedss.user.task.HostListTask- ******************host list refresh start*********************
2017-03-03 12:41:05.072 354728 [pool-2-thread-1] INFO  com.feedss.user.task.HostListTask- ******************host list refresh end*********************
2017-03-03 12:41:59.998 409654 [pool-2-thread-1] DEBUG com.feedss.content.task.RoomTask- 监控Room在线状态....
2017-03-03 12:41:59.998 409654 [pool-2-thread-1] DEBUG c.feedss.content.task.AudienceTask- 监控room观众在线状态....
2017-03-03 12:41:59.998 409654 [pool-2-thread-1] DEBUG com.feedss.content.task.StreamTask- 监控stream状态....
2017-03-03 12:42:00.020 409676 [pool-2-thread-1] INFO  c.f.base.util.conf.ConfigureUtil- >>>>>>>>>>>>> load config ... Fri Mar 03 12:42:00 CST 2017
2017-03-03 12:42:00.066 409722 [pool-2-thread-1] INFO  com.feedss.user.task.ProductTask- ******************Receive Gift Start*********************
2017-03-03 12:42:00.103 409759 [pool-2-thread-1] INFO  com.feedss.user.task.ProductTask- ******************Receive Gift End*********************
2017-03-03 12:42:05.003 414659 [pool-2-thread-1] INFO  com.feedss.user.task.HostListTask- ******************host list refresh start*********************
2017-03-03 12:42:05.081 414737 [pool-2-thread-1] INFO  com.feedss.user.task.HostListTask- ******************host list refresh end*********************
2017-03-03 12:43:00.003 469659 [pool-2-thread-1] INFO  c.f.base.util.conf.ConfigureUtil- >>>>>>>>>>>>> load config ... Fri Mar 03 12:43:00 CST 2017
2017-03-03 12:43:00.068 469724 [pool-2-thread-1] DEBUG com.feedss.content.task.StreamTask- 监控stream状态....
2017-03-03 12:43:00.074 469730 [pool-2-thread-1] INFO  com.feedss.user.task.ProductTask- ******************Receive Gift Start*********************
2017-03-03 12:43:00.110 469766 [pool-2-thread-1] INFO  com.feedss.user.task.ProductTask- ******************Receive Gift End*********************
2017-03-03 12:43:05.002 474658 [pool-2-thread-1] INFO  com.feedss.user.task.HostListTask- ******************host list refresh start*********************
2017-03-03 12:43:05.074 474730 [pool-2-thread-1] INFO  com.feedss.user.task.HostListTask- ******************host list refresh end*********************
2017-03-03 12:43:59.999 529655 [pool-2-thread-1] DEBUG c.feedss.content.task.AudienceTask- 监控room观众在线状态....
2017-03-03 12:44:00.011 529667 [pool-2-thread-1] INFO  com.feedss.user.task.ProductTask- ******************Receive Gift Start*********************
2017-03-03 12:44:00.052 529708 [pool-2-thread-1] INFO  com.feedss.user.task.ProductTask- ******************Receive Gift End*********************
2017-03-03 12:44:00.053 529709 [pool-2-thread-1] INFO  c.f.base.util.conf.ConfigureUtil- >>>>>>>>>>>>> load config ... Fri Mar 03 12:44:00 CST 2017
2017-03-03 12:44:00.118 529774 [pool-2-thread-1] DEBUG com.feedss.content.task.StreamTask- 监控stream状态....
2017-03-03 12:44:05.001 534657 [pool-2-thread-1] INFO  com.feedss.user.task.HostListTask- ******************host list refresh start*********************
2017-03-03 12:44:05.075 534731 [pool-2-thread-1] INFO  com.feedss.user.task.HostListTask- ******************host list refresh end*********************
2017-03-03 12:44:59.997 589653 [pool-2-thread-1] DEBUG c.f.content.task.CategoryStreamTask- 更新分类下统计直播间和回放数量....
2017-03-03 12:45:01.094 590750 [pool-2-thread-1] DEBUG com.feedss.content.task.RoomTask- 监控Room在线状态....
2017-03-03 12:45:01.095 590751 [pool-2-thread-1] DEBUG com.feedss.content.task.StreamTask- 监控stream状态....
2017-03-03 12:45:01.108 590764 [pool-2-thread-1] INFO  com.feedss.user.task.ProductTask- ******************Receive Gift Start*********************
2017-03-03 12:45:01.145 590801 [pool-2-thread-1] INFO  com.feedss.user.task.ProductTask- ******************Receive Gift End*********************
2017-03-03 12:45:01.145 590801 [pool-2-thread-1] INFO  c.f.base.util.conf.ConfigureUtil- >>>>>>>>>>>>> load config ... Fri Mar 03 12:45:01 CST 2017
2017-03-03 12:45:05.003 594659 [pool-2-thread-1] INFO  com.feedss.user.task.HostListTask- ******************host list refresh start*********************
2017-03-03 12:45:05.074 594730 [pool-2-thread-1] INFO  com.feedss.user.task.HostListTask- ******************host list refresh end*********************
2017-03-03 12:45:56.440 646096 [http-nio-8188-exec-1] INFO  c.f.base.spring.ControllerLogAop- execute info: url:/user/start, Headers{ userId:4ba1a45e-7c43-460a-877f-73a2e774db38, userToken:c278e2758b91bc92eeb2ebab0aa7c343, deviceId:null, deviceAgent:null, deviceType:null, deviceVersion:null, appChannel:null, appVersion:null}, Params{ }, Body:{"userId":"4ba1a45e-7c43-460a-877f-73a2e774db38"}, execute time len:596250ms, response data:{"body":{"code":0,"data":{"app_leftmodel_name":"众品合一","showCategory":{"onlineList":[{"name":"广场","categoryId":"c0d37690-8250-4133-b08f-fc328877a581"},{"name":"VR云女秀","categoryId":"c0d37690-8250-4133-b08f-fc328877a582"},{"name":"边看边买","categoryId":"c0d37690-8250-4133-b08f-fc328877a583"},{"name":"健康","categoryId":"c0d37690-8250-4133-b08f-fc328877a586"},{"name":"教育","categoryId":"c0d37690-8250-4133-b08f-fc328877a584"},{"name":"校园普法","categoryId":"47b4bdf4-0ff1-4442-829f-6f8033cca658"},{"name":"家居","categoryId":"8efe92a6-3b9c-4030-b8e1-d275282f223d"},{"name":"逑友","categoryId":"e596a90d-0d05-4183-a054-b2238e34f1cd"},{"name":"其他","categoryId":"c0d37690-8250-4133-b08f-fc328877a589"}],"playbackList":[{"name":"广场","categoryId":"c0d37690-8250-4133-b08f-fc328877a581"},{"name":"VR云女秀","categoryId":"c0d37690-8250-4133-b08f-fc328877a582"},{"name":"边看边买","categoryId":"c0d37690-8250-4133-b08f-fc328877a583"},{"name":"健康","categoryId":"c0d37690-8250-4133-b08f-fc328877a586"},{"name":"教育","categoryId":"c0d37690-8250-4133-b08f-fc328877a584"},{"name":"校园普法","categoryId":"47b4bdf4-0ff1-4442-829f-6f8033cca658"},{"name":"家居","categoryId":"8efe92a6-3b9c-4030-b8e1-d275282f223d"},{"name":"逑友","categoryId":"e596a90d-0d05-4183-a054-b2238e34f1cd"},{"name":"其他","categoryId":"c0d37690-8250-4133-b08f-fc328877a589"}]},"creatCategory":{"list":[{"name":"VR云女秀","categoryId":"c0d37690-8250-4133-b08f-fc328877a582"},{"name":"边看边买","categoryId":"c0d37690-8250-4133-b08f-fc328877a583"},{"name":"健康","categoryId":"c0d37690-8250-4133-b08f-fc328877a586"},{"name":"教育","categoryId":"c0d37690-8250-4133-b08f-fc328877a584"},{"name":"校园普法","categoryId":"47b4bdf4-0ff1-4442-829f-6f8033cca658"},{"name":"家居","categoryId":"8efe92a6-3b9c-4030-b8e1-d275282f223d"},{"name":"逑友","categoryId":"e596a90d-0d05-4183-a054-b2238e34f1cd"},{"name":"其他","categoryId":"c0d37690-8250-4133-b08f-fc328877a589"}],"totalCount":9},"buttons":{"leftTop":{"created":1482229242000,"iconSelectedUrl":"http://static.feedss.com/icons/search.png","iconUrl":"http://static.feedss.com/icons/search.png","id":1,"name":"搜索","position":"leftTop","rank":0,"status":1,"type":"native","updated":1482811720000,"uuid":"893dc278-6dbe-4f2e-881a-afa75cc9b7ef","viewUrl":"Search"},"centers":{"created":1486719658000,"iconUrl":"https://zplive.com/uploads/icons/rankList.png","id":13,"name":"众品榜","position":"centers","rank":0,"sort":3,"status":0,"type":"html5","updated":1486719658000,"uuid":"e0622079-4dae-4ac8-88dd-8059a6b5cfa6","viewUrl":"https://zplive.com/h5/rankList"},"tabs":{"buttons":[{"created":1482229666000,"iconSelectedUrl":"http://static.feedss.com/icons/contentSelected.png","iconUrl":"http://static.feedss.com/icons/content.png","id":3,"name":"广场","parameter":"c0d37690-8250-4133-b08f-fc328877a581","parentId":"02f0f13b-1764-42a4-aaaf-398fc970e098","position":"tabs","rank":0,"sort":1,"status":1,"type":"native","updated":1482811726000,"uuid":"c63e987f-ea6d-4338-ac2c-2e42554abffb","viewUrl":"Content"},{"created":1482229777000,"iconSelectedUrl":"http://static.feedss.com/icons/publish.png","iconUrl":"http://static.feedss.com/icons/publish.png","id":4,"name":"发布","parentId":"02f0f13b-1764-42a4-aaaf-398fc970e098","position":"tabs","rank":0,"sort":2,"status":1,"type":"native","updated":1482811717000,"uuid":"6545875c-f55a-454f-96a5-49de137d7759","viewUrl":"Publish"},{"created":1482229861000,"iconSelectedUrl":"http://static.feedss.com/icons/userCenterSelected.png","iconUrl":"http://static.feedss.com/icons/userCenter.png","id":5,"name":"我","parentId":"02f0f13b-1764-42a4-aaaf-398fc970e098","position":"tabs","rank":0,"sort":3,"status":1,"type":"native","updated":1482811713000,"uuid":"64b4e074-7d62-4098-854d-a539f256f1b0","viewUrl":"UserCenter"}],"created":1482295084000,"id":12,"name":"底部tab","position":"tabs","rank":0,"status":1,"updated":1482295126000,"uuid":"02f0f13b-1764-42a4-aaaf-398fc970e098"},"rightTop":{"created":1482229357000,"iconSelectedUrl":"http://static.feedss.com/icons/message.png","iconUrl":"http://static.feedss.com/icons/message.png","id":2,"name":"消息","position":"rightTop","rank":0,"status":1,"type":"native","updated":1482811705000,"uuid":"5da4d107-76dd-41e7-9c52-c87fc5a801b8","viewUrl":"Message"}},"app_rightmodel_name":"众品云兮","app_rightmodel_url":"https://www.zhpyx.com/","searchKeywordSuggest":["众品直播","会议","教育","公益"],"splash":{"content":"","created":1478654884000,"creator":"admin","end":1478654884000,"id":9,"location":"Splash","picUrl":"http://image.feedss.com/20161109/9eabfc14-2a12-47cf-8772-962f2c556285.jpg","playEnd":1478654884000,"playStart":1478654884000,"rank":0,"sort":0,"start":1478654884000,"status":1,"title":"test","type":"5","uuid":"46642aaf-d04e-4d8b-bec2-7783a97d7e4d"},"config":{"imSdkAccountType":"6463","imSdkAppId":"1400012342","miPushAppKey":"5561750542882","miPushAppId":"2882303761517505882"},"app_leftmodel_url":"https://www.zhphy.com/"},"msg":"ok"},"headers":{},"statusCode":"OK","statusCodeValue":200}
2017-03-03 12:45:59.997 649653 [pool-2-thread-1] DEBUG c.feedss.content.task.AudienceTask- 监控room观众在线状态....
2017-03-03 12:45:59.998 649654 [pool-2-thread-1] DEBUG com.feedss.content.task.StreamTask- 监控stream状态....
2017-03-03 12:46:00.016 649672 [pool-2-thread-1] INFO  com.feedss.user.task.ProductTask- ******************Receive Gift Start*********************
2017-03-03 12:46:00.050 649706 [pool-2-thread-1] INFO  com.feedss.user.task.ProductTask- ******************Receive Gift End*********************
2017-03-03 12:46:00.050 649706 [pool-2-thread-1] INFO  c.f.base.util.conf.ConfigureUtil- >>>>>>>>>>>>> load config ... Fri Mar 03 12:46:00 CST 2017
2017-03-03 12:46:04.999 654655 [pool-2-thread-1] INFO  com.feedss.user.task.HostListTask- ******************host list refresh start*********************
2017-03-03 12:46:05.071 654727 [pool-2-thread-1] INFO  com.feedss.user.task.HostListTask- ******************host list refresh end*********************
2017-03-03 12:47:00.002 709658 [pool-2-thread-1] DEBUG com.feedss.content.task.StreamTask- 监控stream状态....
2017-03-03 12:47:00.020 709676 [pool-2-thread-1] INFO  c.f.base.util.conf.ConfigureUtil- >>>>>>>>>>>>> load config ... Fri Mar 03 12:47:00 CST 2017
2017-03-03 12:47:00.076 709732 [pool-2-thread-1] INFO  com.feedss.user.task.ProductTask- ******************Receive Gift Start*********************
2017-03-03 12:47:00.111 709767 [pool-2-thread-1] INFO  com.feedss.user.task.ProductTask- ******************Receive Gift End*********************
2017-03-03 12:47:05.000 714656 [pool-2-thread-1] INFO  com.feedss.user.task.HostListTask- ******************host list refresh start*********************
2017-03-03 12:47:05.117 714773 [pool-2-thread-1] INFO  com.feedss.base.util.RedisUtil- cachekey = MessageUserSiga97d8a1d800c437aab3b7a38b4add17b
2017-03-03 12:47:05.170 714826 [pool-2-thread-1] INFO  com.feedss.base.util.RedisUtil- cachekey = MessageUserSigbc377dad772b4f818ee3aac1854c9060
2017-03-03 12:47:05.219 714875 [pool-2-thread-1] INFO  com.feedss.base.util.RedisUtil- cachekey = MessageUserSig319bb2a4f19643748d539fb6007a6197
2017-03-03 12:47:05.285 714941 [pool-2-thread-1] INFO  com.feedss.base.util.RedisUtil- cachekey = MessageUserSigb160abd0e6e84bac9b3afd42691f66cb
2017-03-03 12:47:05.327 714983 [pool-2-thread-1] INFO  com.feedss.base.util.RedisUtil- cachekey = MessageUserSigac0cede113384c14b08ca7f21074cc8a
2017-03-03 12:47:05.378 715034 [pool-2-thread-1] INFO  com.feedss.base.util.RedisUtil- cachekey = MessageUserSig8224e985ece141eba1cb3d5cc95859f2
2017-03-03 12:47:05.428 715084 [pool-2-thread-1] INFO  com.feedss.base.util.RedisUtil- cachekey = MessageUserSig8c2afb4992ed4a7bbd293c33c9f8dc30
2017-03-03 12:47:05.435 715091 [pool-2-thread-1] INFO  com.feedss.user.task.HostListTask- ******************host list refresh end*********************
2017-03-03 12:47:44.875 754531 [http-nio-8188-exec-3] INFO  c.f.base.spring.ControllerLogAop- request info: url:/user/start, Headers{ userId:4ba1a45e-7c43-460a-877f-73a2e774db38, userToken:c278e2758b91bc92eeb2ebab0aa7c343, deviceId:null, deviceAgent:null, deviceType:null, deviceVersion:null, appChannel:null, appVersion:null}, Params{ }, Body:{"userId":"4ba1a45e-7c43-460a-877f-73a2e774db38"}
2017-03-03 12:47:59.998 769654 [pool-2-thread-1] DEBUG com.feedss.content.task.RoomTask- 监控Room在线状态....
2017-03-03 12:47:59.998 769654 [pool-2-thread-1] DEBUG c.feedss.content.task.AudienceTask- 监控room观众在线状态....
2017-03-03 12:48:00.012 769668 [pool-2-thread-1] INFO  com.feedss.user.task.ProductTask- ******************Receive Gift Start*********************
2017-03-03 12:48:00.075 769731 [pool-2-thread-1] INFO  com.feedss.user.task.ProductTask- ******************Receive Gift End*********************
2017-03-03 12:48:00.076 769732 [pool-2-thread-1] INFO  c.f.base.util.conf.ConfigureUtil- >>>>>>>>>>>>> load config ... Fri Mar 03 12:48:00 CST 2017
2017-03-03 12:48:00.116 769772 [pool-2-thread-1] DEBUG com.feedss.content.task.StreamTask- 监控stream状态....
2017-03-03 12:48:05.001 774657 [pool-2-thread-1] INFO  com.feedss.user.task.HostListTask- ******************host list refresh start*********************
2017-03-03 12:48:05.060 774716 [pool-2-thread-1] INFO  com.feedss.user.task.HostListTask- ******************host list refresh end*********************
2017-03-03 12:48:59.999 829655 [pool-2-thread-1] INFO  com.feedss.user.task.ProductTask- ******************Receive Gift Start*********************
2017-03-03 12:49:00.041 829697 [pool-2-thread-1] INFO  com.feedss.user.task.ProductTask- ******************Receive Gift End*********************
2017-03-03 12:49:00.042 829698 [pool-2-thread-1] DEBUG com.feedss.content.task.StreamTask- 监控stream状态....
2017-03-03 12:49:00.048 829704 [pool-2-thread-1] INFO  c.f.base.util.conf.ConfigureUtil- >>>>>>>>>>>>> load config ... Fri Mar 03 12:49:00 CST 2017
2017-03-03 12:49:05.001 834657 [pool-2-thread-1] INFO  com.feedss.user.task.HostListTask- ******************host list refresh start*********************
2017-03-03 12:49:05.099 834755 [pool-2-thread-1] INFO  com.feedss.user.task.HostListTask- ******************host list refresh end*********************
2017-03-03 12:49:59.995 889651 [pool-2-thread-1] DEBUG c.f.content.task.CategoryStreamTask- 更新分类下统计直播间和回放数量....
2017-03-03 12:50:01.372 891028 [pool-2-thread-1] DEBUG c.feedss.content.task.AudienceTask- 监控room观众在线状态....
2017-03-03 12:50:01.372 891028 [pool-2-thread-1] INFO  com.feedss.user.task.ProductTask- ******************Receive Gift Start*********************
2017-03-03 12:50:01.413 891069 [pool-2-thread-1] INFO  com.feedss.user.task.ProductTask- ******************Receive Gift End*********************
2017-03-03 12:50:01.413 891069 [pool-2-thread-1] INFO  c.f.base.util.conf.ConfigureUtil- >>>>>>>>>>>>> load config ... Fri Mar 03 12:50:01 CST 2017
2017-03-03 12:50:01.453 891109 [pool-2-thread-1] DEBUG com.feedss.content.task.StreamTask- 监控stream状态....
2017-03-03 12:50:05.001 894657 [pool-2-thread-1] INFO  com.feedss.user.task.HostListTask- ******************host list refresh start*********************
2017-03-03 12:50:05.065 894721 [pool-2-thread-1] INFO  com.feedss.user.task.HostListTask- ******************host list refresh end*********************
2017-03-03 12:50:59.999 949655 [pool-2-thread-1] DEBUG com.feedss.content.task.RoomTask- 监控Room在线状态....
2017-03-03 12:51:00.000 949656 [pool-2-thread-1] DEBUG com.feedss.content.task.StreamTask- 监控stream状态....
2017-03-03 12:51:00.021 949677 [pool-2-thread-1] INFO  com.feedss.user.task.ProductTask- ******************Receive Gift Start*********************
2017-03-03 12:51:00.058 949714 [pool-2-thread-1] INFO  com.feedss.user.task.ProductTask- ******************Receive Gift End*********************
2017-03-03 12:51:00.059 949715 [pool-2-thread-1] INFO  c.f.base.util.conf.ConfigureUtil- >>>>>>>>>>>>> load config ... Fri Mar 03 12:51:00 CST 2017
2017-03-03 12:51:05.003 954659 [pool-2-thread-1] INFO  com.feedss.user.task.HostListTask- ******************host list refresh start*********************
2017-03-03 12:51:05.082 954738 [pool-2-thread-1] INFO  com.feedss.user.task.HostListTask- ******************host list refresh end*********************
2017-03-03 12:51:59.999 1009655 [pool-2-thread-1] DEBUG c.feedss.content.task.AudienceTask- 监控room观众在线状态....
2017-03-03 12:51:59.999 1009655 [pool-2-thread-1] INFO  com.feedss.user.task.ProductTask- ******************Receive Gift Start*********************
2017-03-03 12:52:00.059 1009715 [pool-2-thread-1] INFO  com.feedss.user.task.ProductTask- ******************Receive Gift End*********************
2017-03-03 12:52:00.060 1009716 [pool-2-thread-1] DEBUG com.feedss.content.task.StreamTask- 监控stream状态....
2017-03-03 12:52:00.075 1009731 [pool-2-thread-1] INFO  c.f.base.util.conf.ConfigureUtil- >>>>>>>>>>>>> load config ... Fri Mar 03 12:52:00 CST 2017
2017-03-03 12:52:05.003 1014659 [pool-2-thread-1] INFO  com.feedss.user.task.HostListTask- ******************host list refresh start*********************
2017-03-03 12:52:05.069 1014725 [pool-2-thread-1] INFO  com.feedss.user.task.HostListTask- ******************host list refresh end*********************
2017-03-03 12:52:59.999 1069655 [pool-2-thread-1] INFO  com.feedss.user.task.ProductTask- ******************Receive Gift Start*********************
2017-03-03 12:53:00.040 1069696 [pool-2-thread-1] INFO  com.feedss.user.task.ProductTask- ******************Receive Gift End*********************
2017-03-03 12:53:00.040 1069696 [pool-2-thread-1] DEBUG com.feedss.content.task.StreamTask- 监控stream状态....
2017-03-03 12:53:00.058 1069714 [pool-2-thread-1] INFO  c.f.base.util.conf.ConfigureUtil- >>>>>>>>>>>>> load config ... Fri Mar 03 12:53:00 CST 2017
2017-03-03 12:53:05.003 1074659 [pool-2-thread-1] INFO  com.feedss.user.task.HostListTask- ******************host list refresh start*********************
2017-03-03 12:53:05.061 1074717 [pool-2-thread-1] INFO  com.feedss.user.task.HostListTask- ******************host list refresh end*********************
2017-03-03 14:22:10.386 671  [main] INFO  c.f.b.s.ApplicationEventListener- 初始化环境变量......
2017-03-03 14:22:10.491 776  [main] INFO  com.feedss.FeedssApplication- Starting FeedssApplication on localhost with PID 32012 (/Users/zhouyujuan/Documents/dev/code/workspace-neon/feedss/target/classes started by zhouyujuan in /Users/zhouyujuan/Documents/dev/code/workspace-neon/feedss)
2017-03-03 14:22:10.491 776  [main] DEBUG com.feedss.FeedssApplication- Running with Spring Boot v1.4.2.RELEASE, Spring v4.3.4.RELEASE
2017-03-03 14:22:10.491 776  [main] INFO  com.feedss.FeedssApplication- The following profiles are active: test
2017-03-03 14:22:10.775 1060 [main] INFO  c.f.b.s.ApplicationEventListener- 初始化完成......
2017-03-03 14:22:18.217 8502 [main] INFO  c.f.base.util.conf.ConfigureUtil- ConfigureUtil...
2017-03-03 14:22:18.794 9079 [main] INFO  c.f.c.q.GenerateTLSSignatureUtil- init GenerateTLSSignatureUtil...
2017-03-03 14:22:18.868 9153 [main] INFO  c.f.c.qcloud.QCloudMessageUtil- init QCloudMessageUtil...
2017-03-03 14:22:18.890 9175 [main] INFO  c.f.c.qcloud.QCloudMessageUtil- ========requestUrl = https://console.tim.qq.com/v4/openim/im_set_attr_name?sdkappid=1400012342&identifier=admin&usersig=eJxFkNFOwjAUQP9lz8a0W7stJjxMWJAJUUDR*NIU2m4XQjfbghPjv1sb0NdzcnPPvV-R03R5zbsOBOOOJUZENxGKrgKWfQdGMq6cNB5jSmmM0MUepbHQai9ihCmOE4T*JQipHSgIg1zsQZ*FhdqTWTkfTkbUqZO2eGoXZbpdm6oR5TqF3ql*3JDnh5N*X2WT0W2LXgooto-K5BjL*7uFlbviKKo8Xc7atzo5zCs0NvVrllWrYd2Qj8HgskzsWLjtt574Ol9J4rN0sJeB5xRhQv7S*WbTHrRj7rOT4RnfP*k-V*E_&contenttype=json&random=352487365
2017-03-03 14:22:18.937 9222 [main] INFO  com.feedss.base.util.HttpUtil- request url:https://console.tim.qq.com/v4/openim/im_set_attr_name?sdkappid=1400012342&identifier=admin&usersig=eJxFkNFOwjAUQP9lz8a0W7stJjxMWJAJUUDR*NIU2m4XQjfbghPjv1sb0NdzcnPPvV-R03R5zbsOBOOOJUZENxGKrgKWfQdGMq6cNB5jSmmM0MUepbHQai9ihCmOE4T*JQipHSgIg1zsQZ*FhdqTWTkfTkbUqZO2eGoXZbpdm6oR5TqF3ql*3JDnh5N*X2WT0W2LXgooto-K5BjL*7uFlbviKKo8Xc7atzo5zCs0NvVrllWrYd2Qj8HgskzsWLjtt574Ol9J4rN0sJeB5xRhQv7S*WbTHrRj7rOT4RnfP*k-V*E_&contenttype=json&random=352487365, params:{"AttrNames":{"0":"group","1":"id"}}
2017-03-03 14:22:19.868 10153 [main] INFO  com.feedss.base.util.HttpUtil- response:{"ActionStatus":"OK","ErrorInfo":"","ErrorCode":0}
2017-03-03 14:22:19.932 10217 [main] INFO  c.f.c.qcloud.QCloudMessageUtil- Header:{Content-Type=[application/json;charset=UTF-8], Accept=[application/json;charset=UTF-8], Accept-Charset=[utf-8]}
2017-03-03 14:22:20.038 10323 [main] INFO  c.f.c.qcloud.QCloudMessageUtil- ========requestUrl = https://console.tim.qq.com/v4/im_open_login_svc/account_import?sdkappid=1400012342&identifier=admin&usersig=eJxFkNFOwjAUQP9lz8a0W7stJjxMWJAJUUDR*NIU2m4XQjfbghPjv1sb0NdzcnPPvV-R03R5zbsOBOOOJUZENxGKrgKWfQdGMq6cNB5jSmmM0MUepbHQai9ihCmOE4T*JQipHSgIg1zsQZ*FhdqTWTkfTkbUqZO2eGoXZbpdm6oR5TqF3ql*3JDnh5N*X2WT0W2LXgooto-K5BjL*7uFlbviKKo8Xc7atzo5zCs0NvVrllWrYd2Qj8HgskzsWLjtt574Ol9J4rN0sJeB5xRhQv7S*WbTHrRj7rOT4RnfP*k-V*E_&contenttype=json&random=554706825
2017-03-03 14:22:20.822 11107 [main] INFO  c.f.c.qcloud.QCloudMessageUtil- import user to qcloud, req = {"Identifier":"nosessionAccount","Nick":"","FaceUrl":""}, resp = {"ActionStatus":"OK","ErrorInfo":"","ErrorCode":0}
2017-03-03 14:22:20.825 11110 [main] INFO  c.f.c.qcloud.QCloudMessageUtil- Header:{Content-Type=[application/json;charset=UTF-8], Accept=[application/json;charset=UTF-8], Accept-Charset=[utf-8]}
2017-03-03 14:22:20.831 11116 [main] INFO  c.f.c.qcloud.QCloudMessageUtil- ========requestUrl = https://console.tim.qq.com/v4/im_open_login_svc/account_import?sdkappid=1400012342&identifier=admin&usersig=eJxFkNFOwjAUQP9lz8a0W7stJjxMWJAJUUDR*NIU2m4XQjfbghPjv1sb0NdzcnPPvV-R03R5zbsOBOOOJUZENxGKrgKWfQdGMq6cNB5jSmmM0MUepbHQai9ihCmOE4T*JQipHSgIg1zsQZ*FhdqTWTkfTkbUqZO2eGoXZbpdm6oR5TqF3ql*3JDnh5N*X2WT0W2LXgooto-K5BjL*7uFlbviKKo8Xc7atzo5zCs0NvVrllWrYd2Qj8HgskzsWLjtt574Ol9J4rN0sJeB5xRhQv7S*WbTHrRj7rOT4RnfP*k-V*E_&contenttype=json&random=275231436
2017-03-03 14:22:21.080 11365 [main] INFO  c.f.c.qcloud.QCloudMessageUtil- import user to qcloud, req = {"Identifier":"systemMessageAccount","Nick":"系统消息","FaceUrl":"http://static.feedss.com/icon_zp/system.png"}, resp = {"ActionStatus":"OK","ErrorInfo":"","ErrorCode":0}
2017-03-03 14:22:25.328 15613 [main] INFO  c.f.b.s.ApplicationEventListener- 应用刷新......
2017-03-03 14:22:25.401 15686 [main] INFO  c.f.b.s.ApplicationEventListener- 应用已启动完成......
2017-03-03 14:22:25.418 15703 [main] INFO  c.f.u.service.impl.UserServiceImpl- ini admin...
2017-03-03 14:22:25.455 15740 [main] INFO  c.f.u.service.impl.UserServiceImpl- admin has exist...
2017-03-03 14:22:25.457 15742 [main] INFO  com.feedss.FeedssApplication- Started FeedssApplication in 15.41 seconds (JVM running for 15.932)
2017-03-03 14:23:00.001 50286 [pool-2-thread-1] DEBUG com.feedss.content.task.StreamTask- 监控stream状态....
2017-03-03 14:23:00.100 50385 [pool-2-thread-1] INFO  com.feedss.user.task.ProductTask- ******************Receive Gift Start*********************
2017-03-03 14:23:00.158 50443 [pool-2-thread-1] INFO  com.feedss.user.task.ProductTask- ******************Receive Gift End*********************
2017-03-03 14:23:00.158 50443 [pool-2-thread-1] INFO  c.f.base.util.conf.ConfigureUtil- >>>>>>>>>>>>> load config ... Fri Mar 03 14:23:00 CST 2017
2017-03-03 14:23:05.002 55287 [pool-2-thread-1] INFO  com.feedss.user.task.HostListTask- ******************host list refresh start*********************
2017-03-03 14:23:05.177 55462 [pool-2-thread-1] INFO  com.feedss.base.util.RedisUtil- cachekey = MessageUserSiga97d8a1d800c437aab3b7a38b4add17b
2017-03-03 14:23:05.287 55572 [pool-2-thread-1] INFO  com.feedss.base.util.RedisUtil- cachekey = MessageUserSigbc377dad772b4f818ee3aac1854c9060
2017-03-03 14:23:05.377 55662 [pool-2-thread-1] INFO  com.feedss.base.util.RedisUtil- cachekey = MessageUserSig319bb2a4f19643748d539fb6007a6197
2017-03-03 14:23:05.431 55716 [pool-2-thread-1] INFO  com.feedss.base.util.RedisUtil- cachekey = MessageUserSigb160abd0e6e84bac9b3afd42691f66cb
2017-03-03 14:23:05.493 55778 [pool-2-thread-1] INFO  com.feedss.base.util.RedisUtil- cachekey = MessageUserSigac0cede113384c14b08ca7f21074cc8a
2017-03-03 14:23:05.550 55835 [pool-2-thread-1] INFO  com.feedss.base.util.RedisUtil- cachekey = MessageUserSig8224e985ece141eba1cb3d5cc95859f2
2017-03-03 14:23:05.600 55885 [pool-2-thread-1] INFO  com.feedss.base.util.RedisUtil- cachekey = MessageUserSig8c2afb4992ed4a7bbd293c33c9f8dc30
2017-03-03 14:23:05.672 55957 [pool-2-thread-1] INFO  com.feedss.user.task.HostListTask- ******************host list refresh end*********************
2017-03-03 14:36:51.177 659  [main] INFO  c.f.b.s.ApplicationEventListener- 初始化环境变量......
2017-03-03 14:36:51.277 759  [main] INFO  com.feedss.FeedssApplication- Starting FeedssApplication on localhost with PID 32304 (/Users/zhouyujuan/Documents/dev/code/workspace-neon/feedss/target/classes started by zhouyujuan in /Users/zhouyujuan/Documents/dev/code/workspace-neon/feedss)
2017-03-03 14:36:51.277 759  [main] DEBUG com.feedss.FeedssApplication- Running with Spring Boot v1.4.2.RELEASE, Spring v4.3.4.RELEASE
2017-03-03 14:36:51.277 759  [main] INFO  com.feedss.FeedssApplication- The following profiles are active: test
2017-03-03 14:36:51.519 1001 [main] INFO  c.f.b.s.ApplicationEventListener- 初始化完成......
2017-03-03 14:36:58.391 7873 [main] INFO  c.f.base.util.conf.ConfigureUtil- ConfigureUtil...
2017-03-03 14:36:58.941 8423 [main] INFO  c.f.c.q.GenerateTLSSignatureUtil- init GenerateTLSSignatureUtil...
2017-03-03 14:36:58.945 8427 [main] INFO  c.f.c.qcloud.QCloudMessageUtil- init QCloudMessageUtil...
2017-03-03 14:36:58.993 8475 [main] INFO  c.f.c.qcloud.QCloudMessageUtil- ========requestUrl = https://console.tim.qq.com/v4/openim/im_set_attr_name?sdkappid=1400012342&identifier=admin&usersig=eJxFkNFOwjAUQP9lz8a0W7stJjxMWJAJUUDR*NIU2m4XQjfbghPjv1sb0NdzcnPPvV-R03R5zbsOBOOOJUZENxGKrgKWfQdGMq6cNB5jSmmM0MUepbHQai9ihCmOE4T*JQipHSgIg1zsQZ*FhdqTWTkfTkbUqZO2eGoXZbpdm6oR5TqF3ql*3JDnh5N*X2WT0W2LXgooto-K5BjL*7uFlbviKKo8Xc7atzo5zCs0NvVrllWrYd2Qj8HgskzsWLjtt574Ol9J4rN0sJeB5xRhQv7S*WbTHrRj7rOT4RnfP*k-V*E_&contenttype=json&random=925768042
2017-03-03 14:36:59.039 8521 [main] INFO  com.feedss.base.util.HttpUtil- request url:https://console.tim.qq.com/v4/openim/im_set_attr_name?sdkappid=1400012342&identifier=admin&usersig=eJxFkNFOwjAUQP9lz8a0W7stJjxMWJAJUUDR*NIU2m4XQjfbghPjv1sb0NdzcnPPvV-R03R5zbsOBOOOJUZENxGKrgKWfQdGMq6cNB5jSmmM0MUepbHQai9ihCmOE4T*JQipHSgIg1zsQZ*FhdqTWTkfTkbUqZO2eGoXZbpdm6oR5TqF3ql*3JDnh5N*X2WT0W2LXgooto-K5BjL*7uFlbviKKo8Xc7atzo5zCs0NvVrllWrYd2Qj8HgskzsWLjtt574Ol9J4rN0sJeB5xRhQv7S*WbTHrRj7rOT4RnfP*k-V*E_&contenttype=json&random=925768042, params:{"AttrNames":{"0":"group","1":"id"}}
2017-03-03 14:37:00.022 9504 [main] INFO  com.feedss.base.util.HttpUtil- response:{"ActionStatus":"OK","ErrorInfo":"","ErrorCode":0}
2017-03-03 14:37:00.069 9551 [main] INFO  c.f.c.qcloud.QCloudMessageUtil- Header:{Content-Type=[application/json;charset=UTF-8], Accept=[application/json;charset=UTF-8], Accept-Charset=[utf-8]}
2017-03-03 14:37:00.188 9670 [main] INFO  c.f.c.qcloud.QCloudMessageUtil- ========requestUrl = https://console.tim.qq.com/v4/im_open_login_svc/account_import?sdkappid=1400012342&identifier=admin&usersig=eJxFkNFOwjAUQP9lz8a0W7stJjxMWJAJUUDR*NIU2m4XQjfbghPjv1sb0NdzcnPPvV-R03R5zbsOBOOOJUZENxGKrgKWfQdGMq6cNB5jSmmM0MUepbHQai9ihCmOE4T*JQipHSgIg1zsQZ*FhdqTWTkfTkbUqZO2eGoXZbpdm6oR5TqF3ql*3JDnh5N*X2WT0W2LXgooto-K5BjL*7uFlbviKKo8Xc7atzo5zCs0NvVrllWrYd2Qj8HgskzsWLjtt574Ol9J4rN0sJeB5xRhQv7S*WbTHrRj7rOT4RnfP*k-V*E_&contenttype=json&random=643519574
2017-03-03 14:37:00.644 10126 [main] INFO  c.f.c.qcloud.QCloudMessageUtil- import user to qcloud, req = {"Identifier":"nosessionAccount","Nick":"","FaceUrl":""}, resp = {"ActionStatus":"OK","ErrorInfo":"","ErrorCode":0}
2017-03-03 14:37:00.648 10130 [main] INFO  c.f.c.qcloud.QCloudMessageUtil- Header:{Content-Type=[application/json;charset=UTF-8], Accept=[application/json;charset=UTF-8], Accept-Charset=[utf-8]}
2017-03-03 14:37:00.657 10139 [main] INFO  c.f.c.qcloud.QCloudMessageUtil- ========requestUrl = https://console.tim.qq.com/v4/im_open_login_svc/account_import?sdkappid=1400012342&identifier=admin&usersig=eJxFkNFOwjAUQP9lz8a0W7stJjxMWJAJUUDR*NIU2m4XQjfbghPjv1sb0NdzcnPPvV-R03R5zbsOBOOOJUZENxGKrgKWfQdGMq6cNB5jSmmM0MUepbHQai9ihCmOE4T*JQipHSgIg1zsQZ*FhdqTWTkfTkbUqZO2eGoXZbpdm6oR5TqF3ql*3JDnh5N*X2WT0W2LXgooto-K5BjL*7uFlbviKKo8Xc7atzo5zCs0NvVrllWrYd2Qj8HgskzsWLjtt574Ol9J4rN0sJeB5xRhQv7S*WbTHrRj7rOT4RnfP*k-V*E_&contenttype=json&random=249169132
2017-03-03 14:37:01.271 10753 [main] INFO  c.f.c.qcloud.QCloudMessageUtil- import user to qcloud, req = {"Identifier":"systemMessageAccount","Nick":"系统消息","FaceUrl":"http://static.feedss.com/icon_zp/system.png"}, resp = {"ActionStatus":"OK","ErrorInfo":"","ErrorCode":0}
2017-03-03 14:37:05.397 14879 [main] INFO  c.f.b.s.ApplicationEventListener- 应用刷新......
2017-03-03 14:37:05.468 14950 [main] INFO  c.f.b.s.ApplicationEventListener- 应用已启动完成......
2017-03-03 14:37:05.482 14964 [main] INFO  c.f.u.service.impl.UserServiceImpl- ini admin...
2017-03-03 14:37:05.509 14991 [main] INFO  c.f.u.service.impl.UserServiceImpl- admin has exist...
2017-03-03 14:37:05.510 14992 [main] INFO  com.feedss.FeedssApplication- Started FeedssApplication in 14.647 seconds (JVM running for 15.184)
2017-03-03 14:38:00.039 69521 [pool-2-thread-1] INFO  com.feedss.user.task.ProductTask- ******************Receive Gift Start*********************
2017-03-03 14:38:00.089 69571 [pool-2-thread-1] INFO  com.feedss.user.task.ProductTask- ******************Receive Gift End*********************
2017-03-03 14:38:00.090 69572 [pool-2-thread-1] INFO  c.f.base.util.conf.ConfigureUtil- >>>>>>>>>>>>> load config ... Fri Mar 03 14:38:00 CST 2017
2017-03-03 14:38:00.153 69635 [pool-2-thread-1] DEBUG c.feedss.content.task.AudienceTask- 监控room观众在线状态....
2017-03-03 14:38:00.153 69635 [pool-2-thread-1] DEBUG com.feedss.content.task.StreamTask- 监控stream状态....
2017-03-03 14:38:05.003 74485 [pool-2-thread-1] INFO  com.feedss.user.task.HostListTask- ******************host list refresh start*********************
2017-03-03 14:38:05.180 74662 [pool-2-thread-1] INFO  com.feedss.base.util.RedisUtil- cachekey = MessageUserSiga97d8a1d800c437aab3b7a38b4add17b
2017-03-03 14:38:05.332 74814 [pool-2-thread-1] INFO  com.feedss.base.util.RedisUtil- cachekey = MessageUserSigbc377dad772b4f818ee3aac1854c9060
2017-03-03 14:38:05.404 74886 [pool-2-thread-1] INFO  com.feedss.base.util.RedisUtil- cachekey = MessageUserSig319bb2a4f19643748d539fb6007a6197
2017-03-03 14:38:05.452 74934 [pool-2-thread-1] INFO  com.feedss.base.util.RedisUtil- cachekey = MessageUserSigb160abd0e6e84bac9b3afd42691f66cb
2017-03-03 14:38:05.510 74992 [pool-2-thread-1] INFO  com.feedss.base.util.RedisUtil- cachekey = MessageUserSigac0cede113384c14b08ca7f21074cc8a
2017-03-03 14:38:05.571 75053 [pool-2-thread-1] INFO  com.feedss.base.util.RedisUtil- cachekey = MessageUserSig8224e985ece141eba1cb3d5cc95859f2
2017-03-03 14:38:05.826 75308 [pool-2-thread-1] INFO  com.feedss.base.util.RedisUtil- cachekey = MessageUserSig8c2afb4992ed4a7bbd293c33c9f8dc30
2017-03-03 14:38:05.838 75320 [pool-2-thread-1] INFO  com.feedss.user.task.HostListTask- ******************host list refresh end*********************
2017-03-03 14:39:00.000 129482 [pool-2-thread-1] DEBUG com.feedss.content.task.RoomTask- 监控Room在线状态....
2017-03-03 14:39:00.000 129482 [pool-2-thread-1] INFO  com.feedss.user.task.ProductTask- ******************Receive Gift Start*********************
2017-03-03 14:39:00.042 129524 [pool-2-thread-1] INFO  com.feedss.user.task.ProductTask- ******************Receive Gift End*********************
2017-03-03 14:39:00.042 129524 [pool-2-thread-1] DEBUG com.feedss.content.task.StreamTask- 监控stream状态....
2017-03-03 14:39:00.057 129539 [pool-2-thread-1] INFO  c.f.base.util.conf.ConfigureUtil- >>>>>>>>>>>>> load config ... Fri Mar 03 14:39:00 CST 2017
2017-03-03 14:39:05.002 134484 [pool-2-thread-1] INFO  com.feedss.user.task.HostListTask- ******************host list refresh start*********************
2017-03-03 14:39:05.099 134581 [pool-2-thread-1] INFO  com.feedss.user.task.HostListTask- ******************host list refresh end*********************
2017-03-03 14:39:59.998 189480 [pool-2-thread-1] DEBUG c.f.content.task.CategoryStreamTask- 更新分类下统计直播间和回放数量....
2017-03-03 14:40:01.029 190511 [pool-2-thread-1] DEBUG c.feedss.content.task.AudienceTask- 监控room观众在线状态....
2017-03-03 14:40:01.030 190512 [pool-2-thread-1] INFO  c.f.base.util.conf.ConfigureUtil- >>>>>>>>>>>>> load config ... Fri Mar 03 14:40:01 CST 2017
2017-03-03 14:40:01.089 190571 [pool-2-thread-1] DEBUG com.feedss.content.task.StreamTask- 监控stream状态....
2017-03-03 14:40:01.095 190577 [pool-2-thread-1] INFO  com.feedss.user.task.ProductTask- ******************Receive Gift Start*********************
2017-03-03 14:40:01.128 190610 [pool-2-thread-1] INFO  com.feedss.user.task.ProductTask- ******************Receive Gift End*********************
2017-03-03 14:40:04.999 194481 [pool-2-thread-1] INFO  com.feedss.user.task.HostListTask- ******************host list refresh start*********************
2017-03-03 14:40:05.104 194586 [pool-2-thread-1] INFO  com.feedss.user.task.HostListTask- ******************host list refresh end*********************
2017-03-03 14:41:00.000 249482 [pool-2-thread-1] INFO  com.feedss.user.task.ProductTask- ******************Receive Gift Start*********************
2017-03-03 14:41:00.048 249530 [pool-2-thread-1] INFO  com.feedss.user.task.ProductTask- ******************Receive Gift End*********************
2017-03-03 14:41:00.056 249538 [pool-2-thread-1] INFO  c.f.base.util.conf.ConfigureUtil- >>>>>>>>>>>>> load config ... Fri Mar 03 14:41:00 CST 2017
2017-03-03 14:41:00.103 249585 [pool-2-thread-1] DEBUG com.feedss.content.task.StreamTask- 监控stream状态....
2017-03-03 14:41:05.003 254485 [pool-2-thread-1] INFO  com.feedss.user.task.HostListTask- ******************host list refresh start*********************
2017-03-03 14:41:05.139 254621 [pool-2-thread-1] INFO  com.feedss.user.task.HostListTask- ******************host list refresh end*********************
2017-03-03 14:41:59.999 309481 [pool-2-thread-1] DEBUG com.feedss.content.task.RoomTask- 监控Room在线状态....
2017-03-03 14:41:59.999 309481 [pool-2-thread-1] DEBUG c.feedss.content.task.AudienceTask- 监控room观众在线状态....
2017-03-03 14:41:59.999 309481 [pool-2-thread-1] INFO  c.f.base.util.conf.ConfigureUtil- >>>>>>>>>>>>> load config ... Fri Mar 03 14:41:59 CST 2017
2017-03-03 14:42:00.049 309531 [pool-2-thread-1] DEBUG com.feedss.content.task.StreamTask- 监控stream状态....
2017-03-03 14:42:00.067 309549 [pool-2-thread-1] INFO  com.feedss.user.task.ProductTask- ******************Receive Gift Start*********************
2017-03-03 14:42:00.108 309590 [pool-2-thread-1] INFO  com.feedss.user.task.ProductTask- ******************Receive Gift End*********************
2017-03-03 14:42:13.636 658  [main] INFO  c.f.b.s.ApplicationEventListener- 初始化环境变量......
2017-03-03 14:42:13.733 755  [main] INFO  com.feedss.FeedssApplication- Starting FeedssApplication on localhost with PID 32403 (/Users/zhouyujuan/Documents/dev/code/workspace-neon/feedss/target/classes started by zhouyujuan in /Users/zhouyujuan/Documents/dev/code/workspace-neon/feedss)
2017-03-03 14:42:13.733 755  [main] DEBUG com.feedss.FeedssApplication- Running with Spring Boot v1.4.2.RELEASE, Spring v4.3.4.RELEASE
2017-03-03 14:42:13.733 755  [main] INFO  com.feedss.FeedssApplication- The following profiles are active: test
2017-03-03 14:42:13.987 1009 [main] INFO  c.f.b.s.ApplicationEventListener- 初始化完成......
2017-03-03 14:42:20.938 7960 [main] INFO  c.f.base.util.conf.ConfigureUtil- ConfigureUtil...
2017-03-03 14:42:21.480 8502 [main] INFO  c.f.c.q.GenerateTLSSignatureUtil- init GenerateTLSSignatureUtil...
2017-03-03 14:42:29.263 16285 [main] INFO  c.f.c.qcloud.QCloudMessageUtil- init QCloudMessageUtil...
2017-03-03 14:42:29.330 16352 [main] INFO  c.f.c.qcloud.QCloudMessageUtil- ========requestUrl = https://console.tim.qq.com/v4/openim/im_set_attr_name?sdkappid=1400012342&identifier=admin&usersig=eJxFkNFOwjAUQP9lz8a0W7stJjxMWJAJUUDR*NIU2m4XQjfbghPjv1sb0NdzcnPPvV-R03R5zbsOBOOOJUZENxGKrgKWfQdGMq6cNB5jSmmM0MUepbHQai9ihCmOE4T*JQipHSgIg1zsQZ*FhdqTWTkfTkbUqZO2eGoXZbpdm6oR5TqF3ql*3JDnh5N*X2WT0W2LXgooto-K5BjL*7uFlbviKKo8Xc7atzo5zCs0NvVrllWrYd2Qj8HgskzsWLjtt574Ol9J4rN0sJeB5xRhQv7S*WbTHrRj7rOT4RnfP*k-V*E_&contenttype=json&random=385816735
2017-03-03 14:42:29.377 16399 [main] INFO  com.feedss.base.util.HttpUtil- request url:https://console.tim.qq.com/v4/openim/im_set_attr_name?sdkappid=1400012342&identifier=admin&usersig=eJxFkNFOwjAUQP9lz8a0W7stJjxMWJAJUUDR*NIU2m4XQjfbghPjv1sb0NdzcnPPvV-R03R5zbsOBOOOJUZENxGKrgKWfQdGMq6cNB5jSmmM0MUepbHQai9ihCmOE4T*JQipHSgIg1zsQZ*FhdqTWTkfTkbUqZO2eGoXZbpdm6oR5TqF3ql*3JDnh5N*X2WT0W2LXgooto-K5BjL*7uFlbviKKo8Xc7atzo5zCs0NvVrllWrYd2Qj8HgskzsWLjtt574Ol9J4rN0sJeB5xRhQv7S*WbTHrRj7rOT4RnfP*k-V*E_&contenttype=json&random=385816735, params:{"AttrNames":{"0":"group","1":"id"}}
2017-03-03 14:42:30.601 17623 [main] INFO  com.feedss.base.util.HttpUtil- response:{"ActionStatus":"OK","ErrorInfo":"","ErrorCode":0}
2017-03-03 14:42:30.628 17650 [main] INFO  c.f.c.qcloud.QCloudMessageUtil- Header:{Content-Type=[application/json;charset=UTF-8], Accept=[application/json;charset=UTF-8], Accept-Charset=[utf-8]}
2017-03-03 14:42:30.716 17738 [main] INFO  c.f.c.qcloud.QCloudMessageUtil- ========requestUrl = https://console.tim.qq.com/v4/im_open_login_svc/account_import?sdkappid=1400012342&identifier=admin&usersig=eJxFkNFOwjAUQP9lz8a0W7stJjxMWJAJUUDR*NIU2m4XQjfbghPjv1sb0NdzcnPPvV-R03R5zbsOBOOOJUZENxGKrgKWfQdGMq6cNB5jSmmM0MUepbHQai9ihCmOE4T*JQipHSgIg1zsQZ*FhdqTWTkfTkbUqZO2eGoXZbpdm6oR5TqF3ql*3JDnh5N*X2WT0W2LXgooto-K5BjL*7uFlbviKKo8Xc7atzo5zCs0NvVrllWrYd2Qj8HgskzsWLjtt574Ol9J4rN0sJeB5xRhQv7S*WbTHrRj7rOT4RnfP*k-V*E_&contenttype=json&random=107949947
2017-03-03 14:42:31.507 18529 [main] INFO  c.f.c.qcloud.QCloudMessageUtil- import user to qcloud, req = {"Identifier":"nosessionAccount","Nick":"","FaceUrl":""}, resp = {"ActionStatus":"OK","ErrorInfo":"","ErrorCode":0}
2017-03-03 14:42:31.512 18534 [main] INFO  c.f.c.qcloud.QCloudMessageUtil- Header:{Content-Type=[application/json;charset=UTF-8], Accept=[application/json;charset=UTF-8], Accept-Charset=[utf-8]}
2017-03-03 14:42:31.518 18540 [main] INFO  c.f.c.qcloud.QCloudMessageUtil- ========requestUrl = https://console.tim.qq.com/v4/im_open_login_svc/account_import?sdkappid=1400012342&identifier=admin&usersig=eJxFkNFOwjAUQP9lz8a0W7stJjxMWJAJUUDR*NIU2m4XQjfbghPjv1sb0NdzcnPPvV-R03R5zbsOBOOOJUZENxGKrgKWfQdGMq6cNB5jSmmM0MUepbHQai9ihCmOE4T*JQipHSgIg1zsQZ*FhdqTWTkfTkbUqZO2eGoXZbpdm6oR5TqF3ql*3JDnh5N*X2WT0W2LXgooto-K5BjL*7uFlbviKKo8Xc7atzo5zCs0NvVrllWrYd2Qj8HgskzsWLjtt574Ol9J4rN0sJeB5xRhQv7S*WbTHrRj7rOT4RnfP*k-V*E_&contenttype=json&random=354689361
2017-03-03 14:42:32.122 19144 [main] INFO  c.f.c.qcloud.QCloudMessageUtil- import user to qcloud, req = {"Identifier":"systemMessageAccount","Nick":"系统消息","FaceUrl":"http://static.feedss.com/icon_zp/system.png"}, resp = {"ActionStatus":"OK","ErrorInfo":"","ErrorCode":0}
2017-03-03 14:42:36.105 23127 [main] INFO  c.f.b.s.ApplicationEventListener- 应用刷新......
2017-03-03 14:42:36.236 23258 [main] INFO  c.f.b.s.ApplicationEventListener- 应用已启动完成......
2017-03-03 14:42:36.251 23273 [main] INFO  c.f.u.service.impl.UserServiceImpl- ini admin...
2017-03-03 14:42:36.281 23303 [main] INFO  c.f.u.service.impl.UserServiceImpl- admin has exist...
2017-03-03 14:42:36.282 23304 [main] INFO  com.feedss.FeedssApplication- Started FeedssApplication in 22.969 seconds (JVM running for 23.502)
2017-03-03 14:43:00.003 47025 [pool-2-thread-1] INFO  c.f.base.util.conf.ConfigureUtil- >>>>>>>>>>>>> load config ... Fri Mar 03 14:43:00 CST 2017
2017-03-03 14:43:00.085 47107 [pool-2-thread-1] DEBUG com.feedss.content.task.StreamTask- 监控stream状态....
2017-03-03 14:43:00.128 47150 [pool-2-thread-1] INFO  com.feedss.user.task.ProductTask- ******************Receive Gift Start*********************
2017-03-03 14:43:00.180 47202 [pool-2-thread-1] INFO  com.feedss.user.task.ProductTask- ******************Receive Gift End*********************
2017-03-03 14:43:05.002 52024 [pool-2-thread-1] INFO  com.feedss.user.task.HostListTask- ******************host list refresh start*********************
2017-03-03 14:43:05.108 52130 [pool-2-thread-1] INFO  com.feedss.user.task.HostListTask- ******************host list refresh end*********************
2017-03-03 14:43:59.999 107021 [pool-2-thread-1] DEBUG c.feedss.content.task.AudienceTask- 监控room观众在线状态....
2017-03-03 14:43:59.999 107021 [pool-2-thread-1] DEBUG com.feedss.content.task.StreamTask- 监控stream状态....
2017-03-03 14:44:00.011 107033 [pool-2-thread-1] INFO  c.f.base.util.conf.ConfigureUtil- >>>>>>>>>>>>> load config ... Fri Mar 03 14:44:00 CST 2017
2017-03-03 14:44:00.061 107083 [pool-2-thread-1] INFO  com.feedss.user.task.ProductTask- ******************Receive Gift Start*********************
2017-03-03 14:44:00.129 107151 [pool-2-thread-1] INFO  com.feedss.user.task.ProductTask- ******************Receive Gift End*********************
2017-03-03 14:44:04.999 112021 [pool-2-thread-1] INFO  com.feedss.user.task.HostListTask- ******************host list refresh start*********************
2017-03-03 14:44:05.072 112094 [pool-2-thread-1] INFO  com.feedss.user.task.HostListTask- ******************host list refresh end*********************
2017-03-03 14:44:59.999 167021 [pool-2-thread-1] DEBUG c.f.content.task.CategoryStreamTask- 更新分类下统计直播间和回放数量....
2017-03-03 14:45:01.118 168140 [pool-2-thread-1] DEBUG com.feedss.content.task.RoomTask- 监控Room在线状态....
2017-03-03 14:45:01.118 168140 [pool-2-thread-1] INFO  com.feedss.user.task.ProductTask- ******************Receive Gift Start*********************
2017-03-03 14:45:01.153 168175 [pool-2-thread-1] INFO  com.feedss.user.task.ProductTask- ******************Receive Gift End*********************
2017-03-03 14:45:01.154 168176 [pool-2-thread-1] INFO  c.f.base.util.conf.ConfigureUtil- >>>>>>>>>>>>> load config ... Fri Mar 03 14:45:01 CST 2017
2017-03-03 14:45:01.206 168228 [pool-2-thread-1] DEBUG com.feedss.content.task.StreamTask- 监控stream状态....
2017-03-03 14:45:04.998 172020 [pool-2-thread-1] INFO  com.feedss.user.task.HostListTask- ******************host list refresh start*********************
2017-03-03 14:45:05.119 172141 [pool-2-thread-1] INFO  com.feedss.user.task.HostListTask- ******************host list refresh end*********************
2017-03-03 14:45:59.998 227020 [pool-2-thread-1] DEBUG c.feedss.content.task.AudienceTask- 监控room观众在线状态....
2017-03-03 14:45:59.998 227020 [pool-2-thread-1] INFO  com.feedss.user.task.ProductTask- ******************Receive Gift Start*********************
2017-03-03 14:46:00.040 227062 [pool-2-thread-1] INFO  com.feedss.user.task.ProductTask- ******************Receive Gift End*********************
2017-03-03 14:46:00.040 227062 [pool-2-thread-1] DEBUG com.feedss.content.task.StreamTask- 监控stream状态....
2017-03-03 14:46:00.048 227070 [pool-2-thread-1] INFO  c.f.base.util.conf.ConfigureUtil- >>>>>>>>>>>>> load config ... Fri Mar 03 14:46:00 CST 2017
2017-03-03 15:06:01.975 561  [main] INFO  c.f.b.s.ApplicationEventListener- 初始化环境变量......
2017-03-03 15:06:02.056 642  [main] INFO  com.feedss.FeedssApplication- Starting FeedssApplication on localhost with PID 32810 (/Users/zhouyujuan/Documents/dev/code/workspace-neon/feedss/target/classes started by zhouyujuan in /Users/zhouyujuan/Documents/dev/code/workspace-neon/feedss)
2017-03-03 15:06:02.056 642  [main] DEBUG com.feedss.FeedssApplication- Running with Spring Boot v1.4.2.RELEASE, Spring v4.3.4.RELEASE
2017-03-03 15:06:02.056 642  [main] INFO  com.feedss.FeedssApplication- The following profiles are active: test
2017-03-03 15:06:02.251 837  [main] INFO  c.f.b.s.ApplicationEventListener- 初始化完成......
2017-03-03 15:06:07.954 6540 [main] INFO  c.f.base.util.conf.ConfigureUtil- ConfigureUtil...
2017-03-03 15:06:08.429 7015 [main] INFO  c.f.c.q.GenerateTLSSignatureUtil- init GenerateTLSSignatureUtil...
2017-03-03 15:06:08.432 7018 [main] INFO  c.f.c.qcloud.QCloudMessageUtil- init QCloudMessageUtil...
2017-03-03 15:06:08.474 7060 [main] INFO  c.f.c.qcloud.QCloudMessageUtil- ========requestUrl = https://console.tim.qq.com/v4/openim/im_set_attr_name?sdkappid=1400012342&identifier=admin&usersig=eJxFkNFOwjAUQP9lz8a0W7stJjxMWJAJUUDR*NIU2m4XQjfbghPjv1sb0NdzcnPPvV-R03R5zbsOBOOOJUZENxGKrgKWfQdGMq6cNB5jSmmM0MUepbHQai9ihCmOE4T*JQipHSgIg1zsQZ*FhdqTWTkfTkbUqZO2eGoXZbpdm6oR5TqF3ql*3JDnh5N*X2WT0W2LXgooto-K5BjL*7uFlbviKKo8Xc7atzo5zCs0NvVrllWrYd2Qj8HgskzsWLjtt574Ol9J4rN0sJeB5xRhQv7S*WbTHrRj7rOT4RnfP*k-V*E_&contenttype=json&random=754949119
2017-03-03 15:06:08.519 7105 [main] INFO  com.feedss.base.util.HttpUtil- request url:https://console.tim.qq.com/v4/openim/im_set_attr_name?sdkappid=1400012342&identifier=admin&usersig=eJxFkNFOwjAUQP9lz8a0W7stJjxMWJAJUUDR*NIU2m4XQjfbghPjv1sb0NdzcnPPvV-R03R5zbsOBOOOJUZENxGKrgKWfQdGMq6cNB5jSmmM0MUepbHQai9ihCmOE4T*JQipHSgIg1zsQZ*FhdqTWTkfTkbUqZO2eGoXZbpdm6oR5TqF3ql*3JDnh5N*X2WT0W2LXgooto-K5BjL*7uFlbviKKo8Xc7atzo5zCs0NvVrllWrYd2Qj8HgskzsWLjtt574Ol9J4rN0sJeB5xRhQv7S*WbTHrRj7rOT4RnfP*k-V*E_&contenttype=json&random=754949119, params:{"AttrNames":{"0":"group","1":"id"}}
2017-03-03 15:06:10.398 8984 [main] INFO  com.feedss.base.util.HttpUtil- response:{"ActionStatus":"OK","ErrorInfo":"","ErrorCode":0}
2017-03-03 15:06:10.428 9014 [main] INFO  c.f.c.qcloud.QCloudMessageUtil- Header:{Content-Type=[application/json;charset=UTF-8], Accept=[application/json;charset=UTF-8], Accept-Charset=[utf-8]}
2017-03-03 15:06:10.511 9097 [main] INFO  c.f.c.qcloud.QCloudMessageUtil- ========requestUrl = https://console.tim.qq.com/v4/im_open_login_svc/account_import?sdkappid=1400012342&identifier=admin&usersig=eJxFkNFOwjAUQP9lz8a0W7stJjxMWJAJUUDR*NIU2m4XQjfbghPjv1sb0NdzcnPPvV-R03R5zbsOBOOOJUZENxGKrgKWfQdGMq6cNB5jSmmM0MUepbHQai9ihCmOE4T*JQipHSgIg1zsQZ*FhdqTWTkfTkbUqZO2eGoXZbpdm6oR5TqF3ql*3JDnh5N*X2WT0W2LXgooto-K5BjL*7uFlbviKKo8Xc7atzo5zCs0NvVrllWrYd2Qj8HgskzsWLjtt574Ol9J4rN0sJeB5xRhQv7S*WbTHrRj7rOT4RnfP*k-V*E_&contenttype=json&random=654833400
2017-03-03 15:06:11.096 9682 [main] INFO  c.f.c.qcloud.QCloudMessageUtil- import user to qcloud, req = {"Identifier":"nosessionAccount","Nick":"","FaceUrl":""}, resp = {"ActionStatus":"OK","ErrorInfo":"","ErrorCode":0}
2017-03-03 15:06:11.100 9686 [main] INFO  c.f.c.qcloud.QCloudMessageUtil- Header:{Content-Type=[application/json;charset=UTF-8], Accept=[application/json;charset=UTF-8], Accept-Charset=[utf-8]}
2017-03-03 15:06:11.105 9691 [main] INFO  c.f.c.qcloud.QCloudMessageUtil- ========requestUrl = https://console.tim.qq.com/v4/im_open_login_svc/account_import?sdkappid=1400012342&identifier=admin&usersig=eJxFkNFOwjAUQP9lz8a0W7stJjxMWJAJUUDR*NIU2m4XQjfbghPjv1sb0NdzcnPPvV-R03R5zbsOBOOOJUZENxGKrgKWfQdGMq6cNB5jSmmM0MUepbHQai9ihCmOE4T*JQipHSgIg1zsQZ*FhdqTWTkfTkbUqZO2eGoXZbpdm6oR5TqF3ql*3JDnh5N*X2WT0W2LXgooto-K5BjL*7uFlbviKKo8Xc7atzo5zCs0NvVrllWrYd2Qj8HgskzsWLjtt574Ol9J4rN0sJeB5xRhQv7S*WbTHrRj7rOT4RnfP*k-V*E_&contenttype=json&random=704686638
2017-03-03 15:06:12.028 10614 [main] INFO  c.f.c.qcloud.QCloudMessageUtil- import user to qcloud, req = {"Identifier":"systemMessageAccount","Nick":"系统消息","FaceUrl":"http://static.feedss.com/icon_zp/system.png"}, resp = {"ActionStatus":"OK","ErrorInfo":"","ErrorCode":0}
2017-03-03 15:06:15.484 14070 [main] INFO  c.f.b.s.ApplicationEventListener- 应用刷新......
2017-03-03 15:06:15.541 14127 [main] INFO  c.f.b.s.ApplicationEventListener- 应用已启动完成......
2017-03-03 15:06:15.552 14138 [main] INFO  c.f.u.service.impl.UserServiceImpl- ini admin...
2017-03-03 15:06:15.577 14163 [main] INFO  c.f.u.service.impl.UserServiceImpl- admin has exist...
2017-03-03 15:06:15.578 14164 [main] INFO  com.feedss.FeedssApplication- Started FeedssApplication in 13.875 seconds (JVM running for 14.324)
2017-03-03 15:06:59.999 58585 [pool-2-thread-1] DEBUG com.feedss.content.task.StreamTask- 监控stream状态....
2017-03-03 15:07:00.058 58644 [pool-2-thread-1] INFO  com.feedss.user.task.ProductTask- ******************Receive Gift Start*********************
2017-03-03 15:07:00.105 58691 [pool-2-thread-1] INFO  com.feedss.user.task.ProductTask- ******************Receive Gift End*********************
2017-03-03 15:07:00.105 58691 [pool-2-thread-1] INFO  c.f.base.util.conf.ConfigureUtil- >>>>>>>>>>>>> load config ... Fri Mar 03 15:07:00 CST 2017
2017-03-03 15:07:05.000 63586 [pool-2-thread-1] INFO  com.feedss.user.task.HostListTask- ******************host list refresh start*********************
2017-03-03 15:07:05.134 63720 [pool-2-thread-1] INFO  com.feedss.base.util.RedisUtil- cachekey = MessageUserSiga97d8a1d800c437aab3b7a38b4add17b
2017-03-03 15:07:05.193 63779 [pool-2-thread-1] INFO  com.feedss.base.util.RedisUtil- cachekey = MessageUserSigbc377dad772b4f818ee3aac1854c9060
2017-03-03 15:07:05.240 63826 [pool-2-thread-1] INFO  com.feedss.base.util.RedisUtil- cachekey = MessageUserSig319bb2a4f19643748d539fb6007a6197
2017-03-03 15:07:05.296 63882 [pool-2-thread-1] INFO  com.feedss.base.util.RedisUtil- cachekey = MessageUserSigb160abd0e6e84bac9b3afd42691f66cb
2017-03-03 15:07:05.341 63927 [pool-2-thread-1] INFO  com.feedss.base.util.RedisUtil- cachekey = MessageUserSigac0cede113384c14b08ca7f21074cc8a
2017-03-03 15:07:05.390 63976 [pool-2-thread-1] INFO  com.feedss.base.util.RedisUtil- cachekey = MessageUserSig8224e985ece141eba1cb3d5cc95859f2
2017-03-03 15:07:05.457 64043 [pool-2-thread-1] INFO  com.feedss.base.util.RedisUtil- cachekey = MessageUserSig8c2afb4992ed4a7bbd293c33c9f8dc30
2017-03-03 15:07:05.467 64053 [pool-2-thread-1] INFO  com.feedss.user.task.HostListTask- ******************host list refresh end*********************
2017-03-03 15:08:00.000 118586 [pool-2-thread-1] DEBUG c.feedss.content.task.AudienceTask- 监控room观众在线状态....
2017-03-03 15:08:00.000 118586 [pool-2-thread-1] DEBUG com.feedss.content.task.StreamTask- 监控stream状态....
2017-03-03 15:08:00.012 118598 [pool-2-thread-1] INFO  com.feedss.user.task.ProductTask- ******************Receive Gift Start*********************
2017-03-03 15:08:00.048 118634 [pool-2-thread-1] INFO  com.feedss.user.task.ProductTask- ******************Receive Gift End*********************
2017-03-03 15:08:00.054 118640 [pool-2-thread-1] INFO  c.f.base.util.conf.ConfigureUtil- >>>>>>>>>>>>> load config ... Fri Mar 03 15:08:00 CST 2017
2017-03-03 15:08:05.001 123587 [pool-2-thread-1] INFO  com.feedss.user.task.HostListTask- ******************host list refresh start*********************
2017-03-03 15:08:05.284 123870 [pool-2-thread-1] INFO  com.feedss.user.task.HostListTask- ******************host list refresh end*********************
2017-03-03 15:08:59.998 178584 [pool-2-thread-1] DEBUG com.feedss.content.task.RoomTask- 监控Room在线状态....
2017-03-03 15:08:59.999 178585 [pool-2-thread-1] INFO  c.f.base.util.conf.ConfigureUtil- >>>>>>>>>>>>> load config ... Fri Mar 03 15:08:59 CST 2017
2017-03-03 15:09:00.076 178662 [pool-2-thread-1] DEBUG com.feedss.content.task.StreamTask- 监控stream状态....
2017-03-03 15:09:00.083 178669 [pool-2-thread-1] INFO  com.feedss.user.task.ProductTask- ******************Receive Gift Start*********************
2017-03-03 15:09:00.118 178704 [pool-2-thread-1] INFO  com.feedss.user.task.ProductTask- ******************Receive Gift End*********************
2017-03-03 15:09:04.999 183585 [pool-2-thread-1] INFO  com.feedss.user.task.HostListTask- ******************host list refresh start*********************
2017-03-03 15:09:05.127 183713 [pool-2-thread-1] INFO  com.feedss.user.task.HostListTask- ******************host list refresh end*********************
2017-03-03 15:09:59.992 238578 [pool-2-thread-1] DEBUG c.f.content.task.CategoryStreamTask- 更新分类下统计直播间和回放数量....
2017-03-03 15:10:01.179 239765 [pool-2-thread-1] DEBUG c.feedss.content.task.AudienceTask- 监控room观众在线状态....
2017-03-03 15:10:01.180 239766 [pool-2-thread-1] INFO  c.f.base.util.conf.ConfigureUtil- >>>>>>>>>>>>> load config ... Fri Mar 03 15:10:01 CST 2017
2017-03-03 15:10:01.221 239807 [pool-2-thread-1] DEBUG com.feedss.content.task.StreamTask- 监控stream状态....
2017-03-03 15:10:01.233 239819 [pool-2-thread-1] INFO  com.feedss.user.task.ProductTask- ******************Receive Gift Start*********************
2017-03-03 15:10:01.266 239852 [pool-2-thread-1] INFO  com.feedss.user.task.ProductTask- ******************Receive Gift End*********************
2017-03-03 15:10:05.000 243586 [pool-2-thread-1] INFO  com.feedss.user.task.HostListTask- ******************host list refresh start*********************
2017-03-03 15:10:05.079 243665 [pool-2-thread-1] INFO  com.feedss.user.task.HostListTask- ******************host list refresh end*********************
2017-03-03 15:11:00.002 298588 [pool-2-thread-1] INFO  c.f.base.util.conf.ConfigureUtil- >>>>>>>>>>>>> load config ... Fri Mar 03 15:11:00 CST 2017
2017-03-03 15:11:00.054 298640 [pool-2-thread-1] DEBUG com.feedss.content.task.StreamTask- 监控stream状态....
2017-03-03 15:11:00.066 298652 [pool-2-thread-1] INFO  com.feedss.user.task.ProductTask- ******************Receive Gift Start*********************
2017-03-03 15:11:00.114 298700 [pool-2-thread-1] INFO  com.feedss.user.task.ProductTask- ******************Receive Gift End*********************
2017-03-03 15:11:04.999 303585 [pool-2-thread-1] INFO  com.feedss.user.task.HostListTask- ******************host list refresh start*********************
2017-03-03 15:11:05.082 303668 [pool-2-thread-1] INFO  com.feedss.user.task.HostListTask- ******************host list refresh end*********************
2017-03-03 15:11:59.995 358581 [pool-2-thread-1] DEBUG com.feedss.content.task.RoomTask- 监控Room在线状态....
2017-03-03 15:11:59.996 358582 [pool-2-thread-1] DEBUG c.feedss.content.task.AudienceTask- 监控room观众在线状态....
2017-03-03 15:11:59.998 358584 [pool-2-thread-1] INFO  c.f.base.util.conf.ConfigureUtil- >>>>>>>>>>>>> load config ... Fri Mar 03 15:11:59 CST 2017
2017-03-03 15:12:00.062 358648 [pool-2-thread-1] DEBUG com.feedss.content.task.StreamTask- 监控stream状态....
2017-03-03 15:12:00.071 358657 [pool-2-thread-1] INFO  com.feedss.user.task.ProductTask- ******************Receive Gift Start*********************
2017-03-03 15:12:00.117 358703 [pool-2-thread-1] INFO  com.feedss.user.task.ProductTask- ******************Receive Gift End*********************
2017-03-03 15:12:04.998 363584 [pool-2-thread-1] INFO  com.feedss.user.task.HostListTask- ******************host list refresh start*********************
2017-03-03 15:12:05.084 363670 [pool-2-thread-1] INFO  com.feedss.user.task.HostListTask- ******************host list refresh end*********************
2017-03-03 15:12:59.998 418584 [pool-2-thread-1] INFO  c.f.base.util.conf.ConfigureUtil- >>>>>>>>>>>>> load config ... Fri Mar 03 15:12:59 CST 2017
2017-03-03 15:13:00.070 418656 [pool-2-thread-1] DEBUG com.feedss.content.task.StreamTask- 监控stream状态....
2017-03-03 15:13:00.078 418664 [pool-2-thread-1] INFO  com.feedss.user.task.ProductTask- ******************Receive Gift Start*********************
2017-03-03 15:13:00.116 418702 [pool-2-thread-1] INFO  com.feedss.user.task.ProductTask- ******************Receive Gift End*********************
2017-03-03 15:13:04.999 423585 [pool-2-thread-1] INFO  com.feedss.user.task.HostListTask- ******************host list refresh start*********************
2017-03-03 15:13:05.171 423757 [pool-2-thread-1] INFO  com.feedss.user.task.HostListTask- ******************host list refresh end*********************
2017-03-03 15:13:59.999 478585 [pool-2-thread-1] DEBUG c.feedss.content.task.AudienceTask- 监控room观众在线状态....
2017-03-03 15:13:59.999 478585 [pool-2-thread-1] INFO  c.f.base.util.conf.ConfigureUtil- >>>>>>>>>>>>> load config ... Fri Mar 03 15:13:59 CST 2017
2017-03-03 15:14:00.059 478645 [pool-2-thread-1] INFO  com.feedss.user.task.ProductTask- ******************Receive Gift Start*********************
2017-03-03 15:14:00.102 478688 [pool-2-thread-1] INFO  com.feedss.user.task.ProductTask- ******************Receive Gift End*********************
2017-03-03 15:14:00.108 478694 [pool-2-thread-1] DEBUG com.feedss.content.task.StreamTask- 监控stream状态....
2017-03-03 15:14:05.002 483588 [pool-2-thread-1] INFO  com.feedss.user.task.HostListTask- ******************host list refresh start*********************
2017-03-03 15:14:05.066 483652 [pool-2-thread-1] INFO  com.feedss.user.task.HostListTask- ******************host list refresh end*********************
2017-03-03 15:14:59.994 538580 [pool-2-thread-1] DEBUG c.f.content.task.CategoryStreamTask- 更新分类下统计直播间和回放数量....
2017-03-03 15:15:00.867 539453 [pool-2-thread-1] DEBUG com.feedss.content.task.RoomTask- 监控Room在线状态....
2017-03-03 15:15:00.867 539453 [pool-2-thread-1] INFO  c.f.base.util.conf.ConfigureUtil- >>>>>>>>>>>>> load config ... Fri Mar 03 15:15:00 CST 2017
2017-03-03 15:15:00.915 539501 [pool-2-thread-1] INFO  com.feedss.user.task.ProductTask- ******************Receive Gift Start*********************
2017-03-03 15:15:00.960 539546 [pool-2-thread-1] INFO  com.feedss.user.task.ProductTask- ******************Receive Gift End*********************
2017-03-03 15:15:00.960 539546 [pool-2-thread-1] DEBUG com.feedss.content.task.StreamTask- 监控stream状态....
2017-03-03 15:15:05.002 543588 [pool-2-thread-1] INFO  com.feedss.user.task.HostListTask- ******************host list refresh start*********************
2017-03-03 15:15:05.111 543697 [pool-2-thread-1] INFO  com.feedss.user.task.HostListTask- ******************host list refresh end*********************
2017-03-03 15:15:59.998 598584 [pool-2-thread-1] DEBUG c.feedss.content.task.AudienceTask- 监控room观众在线状态....
2017-03-03 15:15:59.998 598584 [pool-2-thread-1] DEBUG com.feedss.content.task.StreamTask- 监控stream状态....
2017-03-03 15:16:00.011 598597 [pool-2-thread-1] INFO  c.f.base.util.conf.ConfigureUtil- >>>>>>>>>>>>> load config ... Fri Mar 03 15:16:00 CST 2017
2017-03-03 15:16:00.045 598631 [pool-2-thread-1] INFO  com.feedss.user.task.ProductTask- ******************Receive Gift Start*********************
2017-03-03 15:16:00.079 598665 [pool-2-thread-1] INFO  com.feedss.user.task.ProductTask- ******************Receive Gift End*********************
2017-03-03 15:16:05.001 603587 [pool-2-thread-1] INFO  com.feedss.user.task.HostListTask- ******************host list refresh start*********************
2017-03-03 15:16:05.077 603663 [pool-2-thread-1] INFO  com.feedss.user.task.HostListTask- ******************host list refresh end*********************
2017-03-03 15:16:42.125 640711 [Thread-7] INFO  c.f.b.s.ApplicationEventListener- 应用关闭......
