2017-02-24 09:59:29.063 752  [main] INFO  c.f.b.s.ApplicationEventListener- 初始化环境变量......
2017-02-24 09:59:29.166 855  [main] INFO  com.feedss.FeedssApplication- Starting FeedssApplication on localhost with PID 1458 (/Users/zhouyujuan/Documents/dev/code/workspace-neon/feedss/target/classes started by zhouyujuan in /Users/zhouyujuan/Documents/dev/code/workspace-neon/feedss)
2017-02-24 09:59:29.166 855  [main] DEBUG com.feedss.FeedssApplication- Running with Spring Boot v1.4.2.RELEASE, Spring v4.3.4.RELEASE
2017-02-24 09:59:29.166 855  [main] INFO  com.feedss.FeedssApplication- The following profiles are active: test
2017-02-24 09:59:29.414 1103 [main] INFO  c.f.b.s.ApplicationEventListener- 初始化完成......
2017-02-24 09:59:36.736 8425 [main] INFO  c.f.base.util.conf.ConfigureUtil- ConfigureUtil...
2017-02-24 09:59:37.213 8902 [main] INFO  c.f.c.q.GenerateTLSSignatureUtil- init GenerateTLSSignatureUtil...
2017-02-24 10:00:27.424 561  [main] INFO  c.f.b.s.ApplicationEventListener- 初始化环境变量......
2017-02-24 10:00:27.497 634  [main] INFO  com.feedss.FeedssApplication- Starting FeedssApplication on localhost with PID 1472 (/Users/zhouyujuan/Documents/dev/code/workspace-neon/feedss/target/classes started by zhouyujuan in /Users/zhouyujuan/Documents/dev/code/workspace-neon/feedss)
2017-02-24 10:00:27.497 634  [main] DEBUG com.feedss.FeedssApplication- Running with Spring Boot v1.4.2.RELEASE, Spring v4.3.4.RELEASE
2017-02-24 10:00:27.497 634  [main] INFO  com.feedss.FeedssApplication- The following profiles are active: test
2017-02-24 10:00:27.697 834  [main] INFO  c.f.b.s.ApplicationEventListener- 初始化完成......
2017-02-24 10:00:34.124 7261 [main] INFO  c.f.base.util.conf.ConfigureUtil- ConfigureUtil...
2017-02-24 10:00:34.582 7719 [main] INFO  c.f.c.q.GenerateTLSSignatureUtil- init GenerateTLSSignatureUtil...
2017-02-24 10:00:34.654 7791 [main] INFO  c.f.c.qcloud.QCloudMessageUtil- init QCloudMessageUtil...
2017-02-24 10:00:34.682 7819 [main] INFO  c.f.c.qcloud.QCloudMessageUtil- ========requestUrl = https://console.tim.qq.com/v4/openim/im_set_attr_name?sdkappid=1400025235&identifier=admin&usersig=eJxFkF1PwjAUhv-LbjXStWtWTLyYQPwAZgzMMG*a0nZ4MjbK2hEc8b87mxFvnycn7-ueS7BerO6EMaC4cJw0KrgPUHDrsT4baDQXhdNNj0NKKUboak*6sXCoe4FRSENMEPqXoHTtoAB-KFQF9SAs7HqynGWTl2fsNnL7qCM7X7RVJPLXTVtU6zhpYzvSZa1G5Dju3o9PE5vALNlNTylOlLiZf0z1crXfM-aZnrNxKbddh20uU-P1lhMTZ9nDNUyV3G-7ax-17TDFhA7SQaU9ZzELGSVs4ELKQ1s77r6N9s-4*QXfGVgt&contenttype=json&random=664529165
2017-02-24 10:00:34.731 7868 [main] INFO  com.feedss.base.util.HttpUtil- request url:https://console.tim.qq.com/v4/openim/im_set_attr_name?sdkappid=1400025235&identifier=admin&usersig=eJxFkF1PwjAUhv-LbjXStWtWTLyYQPwAZgzMMG*a0nZ4MjbK2hEc8b87mxFvnycn7-ueS7BerO6EMaC4cJw0KrgPUHDrsT4baDQXhdNNj0NKKUboak*6sXCoe4FRSENMEPqXoHTtoAB-KFQF9SAs7HqynGWTl2fsNnL7qCM7X7RVJPLXTVtU6zhpYzvSZa1G5Dju3o9PE5vALNlNTylOlLiZf0z1crXfM-aZnrNxKbddh20uU-P1lhMTZ9nDNUyV3G-7ax-17TDFhA7SQaU9ZzELGSVs4ELKQ1s77r6N9s-4*QXfGVgt&contenttype=json&random=664529165, params:{"AttrNames":{"0":"group","1":"id"}}
2017-02-24 10:00:36.134 9271 [main] INFO  com.feedss.base.util.HttpUtil- response:{"ActionStatus":"OK","ErrorInfo":"","ErrorCode":0}
2017-02-24 10:00:36.202 9339 [main] INFO  c.f.c.qcloud.QCloudMessageUtil- Header:{Content-Type=[application/json;charset=UTF-8], Accept=[application/json;charset=UTF-8], Accept-Charset=[utf-8]}
2017-02-24 10:00:36.305 9442 [main] INFO  c.f.c.qcloud.QCloudMessageUtil- ========requestUrl = https://console.tim.qq.com/v4/im_open_login_svc/account_import?sdkappid=1400025235&identifier=admin&usersig=eJxFkF1PwjAUhv-LbjXStWtWTLyYQPwAZgzMMG*a0nZ4MjbK2hEc8b87mxFvnycn7-ueS7BerO6EMaC4cJw0KrgPUHDrsT4baDQXhdNNj0NKKUboak*6sXCoe4FRSENMEPqXoHTtoAB-KFQF9SAs7HqynGWTl2fsNnL7qCM7X7RVJPLXTVtU6zhpYzvSZa1G5Dju3o9PE5vALNlNTylOlLiZf0z1crXfM-aZnrNxKbddh20uU-P1lhMTZ9nDNUyV3G-7ax-17TDFhA7SQaU9ZzELGSVs4ELKQ1s77r6N9s-4*QXfGVgt&contenttype=json&random=782374077
2017-02-24 10:00:37.040 10177 [main] INFO  c.f.c.qcloud.QCloudMessageUtil- import user to qcloud, req = {"Identifier":"nosessionAccount","Nick":"","FaceUrl":""}, resp = {"ActionStatus":"OK","ErrorInfo":"","ErrorCode":0}
2017-02-24 10:00:37.044 10181 [main] INFO  c.f.c.qcloud.QCloudMessageUtil- Header:{Content-Type=[application/json;charset=UTF-8], Accept=[application/json;charset=UTF-8], Accept-Charset=[utf-8]}
2017-02-24 10:00:37.048 10185 [main] INFO  c.f.c.qcloud.QCloudMessageUtil- ========requestUrl = https://console.tim.qq.com/v4/im_open_login_svc/account_import?sdkappid=1400025235&identifier=admin&usersig=eJxFkF1PwjAUhv-LbjXStWtWTLyYQPwAZgzMMG*a0nZ4MjbK2hEc8b87mxFvnycn7-ueS7BerO6EMaC4cJw0KrgPUHDrsT4baDQXhdNNj0NKKUboak*6sXCoe4FRSENMEPqXoHTtoAB-KFQF9SAs7HqynGWTl2fsNnL7qCM7X7RVJPLXTVtU6zhpYzvSZa1G5Dju3o9PE5vALNlNTylOlLiZf0z1crXfM-aZnrNxKbddh20uU-P1lhMTZ9nDNUyV3G-7ax-17TDFhA7SQaU9ZzELGSVs4ELKQ1s77r6N9s-4*QXfGVgt&contenttype=json&random=627980548
2017-02-24 10:00:37.726 10863 [main] INFO  c.f.c.qcloud.QCloudMessageUtil- import user to qcloud, req = {"Identifier":"systemMessageAccount","Nick":"系统消息","FaceUrl":"http://image.sc.feedss.com/icon/system.png"}, resp = {"ActionStatus":"OK","ErrorInfo":"","ErrorCode":0}
2017-02-24 10:00:41.050 14187 [main] INFO  c.f.b.s.ApplicationEventListener- 应用刷新......
2017-02-24 10:00:41.116 14253 [main] INFO  c.f.b.s.ApplicationEventListener- 应用已启动完成......
2017-02-24 10:00:41.127 14264 [main] INFO  c.f.u.service.impl.UserServiceImpl- ini admin...
2017-02-24 10:00:41.497 14634 [main] INFO  com.feedss.FeedssApplication- Started FeedssApplication in 14.346 seconds (JVM running for 14.791)
2017-02-24 10:01:00.025 33162 [pool-2-thread-1] INFO  com.feedss.user.task.ProductTask- ******************Receive Gift Start*********************
2017-02-24 10:01:00.089 33226 [pool-2-thread-1] INFO  com.feedss.user.task.ProductTask- ******************Receive Gift End*********************
2017-02-24 10:01:00.089 33226 [pool-2-thread-1] INFO  c.f.base.util.conf.ConfigureUtil- >>>>>>>>>>>>> load config ... Fri Feb 24 10:01:00 CST 2017
2017-02-24 10:01:00.158 33295 [pool-2-thread-1] DEBUG com.feedss.content.task.StreamTask- 监控stream状态....
2017-02-24 10:01:05.002 38139 [pool-2-thread-1] INFO  com.feedss.user.task.HostListTask- ******************host list refresh start*********************
2017-02-24 10:01:05.032 38169 [pool-2-thread-1] INFO  com.feedss.user.task.HostListTask- ******************host list refresh end*********************
2017-02-24 10:02:00.001 93138 [pool-2-thread-1] DEBUG c.feedss.content.task.AudienceTask- 监控room观众在线状态....
2017-02-24 10:02:00.001 93138 [pool-2-thread-1] INFO  com.feedss.user.task.ProductTask- ******************Receive Gift Start*********************
2017-02-24 10:02:00.037 93174 [pool-2-thread-1] INFO  com.feedss.user.task.ProductTask- ******************Receive Gift End*********************
2017-02-24 10:02:00.038 93175 [pool-2-thread-1] DEBUG com.feedss.content.task.StreamTask- 监控stream状态....
2017-02-24 10:02:00.048 93185 [pool-2-thread-1] INFO  c.f.base.util.conf.ConfigureUtil- >>>>>>>>>>>>> load config ... Fri Feb 24 10:02:00 CST 2017
2017-02-24 10:02:05.002 98139 [pool-2-thread-1] INFO  com.feedss.user.task.HostListTask- ******************host list refresh start*********************
2017-02-24 10:02:05.027 98164 [pool-2-thread-1] INFO  com.feedss.user.task.HostListTask- ******************host list refresh end*********************
2017-02-24 10:02:59.999 153136 [pool-2-thread-1] DEBUG com.feedss.content.task.RoomTask- 监控Room在线状态....
2017-02-24 10:02:59.999 153136 [pool-2-thread-1] INFO  com.feedss.user.task.ProductTask- ******************Receive Gift Start*********************
2017-02-24 10:03:00.043 153180 [pool-2-thread-1] INFO  com.feedss.user.task.ProductTask- ******************Receive Gift End*********************
2017-02-24 10:03:00.052 153189 [pool-2-thread-1] INFO  c.f.base.util.conf.ConfigureUtil- >>>>>>>>>>>>> load config ... Fri Feb 24 10:03:00 CST 2017
2017-02-24 10:03:00.119 153256 [pool-2-thread-1] DEBUG com.feedss.content.task.StreamTask- 监控stream状态....
2017-02-24 10:03:04.227 157364 [Thread-7] INFO  c.f.b.s.ApplicationEventListener- 应用关闭......
